21:25:15.998 [restartedMain] INFO  c.x.e.MyApplication - [logStarting,55] - Starting MyApplication using Java 18.0.2.1 on DESKTOP-TNHFM8P with PID 22240 (E:\test_project\annotation\target\classes started by 73922 in E:\test_project\annotation)
21:25:16.017 [restartedMain] INFO  c.x.e.MyApplication - [logStartupProfileInfo,638] - The following 1 profile is active: "dev"
21:25:16.063 [background-preinit] INFO  o.h.v.i.util.Version - [<clinit>,21] - HV000001: Hibernate Validator 6.2.5.Final
21:25:19.751 [restartedMain] INFO  o.d.c.GlobalSettings - [loadGlobalSettings,113] - Trying to find Dozer configuration file: dozer.properties
21:25:19.788 [restartedMain] INFO  o.d.DozerInitializer - [init,75] - Initializing Dozer. Version: 5.5.0, Thread Name: restartedMain
21:25:19.800 [restartedMain] INFO  o.d.j.JMXPlatformImpl - [register,66] - Dozer JMX MBean [org.dozer.jmx:type=DozerStatisticsController] auto registered with the Platform MBean Server
21:25:19.802 [restartedMain] INFO  o.d.j.JMXPlatformImpl - [register,66] - Dozer JMX MBean [org.dozer.jmx:type=DozerAdminController] auto registered with the Platform MBean Server
21:25:19.803 [restartedMain] INFO  o.d.DozerBeanMapper - [init,175] - Initializing a new instance of dozer bean mapper.
21:25:22.044 [restartedMain] INFO  io.undertow.servlet - [log,389] - Initializing Spring embedded WebApplicationContext
21:25:23.375 [restartedMain] INFO  c.x.e.c.u.i.IpRegionUtils - [init,29] - init ip region db path [E:\test_project\annotation\temp\ip2region.xdb]
21:25:23.528 [restartedMain] INFO  c.x.e.c.u.i.IpRegionUtils - [init,43] - bean [org.lionsoul.ip2region.xdb.Searcher@680dd4c7]
21:25:23.543 [restartedMain] INFO  o.d.DozerBeanMapper - [init,175] - Initializing a new instance of dozer bean mapper.
21:25:23.893 [restartedMain] INFO  c.a.d.s.b.a.DruidDataSourceAutoConfigure - [dataSource,55] - Init DruidDataSource
21:25:24.421 [restartedMain] INFO  c.a.d.p.DruidDataSource - [init,985] - {dataSource-1} inited
21:26:13.119 [Druid-ConnectionPool-Create-1053911010] INFO  c.a.d.p.DruidAbstractDataSource - [setFailContinuous,1883] - {dataSource-1} failContinuous is true
21:34:32.229 [restartedMain] INFO  c.x.e.MyApplication - [logStarting,55] - Starting MyApplication using Java 18.0.2.1 on DESKTOP-TNHFM8P with PID 1832 (E:\test_project\annotation\target\classes started by 73922 in E:\test_project\annotation)
21:34:32.236 [restartedMain] INFO  c.x.e.MyApplication - [logStartupProfileInfo,638] - The following 1 profile is active: "dev"
21:34:32.239 [background-preinit] INFO  o.h.v.i.util.Version - [<clinit>,21] - HV000001: Hibernate Validator 6.2.5.Final
21:34:35.737 [restartedMain] INFO  o.d.c.GlobalSettings - [loadGlobalSettings,113] - Trying to find Dozer configuration file: dozer.properties
21:34:35.771 [restartedMain] INFO  o.d.DozerInitializer - [init,75] - Initializing Dozer. Version: 5.5.0, Thread Name: restartedMain
21:34:35.775 [restartedMain] INFO  o.d.j.JMXPlatformImpl - [register,66] - Dozer JMX MBean [org.dozer.jmx:type=DozerStatisticsController] auto registered with the Platform MBean Server
21:34:35.778 [restartedMain] INFO  o.d.j.JMXPlatformImpl - [register,66] - Dozer JMX MBean [org.dozer.jmx:type=DozerAdminController] auto registered with the Platform MBean Server
21:34:35.780 [restartedMain] INFO  o.d.DozerBeanMapper - [init,175] - Initializing a new instance of dozer bean mapper.
21:34:37.771 [restartedMain] INFO  io.undertow.servlet - [log,389] - Initializing Spring embedded WebApplicationContext
21:34:38.764 [restartedMain] INFO  c.x.e.c.u.i.IpRegionUtils - [init,29] - init ip region db path [E:\test_project\annotation\temp\ip2region.xdb]
21:34:38.943 [restartedMain] INFO  c.x.e.c.u.i.IpRegionUtils - [init,43] - bean [org.lionsoul.ip2region.xdb.Searcher@594a1fd8]
21:34:38.961 [restartedMain] INFO  o.d.DozerBeanMapper - [init,175] - Initializing a new instance of dozer bean mapper.
21:34:39.264 [restartedMain] INFO  c.a.d.s.b.a.DruidDataSourceAutoConfigure - [dataSource,55] - Init DruidDataSource
21:34:39.519 [restartedMain] INFO  c.a.d.p.DruidDataSource - [init,985] - {dataSource-1} inited
21:34:52.351 [Druid-ConnectionPool-Create-868959686] INFO  c.a.d.p.DruidAbstractDataSource - [setFailContinuous,1883] - {dataSource-1} failContinuous is true
21:38:10.109 [background-preinit] INFO  o.h.v.i.util.Version - [<clinit>,21] - HV000001: Hibernate Validator 6.2.5.Final
21:38:10.148 [restartedMain] INFO  c.x.e.MyApplication - [logStarting,55] - Starting MyApplication using Java 18.0.2.1 on DESKTOP-TNHFM8P with PID 14492 (E:\test_project\annotation\target\classes started by 73922 in E:\test_project\annotation)
21:38:10.152 [restartedMain] INFO  c.x.e.MyApplication - [logStartupProfileInfo,638] - The following 1 profile is active: "dev"
21:38:12.240 [restartedMain] INFO  o.d.c.GlobalSettings - [loadGlobalSettings,113] - Trying to find Dozer configuration file: dozer.properties
21:38:12.252 [restartedMain] INFO  o.d.DozerInitializer - [init,75] - Initializing Dozer. Version: 5.5.0, Thread Name: restartedMain
21:38:12.255 [restartedMain] INFO  o.d.j.JMXPlatformImpl - [register,66] - Dozer JMX MBean [org.dozer.jmx:type=DozerStatisticsController] auto registered with the Platform MBean Server
21:38:12.256 [restartedMain] INFO  o.d.j.JMXPlatformImpl - [register,66] - Dozer JMX MBean [org.dozer.jmx:type=DozerAdminController] auto registered with the Platform MBean Server
21:38:12.257 [restartedMain] INFO  o.d.DozerBeanMapper - [init,175] - Initializing a new instance of dozer bean mapper.
21:38:13.308 [restartedMain] INFO  io.undertow.servlet - [log,389] - Initializing Spring embedded WebApplicationContext
21:38:13.878 [restartedMain] INFO  c.x.e.c.u.i.IpRegionUtils - [init,29] - init ip region db path [E:\test_project\annotation\temp\ip2region.xdb]
21:38:13.923 [restartedMain] INFO  c.x.e.c.u.i.IpRegionUtils - [init,43] - bean [org.lionsoul.ip2region.xdb.Searcher@71fe1187]
21:38:13.933 [restartedMain] INFO  o.d.DozerBeanMapper - [init,175] - Initializing a new instance of dozer bean mapper.
21:38:14.172 [restartedMain] INFO  c.a.d.s.b.a.DruidDataSourceAutoConfigure - [dataSource,55] - Init DruidDataSource
21:38:14.321 [restartedMain] INFO  c.a.d.p.DruidDataSource - [init,985] - {dataSource-1} inited
21:38:17.753 [Druid-ConnectionPool-Create-1705400739] INFO  c.a.d.p.DruidAbstractDataSource - [setFailContinuous,1883] - {dataSource-1} failContinuous is true
21:38:52.761 [background-preinit] INFO  o.h.v.i.util.Version - [<clinit>,21] - HV000001: Hibernate Validator 6.2.5.Final
21:38:52.761 [restartedMain] INFO  c.x.e.MyApplication - [logStarting,55] - Starting MyApplication using Java 18.0.2.1 on DESKTOP-TNHFM8P with PID 21832 (E:\test_project\annotation\target\classes started by 73922 in E:\test_project\annotation)
21:38:52.769 [restartedMain] INFO  c.x.e.MyApplication - [logStartupProfileInfo,638] - The following 1 profile is active: "dev"
21:38:55.092 [restartedMain] INFO  o.d.c.GlobalSettings - [loadGlobalSettings,113] - Trying to find Dozer configuration file: dozer.properties
21:38:55.106 [restartedMain] INFO  o.d.DozerInitializer - [init,75] - Initializing Dozer. Version: 5.5.0, Thread Name: restartedMain
21:38:55.109 [restartedMain] INFO  o.d.j.JMXPlatformImpl - [register,66] - Dozer JMX MBean [org.dozer.jmx:type=DozerStatisticsController] auto registered with the Platform MBean Server
21:38:55.110 [restartedMain] INFO  o.d.j.JMXPlatformImpl - [register,66] - Dozer JMX MBean [org.dozer.jmx:type=DozerAdminController] auto registered with the Platform MBean Server
21:38:55.110 [restartedMain] INFO  o.d.DozerBeanMapper - [init,175] - Initializing a new instance of dozer bean mapper.
21:38:56.137 [restartedMain] INFO  io.undertow.servlet - [log,389] - Initializing Spring embedded WebApplicationContext
21:38:56.690 [restartedMain] INFO  c.x.e.c.u.i.IpRegionUtils - [init,29] - init ip region db path [E:\test_project\annotation\temp\ip2region.xdb]
21:38:56.730 [restartedMain] INFO  c.x.e.c.u.i.IpRegionUtils - [init,43] - bean [org.lionsoul.ip2region.xdb.Searcher@2faef985]
21:38:56.740 [restartedMain] INFO  o.d.DozerBeanMapper - [init,175] - Initializing a new instance of dozer bean mapper.
21:38:56.918 [restartedMain] INFO  c.a.d.s.b.a.DruidDataSourceAutoConfigure - [dataSource,55] - Init DruidDataSource
21:38:57.085 [restartedMain] INFO  c.a.d.p.DruidDataSource - [init,985] - {dataSource-1} inited
21:39:05.226 [restartedMain] INFO  io.undertow - [start,120] - starting server: Undertow - 2.2.28.Final
21:39:05.270 [restartedMain] INFO  org.xnio - [<clinit>,95] - XNIO version 3.8.7.Final
21:39:05.275 [restartedMain] INFO  org.xnio.nio - [<clinit>,58] - XNIO NIO Implementation Version 3.8.7.Final
21:39:05.329 [restartedMain] INFO  org.jboss.threads - [<clinit>,52] - JBoss Threads version 3.1.0.Final
21:39:05.410 [restartedMain] INFO  c.x.e.MyApplication - [logStarted,61] - Started MyApplication in 13.416 seconds (JVM running for 14.854)
21:40:00.008 [schedule-pool-1] INFO  c.x.e.t.EveryMinuteEventTask - [updateExamStatus,33] - 更新考试项目,考试状态的状态...开始
21:40:00.121 [schedule-pool-1] INFO  c.x.e.t.EveryMinuteEventTask - [updateExamStatus,57] - 更新考试项目,考试状态的状态...结束
21:40:24.941 [Thread-5] INFO  io.undertow - [stop,259] - stopping server: Undertow - 2.2.28.Final
21:40:24.998 [Thread-5] INFO  c.a.d.p.DruidDataSource - [close,2105] - {dataSource-1} closing ...
21:40:25.015 [Thread-5] INFO  c.a.d.p.DruidDataSource - [close,2178] - {dataSource-1} closed
21:40:26.957 [restartedMain] INFO  c.x.e.MyApplication - [logStarting,55] - Starting MyApplication using Java 18.0.2.1 on DESKTOP-TNHFM8P with PID 21832 (E:\test_project\annotation\target\classes started by 73922 in E:\test_project\annotation)
21:40:26.958 [restartedMain] INFO  c.x.e.MyApplication - [logStartupProfileInfo,638] - The following 1 profile is active: "dev"
21:40:29.087 [restartedMain] INFO  o.d.DozerBeanMapper - [init,175] - Initializing a new instance of dozer bean mapper.
21:40:29.532 [restartedMain] INFO  io.undertow.servlet - [log,389] - Initializing Spring embedded WebApplicationContext
21:40:29.776 [restartedMain] INFO  c.x.e.c.u.i.IpRegionUtils - [init,29] - init ip region db path [E:\test_project\annotation\temp\ip2region.xdb]
21:40:29.874 [restartedMain] INFO  c.x.e.c.u.i.IpRegionUtils - [init,43] - bean [org.lionsoul.ip2region.xdb.Searcher@a65ac2]
21:40:29.892 [restartedMain] INFO  o.d.DozerBeanMapper - [init,175] - Initializing a new instance of dozer bean mapper.
21:40:30.077 [restartedMain] INFO  c.a.d.s.b.a.DruidDataSourceAutoConfigure - [dataSource,55] - Init DruidDataSource
21:40:30.182 [restartedMain] INFO  c.a.d.p.DruidDataSource - [init,985] - {dataSource-2} inited
21:40:38.792 [restartedMain] INFO  io.undertow - [start,120] - starting server: Undertow - 2.2.28.Final
21:40:38.835 [restartedMain] INFO  c.x.e.MyApplication - [logStarted,61] - Started MyApplication in 12.028 seconds (JVM running for 108.279)
21:41:00.006 [schedule-pool-1] INFO  c.x.e.t.EveryMinuteEventTask - [updateExamStatus,33] - 更新考试项目,考试状态的状态...开始
21:41:00.071 [schedule-pool-1] INFO  c.x.e.t.EveryMinuteEventTask - [updateExamStatus,57] - 更新考试项目,考试状态的状态...结束
21:42:00.007 [schedule-pool-1] INFO  c.x.e.t.EveryMinuteEventTask - [updateExamStatus,33] - 更新考试项目,考试状态的状态...开始
21:42:00.051 [schedule-pool-1] INFO  c.x.e.t.EveryMinuteEventTask - [updateExamStatus,57] - 更新考试项目,考试状态的状态...结束
21:43:00.010 [schedule-pool-1] INFO  c.x.e.t.EveryMinuteEventTask - [updateExamStatus,33] - 更新考试项目,考试状态的状态...开始
21:43:00.054 [schedule-pool-1] INFO  c.x.e.t.EveryMinuteEventTask - [updateExamStatus,57] - 更新考试项目,考试状态的状态...结束
21:44:00.005 [schedule-pool-1] INFO  c.x.e.t.EveryMinuteEventTask - [updateExamStatus,33] - 更新考试项目,考试状态的状态...开始
21:44:00.063 [schedule-pool-1] INFO  c.x.e.t.EveryMinuteEventTask - [updateExamStatus,57] - 更新考试项目,考试状态的状态...结束
21:45:00.012 [schedule-pool-1] INFO  c.x.e.t.EveryMinuteEventTask - [updateExamStatus,33] - 更新考试项目,考试状态的状态...开始
21:45:00.077 [schedule-pool-1] INFO  c.x.e.t.EveryMinuteEventTask - [updateExamStatus,57] - 更新考试项目,考试状态的状态...结束
21:46:00.009 [schedule-pool-1] INFO  c.x.e.t.EveryMinuteEventTask - [updateExamStatus,33] - 更新考试项目,考试状态的状态...开始
21:46:00.070 [schedule-pool-1] INFO  c.x.e.t.EveryMinuteEventTask - [updateExamStatus,57] - 更新考试项目,考试状态的状态...结束
21:47:00.029 [schedule-pool-1] INFO  c.x.e.t.EveryMinuteEventTask - [updateExamStatus,33] - 更新考试项目,考试状态的状态...开始
21:47:00.084 [schedule-pool-1] INFO  c.x.e.t.EveryMinuteEventTask - [updateExamStatus,57] - 更新考试项目,考试状态的状态...结束
21:48:00.008 [schedule-pool-1] INFO  c.x.e.t.EveryMinuteEventTask - [updateExamStatus,33] - 更新考试项目,考试状态的状态...开始
21:48:00.072 [schedule-pool-1] INFO  c.x.e.t.EveryMinuteEventTask - [updateExamStatus,57] - 更新考试项目,考试状态的状态...结束
21:49:00.013 [schedule-pool-1] INFO  c.x.e.t.EveryMinuteEventTask - [updateExamStatus,33] - 更新考试项目,考试状态的状态...开始
21:49:00.062 [schedule-pool-1] INFO  c.x.e.t.EveryMinuteEventTask - [updateExamStatus,57] - 更新考试项目,考试状态的状态...结束
21:50:00.004 [schedule-pool-1] INFO  c.x.e.t.EveryMinuteEventTask - [updateExamStatus,33] - 更新考试项目,考试状态的状态...开始
21:50:00.041 [schedule-pool-1] INFO  c.x.e.t.EveryMinuteEventTask - [updateExamStatus,57] - 更新考试项目,考试状态的状态...结束
21:51:00.013 [schedule-pool-1] INFO  c.x.e.t.EveryMinuteEventTask - [updateExamStatus,33] - 更新考试项目,考试状态的状态...开始
21:51:00.074 [schedule-pool-1] INFO  c.x.e.t.EveryMinuteEventTask - [updateExamStatus,57] - 更新考试项目,考试状态的状态...结束
21:52:00.004 [schedule-pool-1] INFO  c.x.e.t.EveryMinuteEventTask - [updateExamStatus,33] - 更新考试项目,考试状态的状态...开始
21:52:00.045 [schedule-pool-1] INFO  c.x.e.t.EveryMinuteEventTask - [updateExamStatus,57] - 更新考试项目,考试状态的状态...结束
21:53:00.011 [schedule-pool-1] INFO  c.x.e.t.EveryMinuteEventTask - [updateExamStatus,33] - 更新考试项目,考试状态的状态...开始
21:53:00.045 [schedule-pool-1] INFO  c.x.e.t.EveryMinuteEventTask - [updateExamStatus,57] - 更新考试项目,考试状态的状态...结束
21:54:00.009 [schedule-pool-1] INFO  c.x.e.t.EveryMinuteEventTask - [updateExamStatus,33] - 更新考试项目,考试状态的状态...开始
21:54:00.056 [schedule-pool-1] INFO  c.x.e.t.EveryMinuteEventTask - [updateExamStatus,57] - 更新考试项目,考试状态的状态...结束
21:55:00.004 [schedule-pool-1] INFO  c.x.e.t.EveryMinuteEventTask - [updateExamStatus,33] - 更新考试项目,考试状态的状态...开始
21:55:00.064 [schedule-pool-1] INFO  c.x.e.t.EveryMinuteEventTask - [updateExamStatus,57] - 更新考试项目,考试状态的状态...结束
21:55:55.878 [SpringApplicationShutdownHook] INFO  io.undertow - [stop,259] - stopping server: Undertow - 2.2.28.Final
21:55:55.894 [SpringApplicationShutdownHook] INFO  c.a.d.p.DruidDataSource - [close,2105] - {dataSource-2} closing ...
21:55:55.897 [SpringApplicationShutdownHook] INFO  c.a.d.p.DruidDataSource - [close,2178] - {dataSource-2} closed
