22:44:54.736 [restartedMain] INFO  c.x.e.MyApplication - [logStarting,55] - Starting MyApplication using Java 18.0.2.1 on DESKTOP-TNHFM8P with PID 1284 (E:\test_project\annotation\target\classes started by 73922 in E:\test_project\annotation)
22:44:54.742 [restartedMain] INFO  c.x.e.MyApplication - [logStartupProfileInfo,638] - The following 1 profile is active: "dev"
22:44:54.757 [background-preinit] INFO  o.h.v.i.util.Version - [<clinit>,21] - HV000001: Hibernate Validator 6.2.5.Final
22:44:56.572 [restartedMain] INFO  o.d.c.GlobalSettings - [loadGlobalSettings,113] - Trying to find Dozer configuration file: dozer.properties
22:44:56.585 [restartedMain] INFO  o.d.DozerInitializer - [init,75] - Initializing Dozer. Version: 5.5.0, Thread Name: restartedMain
22:44:56.588 [restartedMain] INFO  o.d.j.JMXPlatformImpl - [register,66] - Dozer JMX MBean [org.dozer.jmx:type=DozerStatisticsController] auto registered with the Platform MBean Server
22:44:56.589 [restartedMain] INFO  o.d.j.JMXPlatformImpl - [register,66] - Dozer JMX MBean [org.dozer.jmx:type=DozerAdminController] auto registered with the Platform MBean Server
22:44:56.589 [restartedMain] INFO  o.d.DozerBeanMapper - [init,175] - Initializing a new instance of dozer bean mapper.
22:44:57.481 [restartedMain] INFO  io.undertow.servlet - [log,389] - Initializing Spring embedded WebApplicationContext
22:44:57.995 [restartedMain] INFO  c.x.e.c.u.i.IpRegionUtils - [init,29] - init ip region db path [E:\test_project\annotation\temp\ip2region.xdb]
22:44:58.426 [restartedMain] INFO  c.x.e.c.u.i.IpRegionUtils - [init,43] - bean [org.lionsoul.ip2region.xdb.Searcher@6c054838]
22:44:58.439 [restartedMain] INFO  o.d.DozerBeanMapper - [init,175] - Initializing a new instance of dozer bean mapper.
22:44:58.642 [restartedMain] INFO  c.a.d.s.b.a.DruidDataSourceAutoConfigure - [dataSource,55] - Init DruidDataSource
22:45:48.115 [restartedMain] INFO  c.x.e.MyApplication - [logStarting,55] - Starting MyApplication using Java 18.0.2.1 on DESKTOP-TNHFM8P with PID 3864 (E:\test_project\annotation\target\classes started by 73922 in E:\test_project\annotation)
22:45:48.119 [restartedMain] INFO  c.x.e.MyApplication - [logStartupProfileInfo,638] - The following 1 profile is active: "dev"
22:45:48.124 [background-preinit] INFO  o.h.v.i.util.Version - [<clinit>,21] - HV000001: Hibernate Validator 6.2.5.Final
22:45:48.976 [restartedMain] INFO  o.d.c.GlobalSettings - [loadGlobalSettings,113] - Trying to find Dozer configuration file: dozer.properties
22:45:48.983 [restartedMain] INFO  o.d.DozerInitializer - [init,75] - Initializing Dozer. Version: 5.5.0, Thread Name: restartedMain
22:45:48.985 [restartedMain] INFO  o.d.j.JMXPlatformImpl - [register,66] - Dozer JMX MBean [org.dozer.jmx:type=DozerStatisticsController] auto registered with the Platform MBean Server
22:45:48.985 [restartedMain] INFO  o.d.j.JMXPlatformImpl - [register,66] - Dozer JMX MBean [org.dozer.jmx:type=DozerAdminController] auto registered with the Platform MBean Server
22:45:48.986 [restartedMain] INFO  o.d.DozerBeanMapper - [init,175] - Initializing a new instance of dozer bean mapper.
22:45:49.487 [restartedMain] INFO  io.undertow.servlet - [log,389] - Initializing Spring embedded WebApplicationContext
22:45:49.872 [restartedMain] INFO  c.x.e.c.u.i.IpRegionUtils - [init,29] - init ip region db path [E:\test_project\annotation\temp\ip2region.xdb]
22:45:50.092 [restartedMain] INFO  c.x.e.c.u.i.IpRegionUtils - [init,43] - bean [org.lionsoul.ip2region.xdb.Searcher@68563ca]
22:45:50.097 [restartedMain] INFO  o.d.DozerBeanMapper - [init,175] - Initializing a new instance of dozer bean mapper.
22:45:50.190 [restartedMain] INFO  c.a.d.s.b.a.DruidDataSourceAutoConfigure - [dataSource,55] - Init DruidDataSource
22:53:28.826 [restartedMain] INFO  c.x.e.MyApplication - [logStarting,55] - Starting MyApplication using Java 18.0.2.1 on DESKTOP-TNHFM8P with PID 12644 (E:\test_project\annotation\target\classes started by 73922 in E:\test_project\annotation)
22:53:28.848 [restartedMain] INFO  c.x.e.MyApplication - [logStartupProfileInfo,638] - The following 1 profile is active: "dev"
22:53:28.891 [background-preinit] INFO  o.h.v.i.util.Version - [<clinit>,21] - HV000001: Hibernate Validator 6.2.5.Final
22:53:36.023 [restartedMain] INFO  o.d.c.GlobalSettings - [loadGlobalSettings,113] - Trying to find Dozer configuration file: dozer.properties
22:53:36.052 [restartedMain] INFO  o.d.DozerInitializer - [init,75] - Initializing Dozer. Version: 5.5.0, Thread Name: restartedMain
22:53:36.062 [restartedMain] INFO  o.d.j.JMXPlatformImpl - [register,66] - Dozer JMX MBean [org.dozer.jmx:type=DozerStatisticsController] auto registered with the Platform MBean Server
22:53:36.062 [restartedMain] INFO  o.d.j.JMXPlatformImpl - [register,66] - Dozer JMX MBean [org.dozer.jmx:type=DozerAdminController] auto registered with the Platform MBean Server
22:53:36.063 [restartedMain] INFO  o.d.DozerBeanMapper - [init,175] - Initializing a new instance of dozer bean mapper.
22:53:37.023 [restartedMain] INFO  io.undertow.servlet - [log,389] - Initializing Spring embedded WebApplicationContext
22:53:37.583 [restartedMain] INFO  c.x.e.c.u.i.IpRegionUtils - [init,29] - init ip region db path [E:\test_project\annotation\temp\ip2region.xdb]
22:53:37.784 [restartedMain] INFO  c.x.e.c.u.i.IpRegionUtils - [init,43] - bean [org.lionsoul.ip2region.xdb.Searcher@4452723a]
22:53:37.790 [restartedMain] INFO  o.d.DozerBeanMapper - [init,175] - Initializing a new instance of dozer bean mapper.
22:53:37.983 [restartedMain] INFO  c.a.d.s.b.a.DruidDataSourceAutoConfigure - [dataSource,55] - Init DruidDataSource
22:53:38.108 [restartedMain] INFO  c.a.d.p.DruidDataSource - [init,985] - {dataSource-1} inited
22:53:42.780 [restartedMain] INFO  io.undertow - [start,120] - starting server: Undertow - 2.2.28.Final
22:53:42.792 [restartedMain] INFO  org.xnio - [<clinit>,95] - XNIO version 3.8.7.Final
22:53:42.813 [restartedMain] INFO  org.xnio.nio - [<clinit>,58] - XNIO NIO Implementation Version 3.8.7.Final
22:53:42.868 [restartedMain] INFO  org.jboss.threads - [<clinit>,52] - JBoss Threads version 3.1.0.Final
22:53:42.913 [restartedMain] INFO  c.x.e.MyApplication - [logStarted,61] - Started MyApplication in 14.75 seconds (JVM running for 20.757)
22:57:58.175 [SpringApplicationShutdownHook] INFO  io.undertow - [stop,259] - stopping server: Undertow - 2.2.28.Final
22:57:58.296 [SpringApplicationShutdownHook] INFO  c.a.d.p.DruidDataSource - [close,2105] - {dataSource-1} closing ...
22:57:58.305 [SpringApplicationShutdownHook] INFO  c.a.d.p.DruidDataSource - [close,2178] - {dataSource-1} closed
