00:00:00.008 [schedule-pool-1] INFO  c.x.e.t.EveryMinuteEventTask - [updateExamStatus,33] - 更新考试项目,考试状态的状态...开始
00:00:00.051 [schedule-pool-1] INFO  c.x.e.t.EveryMinuteEventTask - [updateExamStatus,57] - 更新考试项目,考试状态的状态...结束
00:01:00.003 [schedule-pool-1] INFO  c.x.e.t.EveryMinuteEventTask - [updateExamStatus,33] - 更新考试项目,考试状态的状态...开始
00:01:00.044 [schedule-pool-1] INFO  c.x.e.t.EveryMinuteEventTask - [updateExamStatus,57] - 更新考试项目,考试状态的状态...结束
00:02:00.011 [schedule-pool-1] INFO  c.x.e.t.EveryMinuteEventTask - [updateExamStatus,33] - 更新考试项目,考试状态的状态...开始
00:02:00.053 [schedule-pool-1] INFO  c.x.e.t.EveryMinuteEventTask - [updateExamStatus,57] - 更新考试项目,考试状态的状态...结束
00:03:00.013 [schedule-pool-1] INFO  c.x.e.t.EveryMinuteEventTask - [updateExamStatus,33] - 更新考试项目,考试状态的状态...开始
00:03:00.057 [schedule-pool-1] INFO  c.x.e.t.EveryMinuteEventTask - [updateExamStatus,57] - 更新考试项目,考试状态的状态...结束
00:04:00.010 [schedule-pool-1] INFO  c.x.e.t.EveryMinuteEventTask - [updateExamStatus,33] - 更新考试项目,考试状态的状态...开始
00:04:00.053 [schedule-pool-1] INFO  c.x.e.t.EveryMinuteEventTask - [updateExamStatus,57] - 更新考试项目,考试状态的状态...结束
00:05:00.008 [schedule-pool-1] INFO  c.x.e.t.EveryMinuteEventTask - [updateExamStatus,33] - 更新考试项目,考试状态的状态...开始
00:05:00.053 [schedule-pool-1] INFO  c.x.e.t.EveryMinuteEventTask - [updateExamStatus,57] - 更新考试项目,考试状态的状态...结束
00:06:00.002 [schedule-pool-1] INFO  c.x.e.t.EveryMinuteEventTask - [updateExamStatus,33] - 更新考试项目,考试状态的状态...开始
00:06:00.039 [schedule-pool-1] INFO  c.x.e.t.EveryMinuteEventTask - [updateExamStatus,57] - 更新考试项目,考试状态的状态...结束
00:07:00.014 [schedule-pool-1] INFO  c.x.e.t.EveryMinuteEventTask - [updateExamStatus,33] - 更新考试项目,考试状态的状态...开始
00:07:00.058 [schedule-pool-1] INFO  c.x.e.t.EveryMinuteEventTask - [updateExamStatus,57] - 更新考试项目,考试状态的状态...结束
00:08:00.011 [schedule-pool-1] INFO  c.x.e.t.EveryMinuteEventTask - [updateExamStatus,33] - 更新考试项目,考试状态的状态...开始
00:08:00.052 [schedule-pool-1] INFO  c.x.e.t.EveryMinuteEventTask - [updateExamStatus,57] - 更新考试项目,考试状态的状态...结束
00:09:00.015 [schedule-pool-1] INFO  c.x.e.t.EveryMinuteEventTask - [updateExamStatus,33] - 更新考试项目,考试状态的状态...开始
00:09:00.054 [schedule-pool-1] INFO  c.x.e.t.EveryMinuteEventTask - [updateExamStatus,57] - 更新考试项目,考试状态的状态...结束
00:10:00.006 [schedule-pool-1] INFO  c.x.e.t.EveryMinuteEventTask - [updateExamStatus,33] - 更新考试项目,考试状态的状态...开始
00:10:00.048 [schedule-pool-1] INFO  c.x.e.t.EveryMinuteEventTask - [updateExamStatus,57] - 更新考试项目,考试状态的状态...结束
00:11:00.012 [schedule-pool-1] INFO  c.x.e.t.EveryMinuteEventTask - [updateExamStatus,33] - 更新考试项目,考试状态的状态...开始
00:11:00.058 [schedule-pool-1] INFO  c.x.e.t.EveryMinuteEventTask - [updateExamStatus,57] - 更新考试项目,考试状态的状态...结束
00:12:00.009 [schedule-pool-1] INFO  c.x.e.t.EveryMinuteEventTask - [updateExamStatus,33] - 更新考试项目,考试状态的状态...开始
00:12:00.053 [schedule-pool-1] INFO  c.x.e.t.EveryMinuteEventTask - [updateExamStatus,57] - 更新考试项目,考试状态的状态...结束
00:13:00.008 [schedule-pool-1] INFO  c.x.e.t.EveryMinuteEventTask - [updateExamStatus,33] - 更新考试项目,考试状态的状态...开始
00:13:00.046 [schedule-pool-1] INFO  c.x.e.t.EveryMinuteEventTask - [updateExamStatus,57] - 更新考试项目,考试状态的状态...结束
00:14:00.006 [schedule-pool-1] INFO  c.x.e.t.EveryMinuteEventTask - [updateExamStatus,33] - 更新考试项目,考试状态的状态...开始
00:14:00.044 [schedule-pool-1] INFO  c.x.e.t.EveryMinuteEventTask - [updateExamStatus,57] - 更新考试项目,考试状态的状态...结束
00:15:00.009 [schedule-pool-1] INFO  c.x.e.t.EveryMinuteEventTask - [updateExamStatus,33] - 更新考试项目,考试状态的状态...开始
00:15:00.051 [schedule-pool-1] INFO  c.x.e.t.EveryMinuteEventTask - [updateExamStatus,57] - 更新考试项目,考试状态的状态...结束
00:16:00.008 [schedule-pool-1] INFO  c.x.e.t.EveryMinuteEventTask - [updateExamStatus,33] - 更新考试项目,考试状态的状态...开始
00:16:00.051 [schedule-pool-1] INFO  c.x.e.t.EveryMinuteEventTask - [updateExamStatus,57] - 更新考试项目,考试状态的状态...结束
00:17:00.005 [schedule-pool-1] INFO  c.x.e.t.EveryMinuteEventTask - [updateExamStatus,33] - 更新考试项目,考试状态的状态...开始
00:17:00.048 [schedule-pool-1] INFO  c.x.e.t.EveryMinuteEventTask - [updateExamStatus,57] - 更新考试项目,考试状态的状态...结束
00:18:00.007 [schedule-pool-1] INFO  c.x.e.t.EveryMinuteEventTask - [updateExamStatus,33] - 更新考试项目,考试状态的状态...开始
00:18:00.048 [schedule-pool-1] INFO  c.x.e.t.EveryMinuteEventTask - [updateExamStatus,57] - 更新考试项目,考试状态的状态...结束
00:19:00.011 [schedule-pool-1] INFO  c.x.e.t.EveryMinuteEventTask - [updateExamStatus,33] - 更新考试项目,考试状态的状态...开始
00:19:00.055 [schedule-pool-1] INFO  c.x.e.t.EveryMinuteEventTask - [updateExamStatus,57] - 更新考试项目,考试状态的状态...结束
00:20:00.011 [schedule-pool-1] INFO  c.x.e.t.EveryMinuteEventTask - [updateExamStatus,33] - 更新考试项目,考试状态的状态...开始
00:20:00.055 [schedule-pool-1] INFO  c.x.e.t.EveryMinuteEventTask - [updateExamStatus,57] - 更新考试项目,考试状态的状态...结束
00:21:00.001 [schedule-pool-1] INFO  c.x.e.t.EveryMinuteEventTask - [updateExamStatus,33] - 更新考试项目,考试状态的状态...开始
00:21:00.041 [schedule-pool-1] INFO  c.x.e.t.EveryMinuteEventTask - [updateExamStatus,57] - 更新考试项目,考试状态的状态...结束
00:22:00.014 [schedule-pool-1] INFO  c.x.e.t.EveryMinuteEventTask - [updateExamStatus,33] - 更新考试项目,考试状态的状态...开始
00:22:00.054 [schedule-pool-1] INFO  c.x.e.t.EveryMinuteEventTask - [updateExamStatus,57] - 更新考试项目,考试状态的状态...结束
00:23:00.002 [schedule-pool-1] INFO  c.x.e.t.EveryMinuteEventTask - [updateExamStatus,33] - 更新考试项目,考试状态的状态...开始
00:23:00.045 [schedule-pool-1] INFO  c.x.e.t.EveryMinuteEventTask - [updateExamStatus,57] - 更新考试项目,考试状态的状态...结束
00:24:00.016 [schedule-pool-1] INFO  c.x.e.t.EveryMinuteEventTask - [updateExamStatus,33] - 更新考试项目,考试状态的状态...开始
00:24:00.052 [schedule-pool-1] INFO  c.x.e.t.EveryMinuteEventTask - [updateExamStatus,57] - 更新考试项目,考试状态的状态...结束
00:25:00.004 [schedule-pool-1] INFO  c.x.e.t.EveryMinuteEventTask - [updateExamStatus,33] - 更新考试项目,考试状态的状态...开始
00:25:00.043 [schedule-pool-1] INFO  c.x.e.t.EveryMinuteEventTask - [updateExamStatus,57] - 更新考试项目,考试状态的状态...结束
00:26:00.017 [schedule-pool-1] INFO  c.x.e.t.EveryMinuteEventTask - [updateExamStatus,33] - 更新考试项目,考试状态的状态...开始
00:26:00.054 [schedule-pool-1] INFO  c.x.e.t.EveryMinuteEventTask - [updateExamStatus,57] - 更新考试项目,考试状态的状态...结束
00:27:00.016 [schedule-pool-1] INFO  c.x.e.t.EveryMinuteEventTask - [updateExamStatus,33] - 更新考试项目,考试状态的状态...开始
00:27:00.054 [schedule-pool-1] INFO  c.x.e.t.EveryMinuteEventTask - [updateExamStatus,57] - 更新考试项目,考试状态的状态...结束
00:28:00.011 [schedule-pool-1] INFO  c.x.e.t.EveryMinuteEventTask - [updateExamStatus,33] - 更新考试项目,考试状态的状态...开始
00:28:00.055 [schedule-pool-1] INFO  c.x.e.t.EveryMinuteEventTask - [updateExamStatus,57] - 更新考试项目,考试状态的状态...结束
00:29:00.003 [schedule-pool-1] INFO  c.x.e.t.EveryMinuteEventTask - [updateExamStatus,33] - 更新考试项目,考试状态的状态...开始
00:29:00.043 [schedule-pool-1] INFO  c.x.e.t.EveryMinuteEventTask - [updateExamStatus,57] - 更新考试项目,考试状态的状态...结束
00:30:00.012 [schedule-pool-1] INFO  c.x.e.t.EveryMinuteEventTask - [updateExamStatus,33] - 更新考试项目,考试状态的状态...开始
00:30:00.049 [schedule-pool-1] INFO  c.x.e.t.EveryMinuteEventTask - [updateExamStatus,57] - 更新考试项目,考试状态的状态...结束
00:31:00.015 [schedule-pool-1] INFO  c.x.e.t.EveryMinuteEventTask - [updateExamStatus,33] - 更新考试项目,考试状态的状态...开始
00:31:00.055 [schedule-pool-1] INFO  c.x.e.t.EveryMinuteEventTask - [updateExamStatus,57] - 更新考试项目,考试状态的状态...结束
00:32:00.006 [schedule-pool-1] INFO  c.x.e.t.EveryMinuteEventTask - [updateExamStatus,33] - 更新考试项目,考试状态的状态...开始
00:32:00.047 [schedule-pool-1] INFO  c.x.e.t.EveryMinuteEventTask - [updateExamStatus,57] - 更新考试项目,考试状态的状态...结束
00:33:00.006 [schedule-pool-1] INFO  c.x.e.t.EveryMinuteEventTask - [updateExamStatus,33] - 更新考试项目,考试状态的状态...开始
00:33:00.048 [schedule-pool-1] INFO  c.x.e.t.EveryMinuteEventTask - [updateExamStatus,57] - 更新考试项目,考试状态的状态...结束
00:34:00.011 [schedule-pool-1] INFO  c.x.e.t.EveryMinuteEventTask - [updateExamStatus,33] - 更新考试项目,考试状态的状态...开始
00:34:00.056 [schedule-pool-1] INFO  c.x.e.t.EveryMinuteEventTask - [updateExamStatus,57] - 更新考试项目,考试状态的状态...结束
00:35:00.012 [schedule-pool-1] INFO  c.x.e.t.EveryMinuteEventTask - [updateExamStatus,33] - 更新考试项目,考试状态的状态...开始
00:35:00.054 [schedule-pool-1] INFO  c.x.e.t.EveryMinuteEventTask - [updateExamStatus,57] - 更新考试项目,考试状态的状态...结束
00:36:00.001 [schedule-pool-1] INFO  c.x.e.t.EveryMinuteEventTask - [updateExamStatus,33] - 更新考试项目,考试状态的状态...开始
00:36:00.041 [schedule-pool-1] INFO  c.x.e.t.EveryMinuteEventTask - [updateExamStatus,57] - 更新考试项目,考试状态的状态...结束
00:37:00.004 [schedule-pool-1] INFO  c.x.e.t.EveryMinuteEventTask - [updateExamStatus,33] - 更新考试项目,考试状态的状态...开始
00:37:00.043 [schedule-pool-1] INFO  c.x.e.t.EveryMinuteEventTask - [updateExamStatus,57] - 更新考试项目,考试状态的状态...结束
00:38:00.008 [schedule-pool-1] INFO  c.x.e.t.EveryMinuteEventTask - [updateExamStatus,33] - 更新考试项目,考试状态的状态...开始
00:38:00.051 [schedule-pool-1] INFO  c.x.e.t.EveryMinuteEventTask - [updateExamStatus,57] - 更新考试项目,考试状态的状态...结束
00:39:00.001 [schedule-pool-1] INFO  c.x.e.t.EveryMinuteEventTask - [updateExamStatus,33] - 更新考试项目,考试状态的状态...开始
00:39:00.040 [schedule-pool-1] INFO  c.x.e.t.EveryMinuteEventTask - [updateExamStatus,57] - 更新考试项目,考试状态的状态...结束
00:40:00.006 [schedule-pool-1] INFO  c.x.e.t.EveryMinuteEventTask - [updateExamStatus,33] - 更新考试项目,考试状态的状态...开始
00:40:00.043 [schedule-pool-1] INFO  c.x.e.t.EveryMinuteEventTask - [updateExamStatus,57] - 更新考试项目,考试状态的状态...结束
00:40:21.150 [XNIO-1 task-1] INFO  io.undertow.servlet - [log,389] - Initializing Spring DispatcherServlet 'dispatcherServlet'
00:41:00.012 [schedule-pool-1] INFO  c.x.e.t.EveryMinuteEventTask - [updateExamStatus,33] - 更新考试项目,考试状态的状态...开始
00:41:00.047 [schedule-pool-1] INFO  c.x.e.t.EveryMinuteEventTask - [updateExamStatus,57] - 更新考试项目,考试状态的状态...结束
00:42:00.011 [schedule-pool-1] INFO  c.x.e.t.EveryMinuteEventTask - [updateExamStatus,33] - 更新考试项目,考试状态的状态...开始
00:42:00.051 [schedule-pool-1] INFO  c.x.e.t.EveryMinuteEventTask - [updateExamStatus,57] - 更新考试项目,考试状态的状态...结束
00:43:00.010 [schedule-pool-1] INFO  c.x.e.t.EveryMinuteEventTask - [updateExamStatus,33] - 更新考试项目,考试状态的状态...开始
00:43:00.049 [schedule-pool-1] INFO  c.x.e.t.EveryMinuteEventTask - [updateExamStatus,57] - 更新考试项目,考试状态的状态...结束
00:44:00.006 [schedule-pool-1] INFO  c.x.e.t.EveryMinuteEventTask - [updateExamStatus,33] - 更新考试项目,考试状态的状态...开始
00:44:00.043 [schedule-pool-1] INFO  c.x.e.t.EveryMinuteEventTask - [updateExamStatus,57] - 更新考试项目,考试状态的状态...结束
00:44:13.504 [Thread-5] INFO  io.undertow - [stop,259] - stopping server: Undertow - 2.2.28.Final
00:44:13.507 [Thread-5] INFO  io.undertow.servlet - [log,389] - Destroying Spring FrameworkServlet 'dispatcherServlet'
00:44:13.514 [Thread-5] INFO  c.a.d.p.DruidDataSource - [close,2105] - {dataSource-1} closing ...
00:44:13.516 [Thread-5] INFO  c.a.d.p.DruidDataSource - [close,2178] - {dataSource-1} closed
00:44:13.745 [restartedMain] INFO  c.x.e.MyApplication - [logStarting,55] - Starting MyApplication using Java 18.0.2.1 on DESKTOP-TNHFM8P with PID 7844 (E:\test_project\annotation\target\classes started by 73922 in E:\test_project\annotation)
00:44:13.746 [restartedMain] INFO  c.x.e.MyApplication - [logStartupProfileInfo,638] - The following 1 profile is active: "dev"
00:44:27.917 [restartedMain] INFO  c.x.e.MyApplication - [logStarting,55] - Starting MyApplication using Java 18.0.2.1 on DESKTOP-TNHFM8P with PID 7844 (E:\test_project\annotation\target\classes started by 73922 in E:\test_project\annotation)
00:44:27.917 [restartedMain] INFO  c.x.e.MyApplication - [logStartupProfileInfo,638] - The following 1 profile is active: "dev"
00:44:28.434 [restartedMain] INFO  o.d.DozerBeanMapper - [init,175] - Initializing a new instance of dozer bean mapper.
00:44:28.590 [restartedMain] INFO  io.undertow.servlet - [log,389] - Initializing Spring embedded WebApplicationContext
00:44:28.685 [restartedMain] INFO  c.x.e.c.u.i.IpRegionUtils - [init,29] - init ip region db path [E:\test_project\annotation\temp\ip2region.xdb]
00:44:28.719 [restartedMain] INFO  c.x.e.c.u.i.IpRegionUtils - [init,43] - bean [org.lionsoul.ip2region.xdb.Searcher@312e4c6e]
00:44:28.723 [restartedMain] INFO  o.d.DozerBeanMapper - [init,175] - Initializing a new instance of dozer bean mapper.
00:44:28.784 [restartedMain] INFO  c.a.d.s.b.a.DruidDataSourceAutoConfigure - [dataSource,55] - Init DruidDataSource
00:44:28.813 [restartedMain] INFO  c.a.d.p.DruidDataSource - [init,985] - {dataSource-2} inited
00:44:31.611 [restartedMain] INFO  io.undertow - [start,120] - starting server: Undertow - 2.2.28.Final
00:44:31.623 [restartedMain] INFO  c.x.e.MyApplication - [logStarted,61] - Started MyApplication in 3.735 seconds (JVM running for 2955.336)
00:45:00.015 [schedule-pool-1] INFO  c.x.e.t.EveryMinuteEventTask - [updateExamStatus,33] - 更新考试项目,考试状态的状态...开始
00:45:00.061 [schedule-pool-1] INFO  c.x.e.t.EveryMinuteEventTask - [updateExamStatus,57] - 更新考试项目,考试状态的状态...结束
00:46:00.003 [schedule-pool-1] INFO  c.x.e.t.EveryMinuteEventTask - [updateExamStatus,33] - 更新考试项目,考试状态的状态...开始
00:46:00.039 [schedule-pool-1] INFO  c.x.e.t.EveryMinuteEventTask - [updateExamStatus,57] - 更新考试项目,考试状态的状态...结束
00:47:00.008 [schedule-pool-1] INFO  c.x.e.t.EveryMinuteEventTask - [updateExamStatus,33] - 更新考试项目,考试状态的状态...开始
00:47:00.045 [schedule-pool-1] INFO  c.x.e.t.EveryMinuteEventTask - [updateExamStatus,57] - 更新考试项目,考试状态的状态...结束
00:48:00.015 [schedule-pool-1] INFO  c.x.e.t.EveryMinuteEventTask - [updateExamStatus,33] - 更新考试项目,考试状态的状态...开始
00:48:00.057 [schedule-pool-1] INFO  c.x.e.t.EveryMinuteEventTask - [updateExamStatus,57] - 更新考试项目,考试状态的状态...结束
00:49:00.003 [schedule-pool-1] INFO  c.x.e.t.EveryMinuteEventTask - [updateExamStatus,33] - 更新考试项目,考试状态的状态...开始
00:49:00.041 [schedule-pool-1] INFO  c.x.e.t.EveryMinuteEventTask - [updateExamStatus,57] - 更新考试项目,考试状态的状态...结束
00:50:00.004 [schedule-pool-1] INFO  c.x.e.t.EveryMinuteEventTask - [updateExamStatus,33] - 更新考试项目,考试状态的状态...开始
00:50:00.045 [schedule-pool-1] INFO  c.x.e.t.EveryMinuteEventTask - [updateExamStatus,57] - 更新考试项目,考试状态的状态...结束
00:51:00.011 [schedule-pool-1] INFO  c.x.e.t.EveryMinuteEventTask - [updateExamStatus,33] - 更新考试项目,考试状态的状态...开始
00:51:00.052 [schedule-pool-1] INFO  c.x.e.t.EveryMinuteEventTask - [updateExamStatus,57] - 更新考试项目,考试状态的状态...结束
00:52:00.015 [schedule-pool-1] INFO  c.x.e.t.EveryMinuteEventTask - [updateExamStatus,33] - 更新考试项目,考试状态的状态...开始
00:52:00.051 [schedule-pool-1] INFO  c.x.e.t.EveryMinuteEventTask - [updateExamStatus,57] - 更新考试项目,考试状态的状态...结束
00:52:41.682 [lettuce-nioEventLoop-7-1] INFO  i.l.c.p.CommandHandler - [log,217] - null Unexpected exception during request: java.net.SocketException: Connection reset
java.net.SocketException: Connection reset
	at java.base/sun.nio.ch.SocketChannelImpl.throwConnectionReset(SocketChannelImpl.java:394)
	at java.base/sun.nio.ch.SocketChannelImpl.read(SocketChannelImpl.java:426)
	at io.netty.buffer.PooledByteBuf.setBytes(PooledByteBuf.java:254)
	at io.netty.buffer.AbstractByteBuf.writeBytes(AbstractByteBuf.java:1132)
	at io.netty.channel.socket.nio.NioSocketChannel.doReadBytes(NioSocketChannel.java:357)
	at io.netty.channel.nio.AbstractNioByteChannel$NioByteUnsafe.read(AbstractNioByteChannel.java:151)
	at io.netty.channel.nio.NioEventLoop.processSelectedKey(NioEventLoop.java:788)
	at io.netty.channel.nio.NioEventLoop.processSelectedKeysOptimized(NioEventLoop.java:724)
	at io.netty.channel.nio.NioEventLoop.processSelectedKeys(NioEventLoop.java:650)
	at io.netty.channel.nio.NioEventLoop.run(NioEventLoop.java:562)
	at io.netty.util.concurrent.SingleThreadEventExecutor$4.run(SingleThreadEventExecutor.java:997)
	at io.netty.util.internal.ThreadExecutorMap$2.run(ThreadExecutorMap.java:74)
	at io.netty.util.concurrent.FastThreadLocalRunnable.run(FastThreadLocalRunnable.java:30)
	at java.base/java.lang.Thread.run(Thread.java:833)
00:52:41.748 [lettuce-eventExecutorLoop-5-4] INFO  i.l.c.p.ConnectionWatchdog - [log,171] - Reconnecting, last destination was /139.9.129.215:6379
00:52:42.272 [lettuce-nioEventLoop-7-5] INFO  i.l.c.p.ReconnectionHandler - [lambda$null$3,174] - Reconnected to 139.9.129.215/<unresolved>:6379
00:53:00.016 [schedule-pool-1] INFO  c.x.e.t.EveryMinuteEventTask - [updateExamStatus,33] - 更新考试项目,考试状态的状态...开始
00:54:00.004 [schedule-pool-1] INFO  c.x.e.t.EveryMinuteEventTask - [updateExamStatus,33] - 更新考试项目,考试状态的状态...开始
00:54:00.053 [schedule-pool-1] INFO  c.x.e.t.EveryMinuteEventTask - [updateExamStatus,57] - 更新考试项目,考试状态的状态...结束
00:55:00.016 [schedule-pool-1] INFO  c.x.e.t.EveryMinuteEventTask - [updateExamStatus,33] - 更新考试项目,考试状态的状态...开始
00:55:00.079 [schedule-pool-1] INFO  c.x.e.t.EveryMinuteEventTask - [updateExamStatus,57] - 更新考试项目,考试状态的状态...结束
00:56:00.015 [schedule-pool-1] INFO  c.x.e.t.EveryMinuteEventTask - [updateExamStatus,33] - 更新考试项目,考试状态的状态...开始
00:56:00.077 [schedule-pool-1] INFO  c.x.e.t.EveryMinuteEventTask - [updateExamStatus,57] - 更新考试项目,考试状态的状态...结束
00:57:00.009 [schedule-pool-1] INFO  c.x.e.t.EveryMinuteEventTask - [updateExamStatus,33] - 更新考试项目,考试状态的状态...开始
00:57:00.071 [schedule-pool-1] INFO  c.x.e.t.EveryMinuteEventTask - [updateExamStatus,57] - 更新考试项目,考试状态的状态...结束
00:58:00.016 [schedule-pool-1] INFO  c.x.e.t.EveryMinuteEventTask - [updateExamStatus,33] - 更新考试项目,考试状态的状态...开始
00:58:00.063 [schedule-pool-1] INFO  c.x.e.t.EveryMinuteEventTask - [updateExamStatus,57] - 更新考试项目,考试状态的状态...结束
00:59:00.026 [schedule-pool-1] INFO  c.x.e.t.EveryMinuteEventTask - [updateExamStatus,33] - 更新考试项目,考试状态的状态...开始
00:59:13.617 [lettuce-nioEventLoop-7-5] INFO  i.l.c.p.CommandHandler - [log,217] - null Unexpected exception during request: java.net.SocketException: Connection reset
java.net.SocketException: Connection reset
	at java.base/sun.nio.ch.SocketChannelImpl.throwConnectionReset(SocketChannelImpl.java:394)
	at java.base/sun.nio.ch.SocketChannelImpl.read(SocketChannelImpl.java:426)
	at io.netty.buffer.PooledByteBuf.setBytes(PooledByteBuf.java:254)
	at io.netty.buffer.AbstractByteBuf.writeBytes(AbstractByteBuf.java:1132)
	at io.netty.channel.socket.nio.NioSocketChannel.doReadBytes(NioSocketChannel.java:357)
	at io.netty.channel.nio.AbstractNioByteChannel$NioByteUnsafe.read(AbstractNioByteChannel.java:151)
	at io.netty.channel.nio.NioEventLoop.processSelectedKey(NioEventLoop.java:788)
	at io.netty.channel.nio.NioEventLoop.processSelectedKeysOptimized(NioEventLoop.java:724)
	at io.netty.channel.nio.NioEventLoop.processSelectedKeys(NioEventLoop.java:650)
	at io.netty.channel.nio.NioEventLoop.run(NioEventLoop.java:562)
	at io.netty.util.concurrent.SingleThreadEventExecutor$4.run(SingleThreadEventExecutor.java:997)
	at io.netty.util.internal.ThreadExecutorMap$2.run(ThreadExecutorMap.java:74)
	at io.netty.util.concurrent.FastThreadLocalRunnable.run(FastThreadLocalRunnable.java:30)
	at java.base/java.lang.Thread.run(Thread.java:833)
00:59:13.622 [lettuce-eventExecutorLoop-5-3] INFO  i.l.c.p.ConnectionWatchdog - [log,171] - Reconnecting, last destination was /139.9.129.215:6379
00:59:13.824 [lettuce-nioEventLoop-7-7] INFO  i.l.c.p.ReconnectionHandler - [lambda$null$3,174] - Reconnected to 139.9.129.215/<unresolved>:6379
01:00:00.016 [schedule-pool-1] INFO  c.x.e.t.EveryMinuteEventTask - [updateExamStatus,33] - 更新考试项目,考试状态的状态...开始
01:00:00.063 [schedule-pool-1] INFO  c.x.e.t.EveryMinuteEventTask - [updateExamStatus,57] - 更新考试项目,考试状态的状态...结束
01:01:00.017 [schedule-pool-1] INFO  c.x.e.t.EveryMinuteEventTask - [updateExamStatus,33] - 更新考试项目,考试状态的状态...开始
01:01:00.064 [schedule-pool-1] INFO  c.x.e.t.EveryMinuteEventTask - [updateExamStatus,57] - 更新考试项目,考试状态的状态...结束
01:02:00.026 [schedule-pool-1] INFO  c.x.e.t.EveryMinuteEventTask - [updateExamStatus,33] - 更新考试项目,考试状态的状态...开始
01:02:00.073 [schedule-pool-1] INFO  c.x.e.t.EveryMinuteEventTask - [updateExamStatus,57] - 更新考试项目,考试状态的状态...结束
01:03:00.004 [schedule-pool-1] INFO  c.x.e.t.EveryMinuteEventTask - [updateExamStatus,33] - 更新考试项目,考试状态的状态...开始
01:03:00.051 [schedule-pool-1] INFO  c.x.e.t.EveryMinuteEventTask - [updateExamStatus,57] - 更新考试项目,考试状态的状态...结束
01:04:00.013 [schedule-pool-1] INFO  c.x.e.t.EveryMinuteEventTask - [updateExamStatus,33] - 更新考试项目,考试状态的状态...开始
01:04:00.076 [schedule-pool-1] INFO  c.x.e.t.EveryMinuteEventTask - [updateExamStatus,57] - 更新考试项目,考试状态的状态...结束
01:05:00.019 [schedule-pool-1] INFO  c.x.e.t.EveryMinuteEventTask - [updateExamStatus,33] - 更新考试项目,考试状态的状态...开始
01:05:00.066 [schedule-pool-1] INFO  c.x.e.t.EveryMinuteEventTask - [updateExamStatus,57] - 更新考试项目,考试状态的状态...结束
01:06:00.014 [schedule-pool-1] INFO  c.x.e.t.EveryMinuteEventTask - [updateExamStatus,33] - 更新考试项目,考试状态的状态...开始
01:06:00.061 [schedule-pool-1] INFO  c.x.e.t.EveryMinuteEventTask - [updateExamStatus,57] - 更新考试项目,考试状态的状态...结束
01:07:00.018 [schedule-pool-1] INFO  c.x.e.t.EveryMinuteEventTask - [updateExamStatus,33] - 更新考试项目,考试状态的状态...开始
01:07:00.065 [schedule-pool-1] INFO  c.x.e.t.EveryMinuteEventTask - [updateExamStatus,57] - 更新考试项目,考试状态的状态...结束
01:08:00.016 [schedule-pool-1] INFO  c.x.e.t.EveryMinuteEventTask - [updateExamStatus,33] - 更新考试项目,考试状态的状态...开始
01:08:00.078 [schedule-pool-1] INFO  c.x.e.t.EveryMinuteEventTask - [updateExamStatus,57] - 更新考试项目,考试状态的状态...结束
01:09:00.017 [schedule-pool-1] INFO  c.x.e.t.EveryMinuteEventTask - [updateExamStatus,33] - 更新考试项目,考试状态的状态...开始
01:09:00.048 [schedule-pool-1] INFO  c.x.e.t.EveryMinuteEventTask - [updateExamStatus,57] - 更新考试项目,考试状态的状态...结束
01:10:00.029 [schedule-pool-1] INFO  c.x.e.t.EveryMinuteEventTask - [updateExamStatus,33] - 更新考试项目,考试状态的状态...开始
01:10:00.076 [schedule-pool-1] INFO  c.x.e.t.EveryMinuteEventTask - [updateExamStatus,57] - 更新考试项目,考试状态的状态...结束
01:11:00.003 [schedule-pool-1] INFO  c.x.e.t.EveryMinuteEventTask - [updateExamStatus,33] - 更新考试项目,考试状态的状态...开始
01:11:00.050 [schedule-pool-1] INFO  c.x.e.t.EveryMinuteEventTask - [updateExamStatus,57] - 更新考试项目,考试状态的状态...结束
01:12:00.005 [schedule-pool-1] INFO  c.x.e.t.EveryMinuteEventTask - [updateExamStatus,33] - 更新考试项目,考试状态的状态...开始
01:12:00.052 [schedule-pool-1] INFO  c.x.e.t.EveryMinuteEventTask - [updateExamStatus,57] - 更新考试项目,考试状态的状态...结束
01:13:00.015 [schedule-pool-1] INFO  c.x.e.t.EveryMinuteEventTask - [updateExamStatus,33] - 更新考试项目,考试状态的状态...开始
01:13:00.062 [schedule-pool-1] INFO  c.x.e.t.EveryMinuteEventTask - [updateExamStatus,57] - 更新考试项目,考试状态的状态...结束
01:14:00.029 [schedule-pool-1] INFO  c.x.e.t.EveryMinuteEventTask - [updateExamStatus,33] - 更新考试项目,考试状态的状态...开始
01:14:00.060 [schedule-pool-1] INFO  c.x.e.t.EveryMinuteEventTask - [updateExamStatus,57] - 更新考试项目,考试状态的状态...结束
01:15:00.027 [schedule-pool-1] INFO  c.x.e.t.EveryMinuteEventTask - [updateExamStatus,33] - 更新考试项目,考试状态的状态...开始
01:15:00.058 [schedule-pool-1] INFO  c.x.e.t.EveryMinuteEventTask - [updateExamStatus,57] - 更新考试项目,考试状态的状态...结束
01:16:00.027 [schedule-pool-1] INFO  c.x.e.t.EveryMinuteEventTask - [updateExamStatus,33] - 更新考试项目,考试状态的状态...开始
01:16:00.073 [schedule-pool-1] INFO  c.x.e.t.EveryMinuteEventTask - [updateExamStatus,57] - 更新考试项目,考试状态的状态...结束
01:17:00.009 [schedule-pool-1] INFO  c.x.e.t.EveryMinuteEventTask - [updateExamStatus,33] - 更新考试项目,考试状态的状态...开始
01:17:00.056 [schedule-pool-1] INFO  c.x.e.t.EveryMinuteEventTask - [updateExamStatus,57] - 更新考试项目,考试状态的状态...结束
01:18:00.013 [schedule-pool-1] INFO  c.x.e.t.EveryMinuteEventTask - [updateExamStatus,33] - 更新考试项目,考试状态的状态...开始
01:18:00.060 [schedule-pool-1] INFO  c.x.e.t.EveryMinuteEventTask - [updateExamStatus,57] - 更新考试项目,考试状态的状态...结束
01:19:00.014 [schedule-pool-1] INFO  c.x.e.t.EveryMinuteEventTask - [updateExamStatus,33] - 更新考试项目,考试状态的状态...开始
01:19:00.060 [schedule-pool-1] INFO  c.x.e.t.EveryMinuteEventTask - [updateExamStatus,57] - 更新考试项目,考试状态的状态...结束
01:20:00.011 [schedule-pool-1] INFO  c.x.e.t.EveryMinuteEventTask - [updateExamStatus,33] - 更新考试项目,考试状态的状态...开始
01:20:00.058 [schedule-pool-1] INFO  c.x.e.t.EveryMinuteEventTask - [updateExamStatus,57] - 更新考试项目,考试状态的状态...结束
01:21:00.013 [schedule-pool-1] INFO  c.x.e.t.EveryMinuteEventTask - [updateExamStatus,33] - 更新考试项目,考试状态的状态...开始
01:21:00.060 [schedule-pool-1] INFO  c.x.e.t.EveryMinuteEventTask - [updateExamStatus,57] - 更新考试项目,考试状态的状态...结束
01:22:00.011 [schedule-pool-1] INFO  c.x.e.t.EveryMinuteEventTask - [updateExamStatus,33] - 更新考试项目,考试状态的状态...开始
01:22:00.057 [schedule-pool-1] INFO  c.x.e.t.EveryMinuteEventTask - [updateExamStatus,57] - 更新考试项目,考试状态的状态...结束
01:23:00.014 [schedule-pool-1] INFO  c.x.e.t.EveryMinuteEventTask - [updateExamStatus,33] - 更新考试项目,考试状态的状态...开始
01:23:00.061 [schedule-pool-1] INFO  c.x.e.t.EveryMinuteEventTask - [updateExamStatus,57] - 更新考试项目,考试状态的状态...结束
01:24:00.022 [schedule-pool-1] INFO  c.x.e.t.EveryMinuteEventTask - [updateExamStatus,33] - 更新考试项目,考试状态的状态...开始
01:24:00.068 [schedule-pool-1] INFO  c.x.e.t.EveryMinuteEventTask - [updateExamStatus,57] - 更新考试项目,考试状态的状态...结束
01:25:00.013 [schedule-pool-1] INFO  c.x.e.t.EveryMinuteEventTask - [updateExamStatus,33] - 更新考试项目,考试状态的状态...开始
01:25:00.044 [schedule-pool-1] INFO  c.x.e.t.EveryMinuteEventTask - [updateExamStatus,57] - 更新考试项目,考试状态的状态...结束
01:26:00.021 [schedule-pool-1] INFO  c.x.e.t.EveryMinuteEventTask - [updateExamStatus,33] - 更新考试项目,考试状态的状态...开始
01:26:00.068 [schedule-pool-1] INFO  c.x.e.t.EveryMinuteEventTask - [updateExamStatus,57] - 更新考试项目,考试状态的状态...结束
01:27:00.012 [schedule-pool-1] INFO  c.x.e.t.EveryMinuteEventTask - [updateExamStatus,33] - 更新考试项目,考试状态的状态...开始
01:27:00.059 [schedule-pool-1] INFO  c.x.e.t.EveryMinuteEventTask - [updateExamStatus,57] - 更新考试项目,考试状态的状态...结束
01:28:00.011 [schedule-pool-1] INFO  c.x.e.t.EveryMinuteEventTask - [updateExamStatus,33] - 更新考试项目,考试状态的状态...开始
01:28:00.058 [schedule-pool-1] INFO  c.x.e.t.EveryMinuteEventTask - [updateExamStatus,57] - 更新考试项目,考试状态的状态...结束
01:29:00.012 [schedule-pool-1] INFO  c.x.e.t.EveryMinuteEventTask - [updateExamStatus,33] - 更新考试项目,考试状态的状态...开始
01:29:00.059 [schedule-pool-1] INFO  c.x.e.t.EveryMinuteEventTask - [updateExamStatus,57] - 更新考试项目,考试状态的状态...结束
01:30:00.014 [schedule-pool-1] INFO  c.x.e.t.EveryMinuteEventTask - [updateExamStatus,33] - 更新考试项目,考试状态的状态...开始
01:30:00.061 [schedule-pool-1] INFO  c.x.e.t.EveryMinuteEventTask - [updateExamStatus,57] - 更新考试项目,考试状态的状态...结束
01:31:00.014 [schedule-pool-1] INFO  c.x.e.t.EveryMinuteEventTask - [updateExamStatus,33] - 更新考试项目,考试状态的状态...开始
01:31:00.061 [schedule-pool-1] INFO  c.x.e.t.EveryMinuteEventTask - [updateExamStatus,57] - 更新考试项目,考试状态的状态...结束
01:32:00.026 [schedule-pool-1] INFO  c.x.e.t.EveryMinuteEventTask - [updateExamStatus,33] - 更新考试项目,考试状态的状态...开始
01:32:00.057 [schedule-pool-1] INFO  c.x.e.t.EveryMinuteEventTask - [updateExamStatus,57] - 更新考试项目,考试状态的状态...结束
01:33:00.022 [schedule-pool-1] INFO  c.x.e.t.EveryMinuteEventTask - [updateExamStatus,33] - 更新考试项目,考试状态的状态...开始
01:33:00.069 [schedule-pool-1] INFO  c.x.e.t.EveryMinuteEventTask - [updateExamStatus,57] - 更新考试项目,考试状态的状态...结束
01:34:00.025 [schedule-pool-1] INFO  c.x.e.t.EveryMinuteEventTask - [updateExamStatus,33] - 更新考试项目,考试状态的状态...开始
01:34:00.072 [schedule-pool-1] INFO  c.x.e.t.EveryMinuteEventTask - [updateExamStatus,57] - 更新考试项目,考试状态的状态...结束
01:35:00.006 [schedule-pool-1] INFO  c.x.e.t.EveryMinuteEventTask - [updateExamStatus,33] - 更新考试项目,考试状态的状态...开始
01:35:00.052 [schedule-pool-1] INFO  c.x.e.t.EveryMinuteEventTask - [updateExamStatus,57] - 更新考试项目,考试状态的状态...结束
01:36:00.008 [schedule-pool-1] INFO  c.x.e.t.EveryMinuteEventTask - [updateExamStatus,33] - 更新考试项目,考试状态的状态...开始
01:36:00.055 [schedule-pool-1] INFO  c.x.e.t.EveryMinuteEventTask - [updateExamStatus,57] - 更新考试项目,考试状态的状态...结束
01:37:00.010 [schedule-pool-1] INFO  c.x.e.t.EveryMinuteEventTask - [updateExamStatus,33] - 更新考试项目,考试状态的状态...开始
01:37:00.057 [schedule-pool-1] INFO  c.x.e.t.EveryMinuteEventTask - [updateExamStatus,57] - 更新考试项目,考试状态的状态...结束
01:38:00.011 [schedule-pool-1] INFO  c.x.e.t.EveryMinuteEventTask - [updateExamStatus,33] - 更新考试项目,考试状态的状态...开始
01:38:00.058 [schedule-pool-1] INFO  c.x.e.t.EveryMinuteEventTask - [updateExamStatus,57] - 更新考试项目,考试状态的状态...结束
01:39:00.007 [schedule-pool-1] INFO  c.x.e.t.EveryMinuteEventTask - [updateExamStatus,33] - 更新考试项目,考试状态的状态...开始
01:39:00.054 [schedule-pool-1] INFO  c.x.e.t.EveryMinuteEventTask - [updateExamStatus,57] - 更新考试项目,考试状态的状态...结束
01:40:00.003 [schedule-pool-1] INFO  c.x.e.t.EveryMinuteEventTask - [updateExamStatus,33] - 更新考试项目,考试状态的状态...开始
01:40:00.034 [schedule-pool-1] INFO  c.x.e.t.EveryMinuteEventTask - [updateExamStatus,57] - 更新考试项目,考试状态的状态...结束
01:41:00.005 [schedule-pool-1] INFO  c.x.e.t.EveryMinuteEventTask - [updateExamStatus,33] - 更新考试项目,考试状态的状态...开始
01:41:00.052 [schedule-pool-1] INFO  c.x.e.t.EveryMinuteEventTask - [updateExamStatus,57] - 更新考试项目,考试状态的状态...结束
01:42:00.016 [schedule-pool-1] INFO  c.x.e.t.EveryMinuteEventTask - [updateExamStatus,33] - 更新考试项目,考试状态的状态...开始
01:42:00.063 [schedule-pool-1] INFO  c.x.e.t.EveryMinuteEventTask - [updateExamStatus,57] - 更新考试项目,考试状态的状态...结束
01:43:00.008 [schedule-pool-1] INFO  c.x.e.t.EveryMinuteEventTask - [updateExamStatus,33] - 更新考试项目,考试状态的状态...开始
01:43:00.055 [schedule-pool-1] INFO  c.x.e.t.EveryMinuteEventTask - [updateExamStatus,57] - 更新考试项目,考试状态的状态...结束
01:44:00.019 [schedule-pool-1] INFO  c.x.e.t.EveryMinuteEventTask - [updateExamStatus,33] - 更新考试项目,考试状态的状态...开始
01:44:00.050 [schedule-pool-1] INFO  c.x.e.t.EveryMinuteEventTask - [updateExamStatus,57] - 更新考试项目,考试状态的状态...结束
01:45:00.023 [schedule-pool-1] INFO  c.x.e.t.EveryMinuteEventTask - [updateExamStatus,33] - 更新考试项目,考试状态的状态...开始
01:45:00.054 [schedule-pool-1] INFO  c.x.e.t.EveryMinuteEventTask - [updateExamStatus,57] - 更新考试项目,考试状态的状态...结束
01:46:00.015 [schedule-pool-1] INFO  c.x.e.t.EveryMinuteEventTask - [updateExamStatus,33] - 更新考试项目,考试状态的状态...开始
01:46:00.062 [schedule-pool-1] INFO  c.x.e.t.EveryMinuteEventTask - [updateExamStatus,57] - 更新考试项目,考试状态的状态...结束
01:47:00.005 [schedule-pool-1] INFO  c.x.e.t.EveryMinuteEventTask - [updateExamStatus,33] - 更新考试项目,考试状态的状态...开始
01:47:00.052 [schedule-pool-1] INFO  c.x.e.t.EveryMinuteEventTask - [updateExamStatus,57] - 更新考试项目,考试状态的状态...结束
01:48:00.017 [schedule-pool-1] INFO  c.x.e.t.EveryMinuteEventTask - [updateExamStatus,33] - 更新考试项目,考试状态的状态...开始
01:48:00.064 [schedule-pool-1] INFO  c.x.e.t.EveryMinuteEventTask - [updateExamStatus,57] - 更新考试项目,考试状态的状态...结束
01:49:00.012 [schedule-pool-1] INFO  c.x.e.t.EveryMinuteEventTask - [updateExamStatus,33] - 更新考试项目,考试状态的状态...开始
01:49:00.059 [schedule-pool-1] INFO  c.x.e.t.EveryMinuteEventTask - [updateExamStatus,57] - 更新考试项目,考试状态的状态...结束
01:50:00.007 [schedule-pool-1] INFO  c.x.e.t.EveryMinuteEventTask - [updateExamStatus,33] - 更新考试项目,考试状态的状态...开始
01:50:00.054 [schedule-pool-1] INFO  c.x.e.t.EveryMinuteEventTask - [updateExamStatus,57] - 更新考试项目,考试状态的状态...结束
01:51:00.016 [schedule-pool-1] INFO  c.x.e.t.EveryMinuteEventTask - [updateExamStatus,33] - 更新考试项目,考试状态的状态...开始
01:51:00.063 [schedule-pool-1] INFO  c.x.e.t.EveryMinuteEventTask - [updateExamStatus,57] - 更新考试项目,考试状态的状态...结束
01:52:00.017 [schedule-pool-1] INFO  c.x.e.t.EveryMinuteEventTask - [updateExamStatus,33] - 更新考试项目,考试状态的状态...开始
01:52:00.064 [schedule-pool-1] INFO  c.x.e.t.EveryMinuteEventTask - [updateExamStatus,57] - 更新考试项目,考试状态的状态...结束
01:53:00.015 [schedule-pool-1] INFO  c.x.e.t.EveryMinuteEventTask - [updateExamStatus,33] - 更新考试项目,考试状态的状态...开始
01:53:00.062 [schedule-pool-1] INFO  c.x.e.t.EveryMinuteEventTask - [updateExamStatus,57] - 更新考试项目,考试状态的状态...结束
01:54:00.013 [schedule-pool-1] INFO  c.x.e.t.EveryMinuteEventTask - [updateExamStatus,33] - 更新考试项目,考试状态的状态...开始
01:54:00.059 [schedule-pool-1] INFO  c.x.e.t.EveryMinuteEventTask - [updateExamStatus,57] - 更新考试项目,考试状态的状态...结束
01:55:00.008 [schedule-pool-1] INFO  c.x.e.t.EveryMinuteEventTask - [updateExamStatus,33] - 更新考试项目,考试状态的状态...开始
01:55:00.055 [schedule-pool-1] INFO  c.x.e.t.EveryMinuteEventTask - [updateExamStatus,57] - 更新考试项目,考试状态的状态...结束
01:56:00.013 [schedule-pool-1] INFO  c.x.e.t.EveryMinuteEventTask - [updateExamStatus,33] - 更新考试项目,考试状态的状态...开始
01:56:00.060 [schedule-pool-1] INFO  c.x.e.t.EveryMinuteEventTask - [updateExamStatus,57] - 更新考试项目,考试状态的状态...结束
01:57:00.023 [schedule-pool-1] INFO  c.x.e.t.EveryMinuteEventTask - [updateExamStatus,33] - 更新考试项目,考试状态的状态...开始
01:57:00.070 [schedule-pool-1] INFO  c.x.e.t.EveryMinuteEventTask - [updateExamStatus,57] - 更新考试项目,考试状态的状态...结束
01:58:00.018 [schedule-pool-1] INFO  c.x.e.t.EveryMinuteEventTask - [updateExamStatus,33] - 更新考试项目,考试状态的状态...开始
01:58:00.049 [schedule-pool-1] INFO  c.x.e.t.EveryMinuteEventTask - [updateExamStatus,57] - 更新考试项目,考试状态的状态...结束
01:59:00.027 [schedule-pool-1] INFO  c.x.e.t.EveryMinuteEventTask - [updateExamStatus,33] - 更新考试项目,考试状态的状态...开始
01:59:00.074 [schedule-pool-1] INFO  c.x.e.t.EveryMinuteEventTask - [updateExamStatus,57] - 更新考试项目,考试状态的状态...结束
02:00:00.015 [schedule-pool-1] INFO  c.x.e.t.EveryMinuteEventTask - [updateExamStatus,33] - 更新考试项目,考试状态的状态...开始
02:00:00.062 [schedule-pool-1] INFO  c.x.e.t.EveryMinuteEventTask - [updateExamStatus,57] - 更新考试项目,考试状态的状态...结束
02:01:00.008 [schedule-pool-1] INFO  c.x.e.t.EveryMinuteEventTask - [updateExamStatus,33] - 更新考试项目,考试状态的状态...开始
02:01:00.055 [schedule-pool-1] INFO  c.x.e.t.EveryMinuteEventTask - [updateExamStatus,57] - 更新考试项目,考试状态的状态...结束
02:02:00.016 [schedule-pool-1] INFO  c.x.e.t.EveryMinuteEventTask - [updateExamStatus,33] - 更新考试项目,考试状态的状态...开始
02:02:00.063 [schedule-pool-1] INFO  c.x.e.t.EveryMinuteEventTask - [updateExamStatus,57] - 更新考试项目,考试状态的状态...结束
02:03:00.011 [schedule-pool-1] INFO  c.x.e.t.EveryMinuteEventTask - [updateExamStatus,33] - 更新考试项目,考试状态的状态...开始
02:03:00.058 [schedule-pool-1] INFO  c.x.e.t.EveryMinuteEventTask - [updateExamStatus,57] - 更新考试项目,考试状态的状态...结束
02:04:00.019 [schedule-pool-1] INFO  c.x.e.t.EveryMinuteEventTask - [updateExamStatus,33] - 更新考试项目,考试状态的状态...开始
02:04:00.066 [schedule-pool-1] INFO  c.x.e.t.EveryMinuteEventTask - [updateExamStatus,57] - 更新考试项目,考试状态的状态...结束
02:05:00.015 [schedule-pool-1] INFO  c.x.e.t.EveryMinuteEventTask - [updateExamStatus,33] - 更新考试项目,考试状态的状态...开始
02:05:00.061 [schedule-pool-1] INFO  c.x.e.t.EveryMinuteEventTask - [updateExamStatus,57] - 更新考试项目,考试状态的状态...结束
02:06:00.011 [schedule-pool-1] INFO  c.x.e.t.EveryMinuteEventTask - [updateExamStatus,33] - 更新考试项目,考试状态的状态...开始
02:06:00.058 [schedule-pool-1] INFO  c.x.e.t.EveryMinuteEventTask - [updateExamStatus,57] - 更新考试项目,考试状态的状态...结束
02:07:00.022 [schedule-pool-1] INFO  c.x.e.t.EveryMinuteEventTask - [updateExamStatus,33] - 更新考试项目,考试状态的状态...开始
02:07:00.053 [schedule-pool-1] INFO  c.x.e.t.EveryMinuteEventTask - [updateExamStatus,57] - 更新考试项目,考试状态的状态...结束
02:08:00.006 [schedule-pool-1] INFO  c.x.e.t.EveryMinuteEventTask - [updateExamStatus,33] - 更新考试项目,考试状态的状态...开始
02:08:00.053 [schedule-pool-1] INFO  c.x.e.t.EveryMinuteEventTask - [updateExamStatus,57] - 更新考试项目,考试状态的状态...结束
02:09:00.009 [schedule-pool-1] INFO  c.x.e.t.EveryMinuteEventTask - [updateExamStatus,33] - 更新考试项目,考试状态的状态...开始
02:09:00.056 [schedule-pool-1] INFO  c.x.e.t.EveryMinuteEventTask - [updateExamStatus,57] - 更新考试项目,考试状态的状态...结束
02:10:00.002 [schedule-pool-1] INFO  c.x.e.t.EveryMinuteEventTask - [updateExamStatus,33] - 更新考试项目,考试状态的状态...开始
02:10:00.049 [schedule-pool-1] INFO  c.x.e.t.EveryMinuteEventTask - [updateExamStatus,57] - 更新考试项目,考试状态的状态...结束
02:11:00.015 [schedule-pool-1] INFO  c.x.e.t.EveryMinuteEventTask - [updateExamStatus,33] - 更新考试项目,考试状态的状态...开始
02:11:00.046 [schedule-pool-1] INFO  c.x.e.t.EveryMinuteEventTask - [updateExamStatus,57] - 更新考试项目,考试状态的状态...结束
02:12:00.020 [schedule-pool-1] INFO  c.x.e.t.EveryMinuteEventTask - [updateExamStatus,33] - 更新考试项目,考试状态的状态...开始
02:12:00.067 [schedule-pool-1] INFO  c.x.e.t.EveryMinuteEventTask - [updateExamStatus,57] - 更新考试项目,考试状态的状态...结束
02:13:00.017 [schedule-pool-1] INFO  c.x.e.t.EveryMinuteEventTask - [updateExamStatus,33] - 更新考试项目,考试状态的状态...开始
02:13:00.048 [schedule-pool-1] INFO  c.x.e.t.EveryMinuteEventTask - [updateExamStatus,57] - 更新考试项目,考试状态的状态...结束
02:14:00.026 [schedule-pool-1] INFO  c.x.e.t.EveryMinuteEventTask - [updateExamStatus,33] - 更新考试项目,考试状态的状态...开始
02:14:00.073 [schedule-pool-1] INFO  c.x.e.t.EveryMinuteEventTask - [updateExamStatus,57] - 更新考试项目,考试状态的状态...结束
02:15:00.013 [schedule-pool-1] INFO  c.x.e.t.EveryMinuteEventTask - [updateExamStatus,33] - 更新考试项目,考试状态的状态...开始
02:15:00.060 [schedule-pool-1] INFO  c.x.e.t.EveryMinuteEventTask - [updateExamStatus,57] - 更新考试项目,考试状态的状态...结束
02:16:00.002 [schedule-pool-1] INFO  c.x.e.t.EveryMinuteEventTask - [updateExamStatus,33] - 更新考试项目,考试状态的状态...开始
02:16:00.049 [schedule-pool-1] INFO  c.x.e.t.EveryMinuteEventTask - [updateExamStatus,57] - 更新考试项目,考试状态的状态...结束
02:17:00.002 [schedule-pool-1] INFO  c.x.e.t.EveryMinuteEventTask - [updateExamStatus,33] - 更新考试项目,考试状态的状态...开始
02:17:00.049 [schedule-pool-1] INFO  c.x.e.t.EveryMinuteEventTask - [updateExamStatus,57] - 更新考试项目,考试状态的状态...结束
02:18:00.012 [schedule-pool-1] INFO  c.x.e.t.EveryMinuteEventTask - [updateExamStatus,33] - 更新考试项目,考试状态的状态...开始
02:18:00.059 [schedule-pool-1] INFO  c.x.e.t.EveryMinuteEventTask - [updateExamStatus,57] - 更新考试项目,考试状态的状态...结束
02:19:00.016 [schedule-pool-1] INFO  c.x.e.t.EveryMinuteEventTask - [updateExamStatus,33] - 更新考试项目,考试状态的状态...开始
02:19:00.063 [schedule-pool-1] INFO  c.x.e.t.EveryMinuteEventTask - [updateExamStatus,57] - 更新考试项目,考试状态的状态...结束
02:20:00.010 [schedule-pool-1] INFO  c.x.e.t.EveryMinuteEventTask - [updateExamStatus,33] - 更新考试项目,考试状态的状态...开始
02:20:00.041 [schedule-pool-1] INFO  c.x.e.t.EveryMinuteEventTask - [updateExamStatus,57] - 更新考试项目,考试状态的状态...结束
02:21:00.023 [schedule-pool-1] INFO  c.x.e.t.EveryMinuteEventTask - [updateExamStatus,33] - 更新考试项目,考试状态的状态...开始
02:21:00.070 [schedule-pool-1] INFO  c.x.e.t.EveryMinuteEventTask - [updateExamStatus,57] - 更新考试项目,考试状态的状态...结束
02:22:00.002 [schedule-pool-1] INFO  c.x.e.t.EveryMinuteEventTask - [updateExamStatus,33] - 更新考试项目,考试状态的状态...开始
02:22:00.049 [schedule-pool-1] INFO  c.x.e.t.EveryMinuteEventTask - [updateExamStatus,57] - 更新考试项目,考试状态的状态...结束
02:23:00.012 [schedule-pool-1] INFO  c.x.e.t.EveryMinuteEventTask - [updateExamStatus,33] - 更新考试项目,考试状态的状态...开始
02:23:00.059 [schedule-pool-1] INFO  c.x.e.t.EveryMinuteEventTask - [updateExamStatus,57] - 更新考试项目,考试状态的状态...结束
02:24:00.011 [schedule-pool-1] INFO  c.x.e.t.EveryMinuteEventTask - [updateExamStatus,33] - 更新考试项目,考试状态的状态...开始
02:24:00.057 [schedule-pool-1] INFO  c.x.e.t.EveryMinuteEventTask - [updateExamStatus,57] - 更新考试项目,考试状态的状态...结束
02:25:00.020 [schedule-pool-1] INFO  c.x.e.t.EveryMinuteEventTask - [updateExamStatus,33] - 更新考试项目,考试状态的状态...开始
02:25:00.066 [schedule-pool-1] INFO  c.x.e.t.EveryMinuteEventTask - [updateExamStatus,57] - 更新考试项目,考试状态的状态...结束
02:26:00.021 [schedule-pool-1] INFO  c.x.e.t.EveryMinuteEventTask - [updateExamStatus,33] - 更新考试项目,考试状态的状态...开始
02:26:00.084 [schedule-pool-1] INFO  c.x.e.t.EveryMinuteEventTask - [updateExamStatus,57] - 更新考试项目,考试状态的状态...结束
02:27:00.007 [schedule-pool-1] INFO  c.x.e.t.EveryMinuteEventTask - [updateExamStatus,33] - 更新考试项目,考试状态的状态...开始
02:27:00.054 [schedule-pool-1] INFO  c.x.e.t.EveryMinuteEventTask - [updateExamStatus,57] - 更新考试项目,考试状态的状态...结束
02:28:00.012 [schedule-pool-1] INFO  c.x.e.t.EveryMinuteEventTask - [updateExamStatus,33] - 更新考试项目,考试状态的状态...开始
02:28:00.059 [schedule-pool-1] INFO  c.x.e.t.EveryMinuteEventTask - [updateExamStatus,57] - 更新考试项目,考试状态的状态...结束
02:29:00.019 [schedule-pool-1] INFO  c.x.e.t.EveryMinuteEventTask - [updateExamStatus,33] - 更新考试项目,考试状态的状态...开始
02:29:00.066 [schedule-pool-1] INFO  c.x.e.t.EveryMinuteEventTask - [updateExamStatus,57] - 更新考试项目,考试状态的状态...结束
02:30:00.025 [schedule-pool-1] INFO  c.x.e.t.EveryMinuteEventTask - [updateExamStatus,33] - 更新考试项目,考试状态的状态...开始
02:30:00.072 [schedule-pool-1] INFO  c.x.e.t.EveryMinuteEventTask - [updateExamStatus,57] - 更新考试项目,考试状态的状态...结束
02:31:00.021 [schedule-pool-1] INFO  c.x.e.t.EveryMinuteEventTask - [updateExamStatus,33] - 更新考试项目,考试状态的状态...开始
02:31:00.067 [schedule-pool-1] INFO  c.x.e.t.EveryMinuteEventTask - [updateExamStatus,57] - 更新考试项目,考试状态的状态...结束
02:32:00.009 [schedule-pool-1] INFO  c.x.e.t.EveryMinuteEventTask - [updateExamStatus,33] - 更新考试项目,考试状态的状态...开始
02:32:00.055 [schedule-pool-1] INFO  c.x.e.t.EveryMinuteEventTask - [updateExamStatus,57] - 更新考试项目,考试状态的状态...结束
02:33:00.018 [schedule-pool-1] INFO  c.x.e.t.EveryMinuteEventTask - [updateExamStatus,33] - 更新考试项目,考试状态的状态...开始
02:33:00.065 [schedule-pool-1] INFO  c.x.e.t.EveryMinuteEventTask - [updateExamStatus,57] - 更新考试项目,考试状态的状态...结束
02:34:00.007 [schedule-pool-1] INFO  c.x.e.t.EveryMinuteEventTask - [updateExamStatus,33] - 更新考试项目,考试状态的状态...开始
02:34:00.038 [schedule-pool-1] INFO  c.x.e.t.EveryMinuteEventTask - [updateExamStatus,57] - 更新考试项目,考试状态的状态...结束
02:35:00.014 [schedule-pool-1] INFO  c.x.e.t.EveryMinuteEventTask - [updateExamStatus,33] - 更新考试项目,考试状态的状态...开始
02:35:00.061 [schedule-pool-1] INFO  c.x.e.t.EveryMinuteEventTask - [updateExamStatus,57] - 更新考试项目,考试状态的状态...结束
02:36:00.002 [schedule-pool-1] INFO  c.x.e.t.EveryMinuteEventTask - [updateExamStatus,33] - 更新考试项目,考试状态的状态...开始
02:36:00.049 [schedule-pool-1] INFO  c.x.e.t.EveryMinuteEventTask - [updateExamStatus,57] - 更新考试项目,考试状态的状态...结束
02:37:00.010 [schedule-pool-1] INFO  c.x.e.t.EveryMinuteEventTask - [updateExamStatus,33] - 更新考试项目,考试状态的状态...开始
02:37:00.041 [schedule-pool-1] INFO  c.x.e.t.EveryMinuteEventTask - [updateExamStatus,57] - 更新考试项目,考试状态的状态...结束
02:38:00.019 [schedule-pool-1] INFO  c.x.e.t.EveryMinuteEventTask - [updateExamStatus,33] - 更新考试项目,考试状态的状态...开始
02:38:00.050 [schedule-pool-1] INFO  c.x.e.t.EveryMinuteEventTask - [updateExamStatus,57] - 更新考试项目,考试状态的状态...结束
02:39:00.022 [schedule-pool-1] INFO  c.x.e.t.EveryMinuteEventTask - [updateExamStatus,33] - 更新考试项目,考试状态的状态...开始
02:39:00.069 [schedule-pool-1] INFO  c.x.e.t.EveryMinuteEventTask - [updateExamStatus,57] - 更新考试项目,考试状态的状态...结束
02:40:00.004 [schedule-pool-1] INFO  c.x.e.t.EveryMinuteEventTask - [updateExamStatus,33] - 更新考试项目,考试状态的状态...开始
02:40:00.050 [schedule-pool-1] INFO  c.x.e.t.EveryMinuteEventTask - [updateExamStatus,57] - 更新考试项目,考试状态的状态...结束
02:41:00.009 [schedule-pool-1] INFO  c.x.e.t.EveryMinuteEventTask - [updateExamStatus,33] - 更新考试项目,考试状态的状态...开始
02:41:00.056 [schedule-pool-1] INFO  c.x.e.t.EveryMinuteEventTask - [updateExamStatus,57] - 更新考试项目,考试状态的状态...结束
02:42:00.013 [schedule-pool-1] INFO  c.x.e.t.EveryMinuteEventTask - [updateExamStatus,33] - 更新考试项目,考试状态的状态...开始
02:42:00.061 [schedule-pool-1] INFO  c.x.e.t.EveryMinuteEventTask - [updateExamStatus,57] - 更新考试项目,考试状态的状态...结束
02:43:00.007 [schedule-pool-1] INFO  c.x.e.t.EveryMinuteEventTask - [updateExamStatus,33] - 更新考试项目,考试状态的状态...开始
02:43:00.054 [schedule-pool-1] INFO  c.x.e.t.EveryMinuteEventTask - [updateExamStatus,57] - 更新考试项目,考试状态的状态...结束
02:44:00.010 [schedule-pool-1] INFO  c.x.e.t.EveryMinuteEventTask - [updateExamStatus,33] - 更新考试项目,考试状态的状态...开始
02:44:00.057 [schedule-pool-1] INFO  c.x.e.t.EveryMinuteEventTask - [updateExamStatus,57] - 更新考试项目,考试状态的状态...结束
02:45:00.013 [schedule-pool-1] INFO  c.x.e.t.EveryMinuteEventTask - [updateExamStatus,33] - 更新考试项目,考试状态的状态...开始
02:45:00.076 [schedule-pool-1] INFO  c.x.e.t.EveryMinuteEventTask - [updateExamStatus,57] - 更新考试项目,考试状态的状态...结束
02:46:00.020 [schedule-pool-1] INFO  c.x.e.t.EveryMinuteEventTask - [updateExamStatus,33] - 更新考试项目,考试状态的状态...开始
02:46:00.066 [schedule-pool-1] INFO  c.x.e.t.EveryMinuteEventTask - [updateExamStatus,57] - 更新考试项目,考试状态的状态...结束
02:47:00.010 [schedule-pool-1] INFO  c.x.e.t.EveryMinuteEventTask - [updateExamStatus,33] - 更新考试项目,考试状态的状态...开始
02:47:00.057 [schedule-pool-1] INFO  c.x.e.t.EveryMinuteEventTask - [updateExamStatus,57] - 更新考试项目,考试状态的状态...结束
02:48:00.029 [schedule-pool-1] INFO  c.x.e.t.EveryMinuteEventTask - [updateExamStatus,33] - 更新考试项目,考试状态的状态...开始
02:48:00.060 [schedule-pool-1] INFO  c.x.e.t.EveryMinuteEventTask - [updateExamStatus,57] - 更新考试项目,考试状态的状态...结束
02:49:00.017 [schedule-pool-1] INFO  c.x.e.t.EveryMinuteEventTask - [updateExamStatus,33] - 更新考试项目,考试状态的状态...开始
02:49:00.064 [schedule-pool-1] INFO  c.x.e.t.EveryMinuteEventTask - [updateExamStatus,57] - 更新考试项目,考试状态的状态...结束
02:50:00.007 [schedule-pool-1] INFO  c.x.e.t.EveryMinuteEventTask - [updateExamStatus,33] - 更新考试项目,考试状态的状态...开始
02:50:00.038 [schedule-pool-1] INFO  c.x.e.t.EveryMinuteEventTask - [updateExamStatus,57] - 更新考试项目,考试状态的状态...结束
02:51:00.023 [schedule-pool-1] INFO  c.x.e.t.EveryMinuteEventTask - [updateExamStatus,33] - 更新考试项目,考试状态的状态...开始
02:51:00.069 [schedule-pool-1] INFO  c.x.e.t.EveryMinuteEventTask - [updateExamStatus,57] - 更新考试项目,考试状态的状态...结束
02:52:00.013 [schedule-pool-1] INFO  c.x.e.t.EveryMinuteEventTask - [updateExamStatus,33] - 更新考试项目,考试状态的状态...开始
02:52:00.060 [schedule-pool-1] INFO  c.x.e.t.EveryMinuteEventTask - [updateExamStatus,57] - 更新考试项目,考试状态的状态...结束
02:53:00.008 [schedule-pool-1] INFO  c.x.e.t.EveryMinuteEventTask - [updateExamStatus,33] - 更新考试项目,考试状态的状态...开始
02:53:00.054 [schedule-pool-1] INFO  c.x.e.t.EveryMinuteEventTask - [updateExamStatus,57] - 更新考试项目,考试状态的状态...结束
02:54:00.006 [schedule-pool-1] INFO  c.x.e.t.EveryMinuteEventTask - [updateExamStatus,33] - 更新考试项目,考试状态的状态...开始
02:54:00.053 [schedule-pool-1] INFO  c.x.e.t.EveryMinuteEventTask - [updateExamStatus,57] - 更新考试项目,考试状态的状态...结束
02:55:00.005 [schedule-pool-1] INFO  c.x.e.t.EveryMinuteEventTask - [updateExamStatus,33] - 更新考试项目,考试状态的状态...开始
02:55:00.052 [schedule-pool-1] INFO  c.x.e.t.EveryMinuteEventTask - [updateExamStatus,57] - 更新考试项目,考试状态的状态...结束
02:56:00.012 [schedule-pool-1] INFO  c.x.e.t.EveryMinuteEventTask - [updateExamStatus,33] - 更新考试项目,考试状态的状态...开始
02:56:00.059 [schedule-pool-1] INFO  c.x.e.t.EveryMinuteEventTask - [updateExamStatus,57] - 更新考试项目,考试状态的状态...结束
02:57:00.011 [schedule-pool-1] INFO  c.x.e.t.EveryMinuteEventTask - [updateExamStatus,33] - 更新考试项目,考试状态的状态...开始
02:57:00.058 [schedule-pool-1] INFO  c.x.e.t.EveryMinuteEventTask - [updateExamStatus,57] - 更新考试项目,考试状态的状态...结束
02:58:00.007 [schedule-pool-1] INFO  c.x.e.t.EveryMinuteEventTask - [updateExamStatus,33] - 更新考试项目,考试状态的状态...开始
02:58:00.054 [schedule-pool-1] INFO  c.x.e.t.EveryMinuteEventTask - [updateExamStatus,57] - 更新考试项目,考试状态的状态...结束
02:59:00.020 [schedule-pool-1] INFO  c.x.e.t.EveryMinuteEventTask - [updateExamStatus,33] - 更新考试项目,考试状态的状态...开始
02:59:00.051 [schedule-pool-1] INFO  c.x.e.t.EveryMinuteEventTask - [updateExamStatus,57] - 更新考试项目,考试状态的状态...结束
03:00:00.023 [schedule-pool-1] INFO  c.x.e.t.EveryMinuteEventTask - [updateExamStatus,33] - 更新考试项目,考试状态的状态...开始
03:00:00.055 [schedule-pool-1] INFO  c.x.e.t.EveryMinuteEventTask - [updateExamStatus,57] - 更新考试项目,考试状态的状态...结束
03:01:00.016 [schedule-pool-1] INFO  c.x.e.t.EveryMinuteEventTask - [updateExamStatus,33] - 更新考试项目,考试状态的状态...开始
03:01:00.063 [schedule-pool-1] INFO  c.x.e.t.EveryMinuteEventTask - [updateExamStatus,57] - 更新考试项目,考试状态的状态...结束
03:02:00.024 [schedule-pool-1] INFO  c.x.e.t.EveryMinuteEventTask - [updateExamStatus,33] - 更新考试项目,考试状态的状态...开始
03:02:00.071 [schedule-pool-1] INFO  c.x.e.t.EveryMinuteEventTask - [updateExamStatus,57] - 更新考试项目,考试状态的状态...结束
03:03:00.006 [schedule-pool-1] INFO  c.x.e.t.EveryMinuteEventTask - [updateExamStatus,33] - 更新考试项目,考试状态的状态...开始
03:03:00.053 [schedule-pool-1] INFO  c.x.e.t.EveryMinuteEventTask - [updateExamStatus,57] - 更新考试项目,考试状态的状态...结束
03:04:00.008 [schedule-pool-1] INFO  c.x.e.t.EveryMinuteEventTask - [updateExamStatus,33] - 更新考试项目,考试状态的状态...开始
03:04:00.039 [schedule-pool-1] INFO  c.x.e.t.EveryMinuteEventTask - [updateExamStatus,57] - 更新考试项目,考试状态的状态...结束
03:05:00.029 [schedule-pool-1] INFO  c.x.e.t.EveryMinuteEventTask - [updateExamStatus,33] - 更新考试项目,考试状态的状态...开始
03:05:00.075 [schedule-pool-1] INFO  c.x.e.t.EveryMinuteEventTask - [updateExamStatus,57] - 更新考试项目,考试状态的状态...结束
03:06:00.008 [schedule-pool-1] INFO  c.x.e.t.EveryMinuteEventTask - [updateExamStatus,33] - 更新考试项目,考试状态的状态...开始
03:06:00.055 [schedule-pool-1] INFO  c.x.e.t.EveryMinuteEventTask - [updateExamStatus,57] - 更新考试项目,考试状态的状态...结束
03:07:00.018 [schedule-pool-1] INFO  c.x.e.t.EveryMinuteEventTask - [updateExamStatus,33] - 更新考试项目,考试状态的状态...开始
03:07:00.066 [schedule-pool-1] INFO  c.x.e.t.EveryMinuteEventTask - [updateExamStatus,57] - 更新考试项目,考试状态的状态...结束
03:08:00.011 [schedule-pool-1] INFO  c.x.e.t.EveryMinuteEventTask - [updateExamStatus,33] - 更新考试项目,考试状态的状态...开始
03:08:00.057 [schedule-pool-1] INFO  c.x.e.t.EveryMinuteEventTask - [updateExamStatus,57] - 更新考试项目,考试状态的状态...结束
03:09:00.008 [schedule-pool-1] INFO  c.x.e.t.EveryMinuteEventTask - [updateExamStatus,33] - 更新考试项目,考试状态的状态...开始
03:09:00.055 [schedule-pool-1] INFO  c.x.e.t.EveryMinuteEventTask - [updateExamStatus,57] - 更新考试项目,考试状态的状态...结束
03:10:00.017 [schedule-pool-1] INFO  c.x.e.t.EveryMinuteEventTask - [updateExamStatus,33] - 更新考试项目,考试状态的状态...开始
03:10:00.063 [schedule-pool-1] INFO  c.x.e.t.EveryMinuteEventTask - [updateExamStatus,57] - 更新考试项目,考试状态的状态...结束
03:11:00.011 [schedule-pool-1] INFO  c.x.e.t.EveryMinuteEventTask - [updateExamStatus,33] - 更新考试项目,考试状态的状态...开始
03:11:00.043 [schedule-pool-1] INFO  c.x.e.t.EveryMinuteEventTask - [updateExamStatus,57] - 更新考试项目,考试状态的状态...结束
03:12:00.021 [schedule-pool-1] INFO  c.x.e.t.EveryMinuteEventTask - [updateExamStatus,33] - 更新考试项目,考试状态的状态...开始
03:12:00.068 [schedule-pool-1] INFO  c.x.e.t.EveryMinuteEventTask - [updateExamStatus,57] - 更新考试项目,考试状态的状态...结束
03:13:00.011 [schedule-pool-1] INFO  c.x.e.t.EveryMinuteEventTask - [updateExamStatus,33] - 更新考试项目,考试状态的状态...开始
03:13:00.058 [schedule-pool-1] INFO  c.x.e.t.EveryMinuteEventTask - [updateExamStatus,57] - 更新考试项目,考试状态的状态...结束
03:14:00.012 [schedule-pool-1] INFO  c.x.e.t.EveryMinuteEventTask - [updateExamStatus,33] - 更新考试项目,考试状态的状态...开始
03:14:00.059 [schedule-pool-1] INFO  c.x.e.t.EveryMinuteEventTask - [updateExamStatus,57] - 更新考试项目,考试状态的状态...结束
03:15:00.020 [schedule-pool-1] INFO  c.x.e.t.EveryMinuteEventTask - [updateExamStatus,33] - 更新考试项目,考试状态的状态...开始
03:15:00.067 [schedule-pool-1] INFO  c.x.e.t.EveryMinuteEventTask - [updateExamStatus,57] - 更新考试项目,考试状态的状态...结束
03:16:00.010 [schedule-pool-1] INFO  c.x.e.t.EveryMinuteEventTask - [updateExamStatus,33] - 更新考试项目,考试状态的状态...开始
03:16:00.057 [schedule-pool-1] INFO  c.x.e.t.EveryMinuteEventTask - [updateExamStatus,57] - 更新考试项目,考试状态的状态...结束
03:17:00.005 [schedule-pool-1] INFO  c.x.e.t.EveryMinuteEventTask - [updateExamStatus,33] - 更新考试项目,考试状态的状态...开始
03:17:00.052 [schedule-pool-1] INFO  c.x.e.t.EveryMinuteEventTask - [updateExamStatus,57] - 更新考试项目,考试状态的状态...结束
03:18:00.015 [schedule-pool-1] INFO  c.x.e.t.EveryMinuteEventTask - [updateExamStatus,33] - 更新考试项目,考试状态的状态...开始
03:18:00.063 [schedule-pool-1] INFO  c.x.e.t.EveryMinuteEventTask - [updateExamStatus,57] - 更新考试项目,考试状态的状态...结束
03:19:00.011 [schedule-pool-1] INFO  c.x.e.t.EveryMinuteEventTask - [updateExamStatus,33] - 更新考试项目,考试状态的状态...开始
03:19:00.042 [schedule-pool-1] INFO  c.x.e.t.EveryMinuteEventTask - [updateExamStatus,57] - 更新考试项目,考试状态的状态...结束
03:20:00.024 [schedule-pool-1] INFO  c.x.e.t.EveryMinuteEventTask - [updateExamStatus,33] - 更新考试项目,考试状态的状态...开始
03:20:00.055 [schedule-pool-1] INFO  c.x.e.t.EveryMinuteEventTask - [updateExamStatus,57] - 更新考试项目,考试状态的状态...结束
03:21:00.026 [schedule-pool-1] INFO  c.x.e.t.EveryMinuteEventTask - [updateExamStatus,33] - 更新考试项目,考试状态的状态...开始
03:21:00.072 [schedule-pool-1] INFO  c.x.e.t.EveryMinuteEventTask - [updateExamStatus,57] - 更新考试项目,考试状态的状态...结束
03:22:00.001 [schedule-pool-1] INFO  c.x.e.t.EveryMinuteEventTask - [updateExamStatus,33] - 更新考试项目,考试状态的状态...开始
03:22:00.032 [schedule-pool-1] INFO  c.x.e.t.EveryMinuteEventTask - [updateExamStatus,57] - 更新考试项目,考试状态的状态...结束
03:23:00.026 [schedule-pool-1] INFO  c.x.e.t.EveryMinuteEventTask - [updateExamStatus,33] - 更新考试项目,考试状态的状态...开始
03:23:00.057 [schedule-pool-1] INFO  c.x.e.t.EveryMinuteEventTask - [updateExamStatus,57] - 更新考试项目,考试状态的状态...结束
03:24:00.027 [schedule-pool-1] INFO  c.x.e.t.EveryMinuteEventTask - [updateExamStatus,33] - 更新考试项目,考试状态的状态...开始
03:24:00.074 [schedule-pool-1] INFO  c.x.e.t.EveryMinuteEventTask - [updateExamStatus,57] - 更新考试项目,考试状态的状态...结束
03:25:00.019 [schedule-pool-1] INFO  c.x.e.t.EveryMinuteEventTask - [updateExamStatus,33] - 更新考试项目,考试状态的状态...开始
03:25:00.050 [schedule-pool-1] INFO  c.x.e.t.EveryMinuteEventTask - [updateExamStatus,57] - 更新考试项目,考试状态的状态...结束
03:26:00.020 [schedule-pool-1] INFO  c.x.e.t.EveryMinuteEventTask - [updateExamStatus,33] - 更新考试项目,考试状态的状态...开始
03:26:00.067 [schedule-pool-1] INFO  c.x.e.t.EveryMinuteEventTask - [updateExamStatus,57] - 更新考试项目,考试状态的状态...结束
03:27:00.008 [schedule-pool-1] INFO  c.x.e.t.EveryMinuteEventTask - [updateExamStatus,33] - 更新考试项目,考试状态的状态...开始
03:27:00.055 [schedule-pool-1] INFO  c.x.e.t.EveryMinuteEventTask - [updateExamStatus,57] - 更新考试项目,考试状态的状态...结束
03:28:00.004 [schedule-pool-1] INFO  c.x.e.t.EveryMinuteEventTask - [updateExamStatus,33] - 更新考试项目,考试状态的状态...开始
03:28:00.051 [schedule-pool-1] INFO  c.x.e.t.EveryMinuteEventTask - [updateExamStatus,57] - 更新考试项目,考试状态的状态...结束
03:29:00.012 [schedule-pool-1] INFO  c.x.e.t.EveryMinuteEventTask - [updateExamStatus,33] - 更新考试项目,考试状态的状态...开始
03:29:00.059 [schedule-pool-1] INFO  c.x.e.t.EveryMinuteEventTask - [updateExamStatus,57] - 更新考试项目,考试状态的状态...结束
03:30:00.008 [schedule-pool-1] INFO  c.x.e.t.EveryMinuteEventTask - [updateExamStatus,33] - 更新考试项目,考试状态的状态...开始
03:30:00.055 [schedule-pool-1] INFO  c.x.e.t.EveryMinuteEventTask - [updateExamStatus,57] - 更新考试项目,考试状态的状态...结束
03:31:00.010 [schedule-pool-1] INFO  c.x.e.t.EveryMinuteEventTask - [updateExamStatus,33] - 更新考试项目,考试状态的状态...开始
03:31:00.041 [schedule-pool-1] INFO  c.x.e.t.EveryMinuteEventTask - [updateExamStatus,57] - 更新考试项目,考试状态的状态...结束
03:32:00.016 [schedule-pool-1] INFO  c.x.e.t.EveryMinuteEventTask - [updateExamStatus,33] - 更新考试项目,考试状态的状态...开始
03:32:00.063 [schedule-pool-1] INFO  c.x.e.t.EveryMinuteEventTask - [updateExamStatus,57] - 更新考试项目,考试状态的状态...结束
03:33:00.012 [schedule-pool-1] INFO  c.x.e.t.EveryMinuteEventTask - [updateExamStatus,33] - 更新考试项目,考试状态的状态...开始
03:33:00.059 [schedule-pool-1] INFO  c.x.e.t.EveryMinuteEventTask - [updateExamStatus,57] - 更新考试项目,考试状态的状态...结束
03:34:00.020 [schedule-pool-1] INFO  c.x.e.t.EveryMinuteEventTask - [updateExamStatus,33] - 更新考试项目,考试状态的状态...开始
03:34:00.067 [schedule-pool-1] INFO  c.x.e.t.EveryMinuteEventTask - [updateExamStatus,57] - 更新考试项目,考试状态的状态...结束
03:35:00.016 [schedule-pool-1] INFO  c.x.e.t.EveryMinuteEventTask - [updateExamStatus,33] - 更新考试项目,考试状态的状态...开始
03:35:00.047 [schedule-pool-1] INFO  c.x.e.t.EveryMinuteEventTask - [updateExamStatus,57] - 更新考试项目,考试状态的状态...结束
03:36:00.021 [schedule-pool-1] INFO  c.x.e.t.EveryMinuteEventTask - [updateExamStatus,33] - 更新考试项目,考试状态的状态...开始
03:36:00.052 [schedule-pool-1] INFO  c.x.e.t.EveryMinuteEventTask - [updateExamStatus,57] - 更新考试项目,考试状态的状态...结束
03:37:00.024 [schedule-pool-1] INFO  c.x.e.t.EveryMinuteEventTask - [updateExamStatus,33] - 更新考试项目,考试状态的状态...开始
03:37:00.055 [schedule-pool-1] INFO  c.x.e.t.EveryMinuteEventTask - [updateExamStatus,57] - 更新考试项目,考试状态的状态...结束
03:38:00.015 [schedule-pool-1] INFO  c.x.e.t.EveryMinuteEventTask - [updateExamStatus,33] - 更新考试项目,考试状态的状态...开始
03:38:00.062 [schedule-pool-1] INFO  c.x.e.t.EveryMinuteEventTask - [updateExamStatus,57] - 更新考试项目,考试状态的状态...结束
03:39:00.014 [schedule-pool-1] INFO  c.x.e.t.EveryMinuteEventTask - [updateExamStatus,33] - 更新考试项目,考试状态的状态...开始
03:39:00.061 [schedule-pool-1] INFO  c.x.e.t.EveryMinuteEventTask - [updateExamStatus,57] - 更新考试项目,考试状态的状态...结束
03:40:00.007 [schedule-pool-1] INFO  c.x.e.t.EveryMinuteEventTask - [updateExamStatus,33] - 更新考试项目,考试状态的状态...开始
03:40:00.054 [schedule-pool-1] INFO  c.x.e.t.EveryMinuteEventTask - [updateExamStatus,57] - 更新考试项目,考试状态的状态...结束
03:41:00.011 [schedule-pool-1] INFO  c.x.e.t.EveryMinuteEventTask - [updateExamStatus,33] - 更新考试项目,考试状态的状态...开始
03:41:00.058 [schedule-pool-1] INFO  c.x.e.t.EveryMinuteEventTask - [updateExamStatus,57] - 更新考试项目,考试状态的状态...结束
03:42:00.007 [schedule-pool-1] INFO  c.x.e.t.EveryMinuteEventTask - [updateExamStatus,33] - 更新考试项目,考试状态的状态...开始
03:42:00.054 [schedule-pool-1] INFO  c.x.e.t.EveryMinuteEventTask - [updateExamStatus,57] - 更新考试项目,考试状态的状态...结束
03:43:00.006 [schedule-pool-1] INFO  c.x.e.t.EveryMinuteEventTask - [updateExamStatus,33] - 更新考试项目,考试状态的状态...开始
03:43:00.053 [schedule-pool-1] INFO  c.x.e.t.EveryMinuteEventTask - [updateExamStatus,57] - 更新考试项目,考试状态的状态...结束
03:44:00.001 [schedule-pool-1] INFO  c.x.e.t.EveryMinuteEventTask - [updateExamStatus,33] - 更新考试项目,考试状态的状态...开始
03:44:00.048 [schedule-pool-1] INFO  c.x.e.t.EveryMinuteEventTask - [updateExamStatus,57] - 更新考试项目,考试状态的状态...结束
03:45:00.017 [schedule-pool-1] INFO  c.x.e.t.EveryMinuteEventTask - [updateExamStatus,33] - 更新考试项目,考试状态的状态...开始
03:45:00.064 [schedule-pool-1] INFO  c.x.e.t.EveryMinuteEventTask - [updateExamStatus,57] - 更新考试项目,考试状态的状态...结束
03:46:00.012 [schedule-pool-1] INFO  c.x.e.t.EveryMinuteEventTask - [updateExamStatus,33] - 更新考试项目,考试状态的状态...开始
03:46:00.059 [schedule-pool-1] INFO  c.x.e.t.EveryMinuteEventTask - [updateExamStatus,57] - 更新考试项目,考试状态的状态...结束
03:47:00.010 [schedule-pool-1] INFO  c.x.e.t.EveryMinuteEventTask - [updateExamStatus,33] - 更新考试项目,考试状态的状态...开始
03:47:00.041 [schedule-pool-1] INFO  c.x.e.t.EveryMinuteEventTask - [updateExamStatus,57] - 更新考试项目,考试状态的状态...结束
03:48:00.029 [schedule-pool-1] INFO  c.x.e.t.EveryMinuteEventTask - [updateExamStatus,33] - 更新考试项目,考试状态的状态...开始
03:48:00.076 [schedule-pool-1] INFO  c.x.e.t.EveryMinuteEventTask - [updateExamStatus,57] - 更新考试项目,考试状态的状态...结束
03:49:00.011 [schedule-pool-1] INFO  c.x.e.t.EveryMinuteEventTask - [updateExamStatus,33] - 更新考试项目,考试状态的状态...开始
03:49:00.058 [schedule-pool-1] INFO  c.x.e.t.EveryMinuteEventTask - [updateExamStatus,57] - 更新考试项目,考试状态的状态...结束
03:50:00.026 [schedule-pool-1] INFO  c.x.e.t.EveryMinuteEventTask - [updateExamStatus,33] - 更新考试项目,考试状态的状态...开始
03:50:00.057 [schedule-pool-1] INFO  c.x.e.t.EveryMinuteEventTask - [updateExamStatus,57] - 更新考试项目,考试状态的状态...结束
03:51:00.020 [schedule-pool-1] INFO  c.x.e.t.EveryMinuteEventTask - [updateExamStatus,33] - 更新考试项目,考试状态的状态...开始
03:51:00.067 [schedule-pool-1] INFO  c.x.e.t.EveryMinuteEventTask - [updateExamStatus,57] - 更新考试项目,考试状态的状态...结束
03:52:00.011 [schedule-pool-1] INFO  c.x.e.t.EveryMinuteEventTask - [updateExamStatus,33] - 更新考试项目,考试状态的状态...开始
03:52:00.057 [schedule-pool-1] INFO  c.x.e.t.EveryMinuteEventTask - [updateExamStatus,57] - 更新考试项目,考试状态的状态...结束
03:53:00.012 [schedule-pool-1] INFO  c.x.e.t.EveryMinuteEventTask - [updateExamStatus,33] - 更新考试项目,考试状态的状态...开始
03:53:00.059 [schedule-pool-1] INFO  c.x.e.t.EveryMinuteEventTask - [updateExamStatus,57] - 更新考试项目,考试状态的状态...结束
03:54:00.019 [schedule-pool-1] INFO  c.x.e.t.EveryMinuteEventTask - [updateExamStatus,33] - 更新考试项目,考试状态的状态...开始
03:54:00.066 [schedule-pool-1] INFO  c.x.e.t.EveryMinuteEventTask - [updateExamStatus,57] - 更新考试项目,考试状态的状态...结束
03:55:00.012 [schedule-pool-1] INFO  c.x.e.t.EveryMinuteEventTask - [updateExamStatus,33] - 更新考试项目,考试状态的状态...开始
03:55:00.044 [schedule-pool-1] INFO  c.x.e.t.EveryMinuteEventTask - [updateExamStatus,57] - 更新考试项目,考试状态的状态...结束
03:56:00.026 [schedule-pool-1] INFO  c.x.e.t.EveryMinuteEventTask - [updateExamStatus,33] - 更新考试项目,考试状态的状态...开始
03:56:00.073 [schedule-pool-1] INFO  c.x.e.t.EveryMinuteEventTask - [updateExamStatus,57] - 更新考试项目,考试状态的状态...结束
03:57:00.006 [schedule-pool-1] INFO  c.x.e.t.EveryMinuteEventTask - [updateExamStatus,33] - 更新考试项目,考试状态的状态...开始
03:57:00.053 [schedule-pool-1] INFO  c.x.e.t.EveryMinuteEventTask - [updateExamStatus,57] - 更新考试项目,考试状态的状态...结束
03:58:00.009 [schedule-pool-1] INFO  c.x.e.t.EveryMinuteEventTask - [updateExamStatus,33] - 更新考试项目,考试状态的状态...开始
03:58:00.056 [schedule-pool-1] INFO  c.x.e.t.EveryMinuteEventTask - [updateExamStatus,57] - 更新考试项目,考试状态的状态...结束
03:59:00.009 [schedule-pool-1] INFO  c.x.e.t.EveryMinuteEventTask - [updateExamStatus,33] - 更新考试项目,考试状态的状态...开始
03:59:00.056 [schedule-pool-1] INFO  c.x.e.t.EveryMinuteEventTask - [updateExamStatus,57] - 更新考试项目,考试状态的状态...结束
04:00:00.003 [schedule-pool-1] INFO  c.x.e.t.EveryMinuteEventTask - [updateExamStatus,33] - 更新考试项目,考试状态的状态...开始
04:00:00.049 [schedule-pool-1] INFO  c.x.e.t.EveryMinuteEventTask - [updateExamStatus,57] - 更新考试项目,考试状态的状态...结束
04:01:00.022 [schedule-pool-1] INFO  c.x.e.t.EveryMinuteEventTask - [updateExamStatus,33] - 更新考试项目,考试状态的状态...开始
04:02:00.005 [schedule-pool-1] INFO  c.x.e.t.EveryMinuteEventTask - [updateExamStatus,33] - 更新考试项目,考试状态的状态...开始
04:02:00.036 [schedule-pool-1] INFO  c.x.e.t.EveryMinuteEventTask - [updateExamStatus,57] - 更新考试项目,考试状态的状态...结束
04:03:00.012 [schedule-pool-1] INFO  c.x.e.t.EveryMinuteEventTask - [updateExamStatus,33] - 更新考试项目,考试状态的状态...开始
04:03:00.200 [schedule-pool-1] INFO  c.x.e.t.EveryMinuteEventTask - [updateExamStatus,57] - 更新考试项目,考试状态的状态...结束
04:04:00.003 [schedule-pool-1] INFO  c.x.e.t.EveryMinuteEventTask - [updateExamStatus,33] - 更新考试项目,考试状态的状态...开始
04:04:00.034 [schedule-pool-1] INFO  c.x.e.t.EveryMinuteEventTask - [updateExamStatus,57] - 更新考试项目,考试状态的状态...结束
04:05:00.022 [schedule-pool-1] INFO  c.x.e.t.EveryMinuteEventTask - [updateExamStatus,33] - 更新考试项目,考试状态的状态...开始
04:05:00.053 [schedule-pool-1] INFO  c.x.e.t.EveryMinuteEventTask - [updateExamStatus,57] - 更新考试项目,考试状态的状态...结束
04:06:00.014 [schedule-pool-1] INFO  c.x.e.t.EveryMinuteEventTask - [updateExamStatus,33] - 更新考试项目,考试状态的状态...开始
04:06:00.045 [schedule-pool-1] INFO  c.x.e.t.EveryMinuteEventTask - [updateExamStatus,57] - 更新考试项目,考试状态的状态...结束
04:07:00.027 [schedule-pool-1] INFO  c.x.e.t.EveryMinuteEventTask - [updateExamStatus,33] - 更新考试项目,考试状态的状态...开始
04:07:00.058 [schedule-pool-1] INFO  c.x.e.t.EveryMinuteEventTask - [updateExamStatus,57] - 更新考试项目,考试状态的状态...结束
04:08:00.023 [schedule-pool-1] INFO  c.x.e.t.EveryMinuteEventTask - [updateExamStatus,33] - 更新考试项目,考试状态的状态...开始
04:08:00.054 [schedule-pool-1] INFO  c.x.e.t.EveryMinuteEventTask - [updateExamStatus,57] - 更新考试项目,考试状态的状态...结束
04:09:00.027 [schedule-pool-1] INFO  c.x.e.t.EveryMinuteEventTask - [updateExamStatus,33] - 更新考试项目,考试状态的状态...开始
04:09:00.057 [schedule-pool-1] INFO  c.x.e.t.EveryMinuteEventTask - [updateExamStatus,57] - 更新考试项目,考试状态的状态...结束
04:10:00.013 [schedule-pool-1] INFO  c.x.e.t.EveryMinuteEventTask - [updateExamStatus,33] - 更新考试项目,考试状态的状态...开始
04:10:00.060 [schedule-pool-1] INFO  c.x.e.t.EveryMinuteEventTask - [updateExamStatus,57] - 更新考试项目,考试状态的状态...结束
04:11:00.004 [schedule-pool-1] INFO  c.x.e.t.EveryMinuteEventTask - [updateExamStatus,33] - 更新考试项目,考试状态的状态...开始
04:11:00.051 [schedule-pool-1] INFO  c.x.e.t.EveryMinuteEventTask - [updateExamStatus,57] - 更新考试项目,考试状态的状态...结束
04:12:00.012 [schedule-pool-1] INFO  c.x.e.t.EveryMinuteEventTask - [updateExamStatus,33] - 更新考试项目,考试状态的状态...开始
04:12:00.059 [schedule-pool-1] INFO  c.x.e.t.EveryMinuteEventTask - [updateExamStatus,57] - 更新考试项目,考试状态的状态...结束
04:13:00.011 [schedule-pool-1] INFO  c.x.e.t.EveryMinuteEventTask - [updateExamStatus,33] - 更新考试项目,考试状态的状态...开始
04:13:00.058 [schedule-pool-1] INFO  c.x.e.t.EveryMinuteEventTask - [updateExamStatus,57] - 更新考试项目,考试状态的状态...结束
04:14:00.023 [schedule-pool-1] INFO  c.x.e.t.EveryMinuteEventTask - [updateExamStatus,33] - 更新考试项目,考试状态的状态...开始
04:14:00.070 [schedule-pool-1] INFO  c.x.e.t.EveryMinuteEventTask - [updateExamStatus,57] - 更新考试项目,考试状态的状态...结束
04:15:00.019 [schedule-pool-1] INFO  c.x.e.t.EveryMinuteEventTask - [updateExamStatus,33] - 更新考试项目,考试状态的状态...开始
04:15:00.051 [schedule-pool-1] INFO  c.x.e.t.EveryMinuteEventTask - [updateExamStatus,57] - 更新考试项目,考试状态的状态...结束
04:16:00.011 [schedule-pool-1] INFO  c.x.e.t.EveryMinuteEventTask - [updateExamStatus,33] - 更新考试项目,考试状态的状态...开始
04:16:00.042 [schedule-pool-1] INFO  c.x.e.t.EveryMinuteEventTask - [updateExamStatus,57] - 更新考试项目,考试状态的状态...结束
04:17:00.020 [schedule-pool-1] INFO  c.x.e.t.EveryMinuteEventTask - [updateExamStatus,33] - 更新考试项目,考试状态的状态...开始
04:17:00.051 [schedule-pool-1] INFO  c.x.e.t.EveryMinuteEventTask - [updateExamStatus,57] - 更新考试项目,考试状态的状态...结束
04:18:00.025 [schedule-pool-1] INFO  c.x.e.t.EveryMinuteEventTask - [updateExamStatus,33] - 更新考试项目,考试状态的状态...开始
04:18:00.056 [schedule-pool-1] INFO  c.x.e.t.EveryMinuteEventTask - [updateExamStatus,57] - 更新考试项目,考试状态的状态...结束
04:19:00.021 [schedule-pool-1] INFO  c.x.e.t.EveryMinuteEventTask - [updateExamStatus,33] - 更新考试项目,考试状态的状态...开始
04:19:00.068 [schedule-pool-1] INFO  c.x.e.t.EveryMinuteEventTask - [updateExamStatus,57] - 更新考试项目,考试状态的状态...结束
04:20:00.008 [schedule-pool-1] INFO  c.x.e.t.EveryMinuteEventTask - [updateExamStatus,33] - 更新考试项目,考试状态的状态...开始
04:20:00.039 [schedule-pool-1] INFO  c.x.e.t.EveryMinuteEventTask - [updateExamStatus,57] - 更新考试项目,考试状态的状态...结束
04:21:00.014 [schedule-pool-1] INFO  c.x.e.t.EveryMinuteEventTask - [updateExamStatus,33] - 更新考试项目,考试状态的状态...开始
04:21:00.045 [schedule-pool-1] INFO  c.x.e.t.EveryMinuteEventTask - [updateExamStatus,57] - 更新考试项目,考试状态的状态...结束
04:22:00.018 [schedule-pool-1] INFO  c.x.e.t.EveryMinuteEventTask - [updateExamStatus,33] - 更新考试项目,考试状态的状态...开始
04:22:00.049 [schedule-pool-1] INFO  c.x.e.t.EveryMinuteEventTask - [updateExamStatus,57] - 更新考试项目,考试状态的状态...结束
04:23:00.017 [schedule-pool-1] INFO  c.x.e.t.EveryMinuteEventTask - [updateExamStatus,33] - 更新考试项目,考试状态的状态...开始
04:23:00.048 [schedule-pool-1] INFO  c.x.e.t.EveryMinuteEventTask - [updateExamStatus,57] - 更新考试项目,考试状态的状态...结束
04:24:00.020 [schedule-pool-1] INFO  c.x.e.t.EveryMinuteEventTask - [updateExamStatus,33] - 更新考试项目,考试状态的状态...开始
04:24:00.051 [schedule-pool-1] INFO  c.x.e.t.EveryMinuteEventTask - [updateExamStatus,57] - 更新考试项目,考试状态的状态...结束
04:25:00.020 [schedule-pool-1] INFO  c.x.e.t.EveryMinuteEventTask - [updateExamStatus,33] - 更新考试项目,考试状态的状态...开始
04:25:00.067 [schedule-pool-1] INFO  c.x.e.t.EveryMinuteEventTask - [updateExamStatus,57] - 更新考试项目,考试状态的状态...结束
04:26:00.002 [schedule-pool-1] INFO  c.x.e.t.EveryMinuteEventTask - [updateExamStatus,33] - 更新考试项目,考试状态的状态...开始
04:26:00.033 [schedule-pool-1] INFO  c.x.e.t.EveryMinuteEventTask - [updateExamStatus,57] - 更新考试项目,考试状态的状态...结束
04:27:00.019 [schedule-pool-1] INFO  c.x.e.t.EveryMinuteEventTask - [updateExamStatus,33] - 更新考试项目,考试状态的状态...开始
04:27:00.050 [schedule-pool-1] INFO  c.x.e.t.EveryMinuteEventTask - [updateExamStatus,57] - 更新考试项目,考试状态的状态...结束
04:28:00.026 [schedule-pool-1] INFO  c.x.e.t.EveryMinuteEventTask - [updateExamStatus,33] - 更新考试项目,考试状态的状态...开始
04:28:00.073 [schedule-pool-1] INFO  c.x.e.t.EveryMinuteEventTask - [updateExamStatus,57] - 更新考试项目,考试状态的状态...结束
04:29:00.017 [schedule-pool-1] INFO  c.x.e.t.EveryMinuteEventTask - [updateExamStatus,33] - 更新考试项目,考试状态的状态...开始
04:29:00.063 [schedule-pool-1] INFO  c.x.e.t.EveryMinuteEventTask - [updateExamStatus,57] - 更新考试项目,考试状态的状态...结束
04:30:00.008 [schedule-pool-1] INFO  c.x.e.t.EveryMinuteEventTask - [updateExamStatus,33] - 更新考试项目,考试状态的状态...开始
04:30:00.039 [schedule-pool-1] INFO  c.x.e.t.EveryMinuteEventTask - [updateExamStatus,57] - 更新考试项目,考试状态的状态...结束
04:31:00.014 [schedule-pool-1] INFO  c.x.e.t.EveryMinuteEventTask - [updateExamStatus,33] - 更新考试项目,考试状态的状态...开始
04:31:00.045 [schedule-pool-1] INFO  c.x.e.t.EveryMinuteEventTask - [updateExamStatus,57] - 更新考试项目,考试状态的状态...结束
04:32:00.025 [schedule-pool-1] INFO  c.x.e.t.EveryMinuteEventTask - [updateExamStatus,33] - 更新考试项目,考试状态的状态...开始
04:32:00.072 [schedule-pool-1] INFO  c.x.e.t.EveryMinuteEventTask - [updateExamStatus,57] - 更新考试项目,考试状态的状态...结束
04:33:00.007 [schedule-pool-1] INFO  c.x.e.t.EveryMinuteEventTask - [updateExamStatus,33] - 更新考试项目,考试状态的状态...开始
04:33:00.038 [schedule-pool-1] INFO  c.x.e.t.EveryMinuteEventTask - [updateExamStatus,57] - 更新考试项目,考试状态的状态...结束
04:34:00.027 [schedule-pool-1] INFO  c.x.e.t.EveryMinuteEventTask - [updateExamStatus,33] - 更新考试项目,考试状态的状态...开始
04:34:00.059 [schedule-pool-1] INFO  c.x.e.t.EveryMinuteEventTask - [updateExamStatus,57] - 更新考试项目,考试状态的状态...结束
04:35:00.018 [schedule-pool-1] INFO  c.x.e.t.EveryMinuteEventTask - [updateExamStatus,33] - 更新考试项目,考试状态的状态...开始
04:35:00.049 [schedule-pool-1] INFO  c.x.e.t.EveryMinuteEventTask - [updateExamStatus,57] - 更新考试项目,考试状态的状态...结束
04:36:00.017 [schedule-pool-1] INFO  c.x.e.t.EveryMinuteEventTask - [updateExamStatus,33] - 更新考试项目,考试状态的状态...开始
04:36:00.049 [schedule-pool-1] INFO  c.x.e.t.EveryMinuteEventTask - [updateExamStatus,57] - 更新考试项目,考试状态的状态...结束
04:37:00.009 [schedule-pool-1] INFO  c.x.e.t.EveryMinuteEventTask - [updateExamStatus,33] - 更新考试项目,考试状态的状态...开始
04:37:00.040 [schedule-pool-1] INFO  c.x.e.t.EveryMinuteEventTask - [updateExamStatus,57] - 更新考试项目,考试状态的状态...结束
04:38:00.014 [schedule-pool-1] INFO  c.x.e.t.EveryMinuteEventTask - [updateExamStatus,33] - 更新考试项目,考试状态的状态...开始
04:38:00.061 [schedule-pool-1] INFO  c.x.e.t.EveryMinuteEventTask - [updateExamStatus,57] - 更新考试项目,考试状态的状态...结束
04:39:00.013 [schedule-pool-1] INFO  c.x.e.t.EveryMinuteEventTask - [updateExamStatus,33] - 更新考试项目,考试状态的状态...开始
04:39:00.045 [schedule-pool-1] INFO  c.x.e.t.EveryMinuteEventTask - [updateExamStatus,57] - 更新考试项目,考试状态的状态...结束
04:40:00.015 [schedule-pool-1] INFO  c.x.e.t.EveryMinuteEventTask - [updateExamStatus,33] - 更新考试项目,考试状态的状态...开始
04:40:00.046 [schedule-pool-1] INFO  c.x.e.t.EveryMinuteEventTask - [updateExamStatus,57] - 更新考试项目,考试状态的状态...结束
04:41:00.016 [schedule-pool-1] INFO  c.x.e.t.EveryMinuteEventTask - [updateExamStatus,33] - 更新考试项目,考试状态的状态...开始
04:41:00.047 [schedule-pool-1] INFO  c.x.e.t.EveryMinuteEventTask - [updateExamStatus,57] - 更新考试项目,考试状态的状态...结束
04:42:00.021 [schedule-pool-1] INFO  c.x.e.t.EveryMinuteEventTask - [updateExamStatus,33] - 更新考试项目,考试状态的状态...开始
04:42:00.053 [schedule-pool-1] INFO  c.x.e.t.EveryMinuteEventTask - [updateExamStatus,57] - 更新考试项目,考试状态的状态...结束
04:43:00.012 [schedule-pool-1] INFO  c.x.e.t.EveryMinuteEventTask - [updateExamStatus,33] - 更新考试项目,考试状态的状态...开始
04:43:00.060 [schedule-pool-1] INFO  c.x.e.t.EveryMinuteEventTask - [updateExamStatus,57] - 更新考试项目,考试状态的状态...结束
04:44:00.006 [schedule-pool-1] INFO  c.x.e.t.EveryMinuteEventTask - [updateExamStatus,33] - 更新考试项目,考试状态的状态...开始
04:44:00.053 [schedule-pool-1] INFO  c.x.e.t.EveryMinuteEventTask - [updateExamStatus,57] - 更新考试项目,考试状态的状态...结束
04:45:00.014 [schedule-pool-1] INFO  c.x.e.t.EveryMinuteEventTask - [updateExamStatus,33] - 更新考试项目,考试状态的状态...开始
04:45:00.061 [schedule-pool-1] INFO  c.x.e.t.EveryMinuteEventTask - [updateExamStatus,57] - 更新考试项目,考试状态的状态...结束
04:46:00.013 [schedule-pool-1] INFO  c.x.e.t.EveryMinuteEventTask - [updateExamStatus,33] - 更新考试项目,考试状态的状态...开始
04:47:00.005 [schedule-pool-1] INFO  c.x.e.t.EveryMinuteEventTask - [updateExamStatus,33] - 更新考试项目,考试状态的状态...开始
04:47:00.067 [schedule-pool-1] INFO  c.x.e.t.EveryMinuteEventTask - [updateExamStatus,57] - 更新考试项目,考试状态的状态...结束
04:48:00.011 [schedule-pool-1] INFO  c.x.e.t.EveryMinuteEventTask - [updateExamStatus,33] - 更新考试项目,考试状态的状态...开始
04:48:00.042 [schedule-pool-1] INFO  c.x.e.t.EveryMinuteEventTask - [updateExamStatus,57] - 更新考试项目,考试状态的状态...结束
04:49:00.029 [schedule-pool-1] INFO  c.x.e.t.EveryMinuteEventTask - [updateExamStatus,33] - 更新考试项目,考试状态的状态...开始
04:49:00.060 [schedule-pool-1] INFO  c.x.e.t.EveryMinuteEventTask - [updateExamStatus,57] - 更新考试项目,考试状态的状态...结束
04:50:00.025 [schedule-pool-1] INFO  c.x.e.t.EveryMinuteEventTask - [updateExamStatus,33] - 更新考试项目,考试状态的状态...开始
04:50:00.056 [schedule-pool-1] INFO  c.x.e.t.EveryMinuteEventTask - [updateExamStatus,57] - 更新考试项目,考试状态的状态...结束
04:51:00.016 [schedule-pool-1] INFO  c.x.e.t.EveryMinuteEventTask - [updateExamStatus,33] - 更新考试项目,考试状态的状态...开始
04:51:00.048 [schedule-pool-1] INFO  c.x.e.t.EveryMinuteEventTask - [updateExamStatus,57] - 更新考试项目,考试状态的状态...结束
04:52:00.021 [schedule-pool-1] INFO  c.x.e.t.EveryMinuteEventTask - [updateExamStatus,33] - 更新考试项目,考试状态的状态...开始
04:52:00.052 [schedule-pool-1] INFO  c.x.e.t.EveryMinuteEventTask - [updateExamStatus,57] - 更新考试项目,考试状态的状态...结束
04:53:00.028 [schedule-pool-1] INFO  c.x.e.t.EveryMinuteEventTask - [updateExamStatus,33] - 更新考试项目,考试状态的状态...开始
04:53:00.060 [schedule-pool-1] INFO  c.x.e.t.EveryMinuteEventTask - [updateExamStatus,57] - 更新考试项目,考试状态的状态...结束
04:54:00.025 [schedule-pool-1] INFO  c.x.e.t.EveryMinuteEventTask - [updateExamStatus,33] - 更新考试项目,考试状态的状态...开始
04:54:00.056 [schedule-pool-1] INFO  c.x.e.t.EveryMinuteEventTask - [updateExamStatus,57] - 更新考试项目,考试状态的状态...结束
04:55:00.019 [schedule-pool-1] INFO  c.x.e.t.EveryMinuteEventTask - [updateExamStatus,33] - 更新考试项目,考试状态的状态...开始
04:55:00.050 [schedule-pool-1] INFO  c.x.e.t.EveryMinuteEventTask - [updateExamStatus,57] - 更新考试项目,考试状态的状态...结束
04:56:00.028 [schedule-pool-1] INFO  c.x.e.t.EveryMinuteEventTask - [updateExamStatus,33] - 更新考试项目,考试状态的状态...开始
04:56:00.060 [schedule-pool-1] INFO  c.x.e.t.EveryMinuteEventTask - [updateExamStatus,57] - 更新考试项目,考试状态的状态...结束
04:57:00.026 [schedule-pool-1] INFO  c.x.e.t.EveryMinuteEventTask - [updateExamStatus,33] - 更新考试项目,考试状态的状态...开始
04:57:00.073 [schedule-pool-1] INFO  c.x.e.t.EveryMinuteEventTask - [updateExamStatus,57] - 更新考试项目,考试状态的状态...结束
04:58:00.011 [schedule-pool-1] INFO  c.x.e.t.EveryMinuteEventTask - [updateExamStatus,33] - 更新考试项目,考试状态的状态...开始
04:58:00.074 [schedule-pool-1] INFO  c.x.e.t.EveryMinuteEventTask - [updateExamStatus,57] - 更新考试项目,考试状态的状态...结束
04:59:00.003 [schedule-pool-1] INFO  c.x.e.t.EveryMinuteEventTask - [updateExamStatus,33] - 更新考试项目,考试状态的状态...开始
04:59:00.050 [schedule-pool-1] INFO  c.x.e.t.EveryMinuteEventTask - [updateExamStatus,57] - 更新考试项目,考试状态的状态...结束
05:00:00.016 [schedule-pool-1] INFO  c.x.e.t.EveryMinuteEventTask - [updateExamStatus,33] - 更新考试项目,考试状态的状态...开始
05:00:00.063 [schedule-pool-1] INFO  c.x.e.t.EveryMinuteEventTask - [updateExamStatus,57] - 更新考试项目,考试状态的状态...结束
05:01:00.009 [schedule-pool-1] INFO  c.x.e.t.EveryMinuteEventTask - [updateExamStatus,33] - 更新考试项目,考试状态的状态...开始
05:01:00.056 [schedule-pool-1] INFO  c.x.e.t.EveryMinuteEventTask - [updateExamStatus,57] - 更新考试项目,考试状态的状态...结束
05:02:00.006 [schedule-pool-1] INFO  c.x.e.t.EveryMinuteEventTask - [updateExamStatus,33] - 更新考试项目,考试状态的状态...开始
05:02:00.037 [schedule-pool-1] INFO  c.x.e.t.EveryMinuteEventTask - [updateExamStatus,57] - 更新考试项目,考试状态的状态...结束
05:03:00.023 [schedule-pool-1] INFO  c.x.e.t.EveryMinuteEventTask - [updateExamStatus,33] - 更新考试项目,考试状态的状态...开始
05:03:00.070 [schedule-pool-1] INFO  c.x.e.t.EveryMinuteEventTask - [updateExamStatus,57] - 更新考试项目,考试状态的状态...结束
05:04:00.014 [schedule-pool-1] INFO  c.x.e.t.EveryMinuteEventTask - [updateExamStatus,33] - 更新考试项目,考试状态的状态...开始
05:04:00.046 [schedule-pool-1] INFO  c.x.e.t.EveryMinuteEventTask - [updateExamStatus,57] - 更新考试项目,考试状态的状态...结束
05:05:00.025 [schedule-pool-1] INFO  c.x.e.t.EveryMinuteEventTask - [updateExamStatus,33] - 更新考试项目,考试状态的状态...开始
05:05:00.056 [schedule-pool-1] INFO  c.x.e.t.EveryMinuteEventTask - [updateExamStatus,57] - 更新考试项目,考试状态的状态...结束
05:06:00.021 [schedule-pool-1] INFO  c.x.e.t.EveryMinuteEventTask - [updateExamStatus,33] - 更新考试项目,考试状态的状态...开始
05:06:00.052 [schedule-pool-1] INFO  c.x.e.t.EveryMinuteEventTask - [updateExamStatus,57] - 更新考试项目,考试状态的状态...结束
05:07:00.019 [schedule-pool-1] INFO  c.x.e.t.EveryMinuteEventTask - [updateExamStatus,33] - 更新考试项目,考试状态的状态...开始
05:07:00.065 [schedule-pool-1] INFO  c.x.e.t.EveryMinuteEventTask - [updateExamStatus,57] - 更新考试项目,考试状态的状态...结束
05:08:00.009 [schedule-pool-1] INFO  c.x.e.t.EveryMinuteEventTask - [updateExamStatus,33] - 更新考试项目,考试状态的状态...开始
05:08:00.040 [schedule-pool-1] INFO  c.x.e.t.EveryMinuteEventTask - [updateExamStatus,57] - 更新考试项目,考试状态的状态...结束
05:09:00.016 [schedule-pool-1] INFO  c.x.e.t.EveryMinuteEventTask - [updateExamStatus,33] - 更新考试项目,考试状态的状态...开始
05:09:00.063 [schedule-pool-1] INFO  c.x.e.t.EveryMinuteEventTask - [updateExamStatus,57] - 更新考试项目,考试状态的状态...结束
05:10:00.018 [schedule-pool-1] INFO  c.x.e.t.EveryMinuteEventTask - [updateExamStatus,33] - 更新考试项目,考试状态的状态...开始
05:10:00.049 [schedule-pool-1] INFO  c.x.e.t.EveryMinuteEventTask - [updateExamStatus,57] - 更新考试项目,考试状态的状态...结束
05:11:00.026 [schedule-pool-1] INFO  c.x.e.t.EveryMinuteEventTask - [updateExamStatus,33] - 更新考试项目,考试状态的状态...开始
05:11:00.057 [schedule-pool-1] INFO  c.x.e.t.EveryMinuteEventTask - [updateExamStatus,57] - 更新考试项目,考试状态的状态...结束
05:12:00.024 [schedule-pool-1] INFO  c.x.e.t.EveryMinuteEventTask - [updateExamStatus,33] - 更新考试项目,考试状态的状态...开始
05:12:00.055 [schedule-pool-1] INFO  c.x.e.t.EveryMinuteEventTask - [updateExamStatus,57] - 更新考试项目,考试状态的状态...结束
05:13:00.017 [schedule-pool-1] INFO  c.x.e.t.EveryMinuteEventTask - [updateExamStatus,33] - 更新考试项目,考试状态的状态...开始
05:13:00.049 [schedule-pool-1] INFO  c.x.e.t.EveryMinuteEventTask - [updateExamStatus,57] - 更新考试项目,考试状态的状态...结束
05:14:00.029 [schedule-pool-1] INFO  c.x.e.t.EveryMinuteEventTask - [updateExamStatus,33] - 更新考试项目,考试状态的状态...开始
05:14:00.075 [schedule-pool-1] INFO  c.x.e.t.EveryMinuteEventTask - [updateExamStatus,57] - 更新考试项目,考试状态的状态...结束
05:15:00.015 [schedule-pool-1] INFO  c.x.e.t.EveryMinuteEventTask - [updateExamStatus,33] - 更新考试项目,考试状态的状态...开始
05:15:00.046 [schedule-pool-1] INFO  c.x.e.t.EveryMinuteEventTask - [updateExamStatus,57] - 更新考试项目,考试状态的状态...结束
05:16:00.019 [schedule-pool-1] INFO  c.x.e.t.EveryMinuteEventTask - [updateExamStatus,33] - 更新考试项目,考试状态的状态...开始
05:16:00.050 [schedule-pool-1] INFO  c.x.e.t.EveryMinuteEventTask - [updateExamStatus,57] - 更新考试项目,考试状态的状态...结束
05:17:00.019 [schedule-pool-1] INFO  c.x.e.t.EveryMinuteEventTask - [updateExamStatus,33] - 更新考试项目,考试状态的状态...开始
05:17:00.066 [schedule-pool-1] INFO  c.x.e.t.EveryMinuteEventTask - [updateExamStatus,57] - 更新考试项目,考试状态的状态...结束
05:18:00.016 [schedule-pool-1] INFO  c.x.e.t.EveryMinuteEventTask - [updateExamStatus,33] - 更新考试项目,考试状态的状态...开始
05:18:00.063 [schedule-pool-1] INFO  c.x.e.t.EveryMinuteEventTask - [updateExamStatus,57] - 更新考试项目,考试状态的状态...结束
05:19:00.010 [schedule-pool-1] INFO  c.x.e.t.EveryMinuteEventTask - [updateExamStatus,33] - 更新考试项目,考试状态的状态...开始
05:19:00.057 [schedule-pool-1] INFO  c.x.e.t.EveryMinuteEventTask - [updateExamStatus,57] - 更新考试项目,考试状态的状态...结束
05:20:00.014 [schedule-pool-1] INFO  c.x.e.t.EveryMinuteEventTask - [updateExamStatus,33] - 更新考试项目,考试状态的状态...开始
05:20:00.061 [schedule-pool-1] INFO  c.x.e.t.EveryMinuteEventTask - [updateExamStatus,57] - 更新考试项目,考试状态的状态...结束
05:21:00.020 [schedule-pool-1] INFO  c.x.e.t.EveryMinuteEventTask - [updateExamStatus,33] - 更新考试项目,考试状态的状态...开始
05:21:00.051 [schedule-pool-1] INFO  c.x.e.t.EveryMinuteEventTask - [updateExamStatus,57] - 更新考试项目,考试状态的状态...结束
05:22:00.015 [schedule-pool-1] INFO  c.x.e.t.EveryMinuteEventTask - [updateExamStatus,33] - 更新考试项目,考试状态的状态...开始
05:22:00.062 [schedule-pool-1] INFO  c.x.e.t.EveryMinuteEventTask - [updateExamStatus,57] - 更新考试项目,考试状态的状态...结束
05:23:00.013 [schedule-pool-1] INFO  c.x.e.t.EveryMinuteEventTask - [updateExamStatus,33] - 更新考试项目,考试状态的状态...开始
05:23:00.060 [schedule-pool-1] INFO  c.x.e.t.EveryMinuteEventTask - [updateExamStatus,57] - 更新考试项目,考试状态的状态...结束
05:24:00.006 [schedule-pool-1] INFO  c.x.e.t.EveryMinuteEventTask - [updateExamStatus,33] - 更新考试项目,考试状态的状态...开始
05:24:00.053 [schedule-pool-1] INFO  c.x.e.t.EveryMinuteEventTask - [updateExamStatus,57] - 更新考试项目,考试状态的状态...结束
05:25:00.008 [schedule-pool-1] INFO  c.x.e.t.EveryMinuteEventTask - [updateExamStatus,33] - 更新考试项目,考试状态的状态...开始
05:25:00.055 [schedule-pool-1] INFO  c.x.e.t.EveryMinuteEventTask - [updateExamStatus,57] - 更新考试项目,考试状态的状态...结束
05:26:00.011 [schedule-pool-1] INFO  c.x.e.t.EveryMinuteEventTask - [updateExamStatus,33] - 更新考试项目,考试状态的状态...开始
05:26:00.058 [schedule-pool-1] INFO  c.x.e.t.EveryMinuteEventTask - [updateExamStatus,57] - 更新考试项目,考试状态的状态...结束
05:27:00.001 [schedule-pool-1] INFO  c.x.e.t.EveryMinuteEventTask - [updateExamStatus,33] - 更新考试项目,考试状态的状态...开始
05:27:00.048 [schedule-pool-1] INFO  c.x.e.t.EveryMinuteEventTask - [updateExamStatus,57] - 更新考试项目,考试状态的状态...结束
05:28:00.014 [schedule-pool-1] INFO  c.x.e.t.EveryMinuteEventTask - [updateExamStatus,33] - 更新考试项目,考试状态的状态...开始
05:28:00.061 [schedule-pool-1] INFO  c.x.e.t.EveryMinuteEventTask - [updateExamStatus,57] - 更新考试项目,考试状态的状态...结束
05:29:00.008 [schedule-pool-1] INFO  c.x.e.t.EveryMinuteEventTask - [updateExamStatus,33] - 更新考试项目,考试状态的状态...开始
05:29:00.040 [schedule-pool-1] INFO  c.x.e.t.EveryMinuteEventTask - [updateExamStatus,57] - 更新考试项目,考试状态的状态...结束
05:30:00.021 [schedule-pool-1] INFO  c.x.e.t.EveryMinuteEventTask - [updateExamStatus,33] - 更新考试项目,考试状态的状态...开始
05:30:00.053 [schedule-pool-1] INFO  c.x.e.t.EveryMinuteEventTask - [updateExamStatus,57] - 更新考试项目,考试状态的状态...结束
05:31:00.018 [schedule-pool-1] INFO  c.x.e.t.EveryMinuteEventTask - [updateExamStatus,33] - 更新考试项目,考试状态的状态...开始
05:31:00.065 [schedule-pool-1] INFO  c.x.e.t.EveryMinuteEventTask - [updateExamStatus,57] - 更新考试项目,考试状态的状态...结束
05:32:00.011 [schedule-pool-1] INFO  c.x.e.t.EveryMinuteEventTask - [updateExamStatus,33] - 更新考试项目,考试状态的状态...开始
05:32:00.042 [schedule-pool-1] INFO  c.x.e.t.EveryMinuteEventTask - [updateExamStatus,57] - 更新考试项目,考试状态的状态...结束
05:33:00.030 [schedule-pool-1] INFO  c.x.e.t.EveryMinuteEventTask - [updateExamStatus,33] - 更新考试项目,考试状态的状态...开始
05:33:00.077 [schedule-pool-1] INFO  c.x.e.t.EveryMinuteEventTask - [updateExamStatus,57] - 更新考试项目,考试状态的状态...结束
05:34:00.007 [schedule-pool-1] INFO  c.x.e.t.EveryMinuteEventTask - [updateExamStatus,33] - 更新考试项目,考试状态的状态...开始
05:34:00.039 [schedule-pool-1] INFO  c.x.e.t.EveryMinuteEventTask - [updateExamStatus,57] - 更新考试项目,考试状态的状态...结束
05:35:00.019 [schedule-pool-1] INFO  c.x.e.t.EveryMinuteEventTask - [updateExamStatus,33] - 更新考试项目,考试状态的状态...开始
05:35:00.066 [schedule-pool-1] INFO  c.x.e.t.EveryMinuteEventTask - [updateExamStatus,57] - 更新考试项目,考试状态的状态...结束
05:36:00.008 [schedule-pool-1] INFO  c.x.e.t.EveryMinuteEventTask - [updateExamStatus,33] - 更新考试项目,考试状态的状态...开始
05:36:00.039 [schedule-pool-1] INFO  c.x.e.t.EveryMinuteEventTask - [updateExamStatus,57] - 更新考试项目,考试状态的状态...结束
05:37:00.022 [schedule-pool-1] INFO  c.x.e.t.EveryMinuteEventTask - [updateExamStatus,33] - 更新考试项目,考试状态的状态...开始
05:37:00.054 [schedule-pool-1] INFO  c.x.e.t.EveryMinuteEventTask - [updateExamStatus,57] - 更新考试项目,考试状态的状态...结束
05:38:00.024 [schedule-pool-1] INFO  c.x.e.t.EveryMinuteEventTask - [updateExamStatus,33] - 更新考试项目,考试状态的状态...开始
05:38:00.056 [schedule-pool-1] INFO  c.x.e.t.EveryMinuteEventTask - [updateExamStatus,57] - 更新考试项目,考试状态的状态...结束
05:39:00.024 [schedule-pool-1] INFO  c.x.e.t.EveryMinuteEventTask - [updateExamStatus,33] - 更新考试项目,考试状态的状态...开始
05:39:00.056 [schedule-pool-1] INFO  c.x.e.t.EveryMinuteEventTask - [updateExamStatus,57] - 更新考试项目,考试状态的状态...结束
05:40:00.023 [schedule-pool-1] INFO  c.x.e.t.EveryMinuteEventTask - [updateExamStatus,33] - 更新考试项目,考试状态的状态...开始
05:40:00.070 [schedule-pool-1] INFO  c.x.e.t.EveryMinuteEventTask - [updateExamStatus,57] - 更新考试项目,考试状态的状态...结束
05:41:00.012 [schedule-pool-1] INFO  c.x.e.t.EveryMinuteEventTask - [updateExamStatus,33] - 更新考试项目,考试状态的状态...开始
05:41:00.043 [schedule-pool-1] INFO  c.x.e.t.EveryMinuteEventTask - [updateExamStatus,57] - 更新考试项目,考试状态的状态...结束
05:42:00.025 [schedule-pool-1] INFO  c.x.e.t.EveryMinuteEventTask - [updateExamStatus,33] - 更新考试项目,考试状态的状态...开始
05:42:00.071 [schedule-pool-1] INFO  c.x.e.t.EveryMinuteEventTask - [updateExamStatus,57] - 更新考试项目,考试状态的状态...结束
05:43:00.012 [schedule-pool-1] INFO  c.x.e.t.EveryMinuteEventTask - [updateExamStatus,33] - 更新考试项目,考试状态的状态...开始
05:43:00.059 [schedule-pool-1] INFO  c.x.e.t.EveryMinuteEventTask - [updateExamStatus,57] - 更新考试项目,考试状态的状态...结束
05:44:00.016 [schedule-pool-1] INFO  c.x.e.t.EveryMinuteEventTask - [updateExamStatus,33] - 更新考试项目,考试状态的状态...开始
05:44:00.048 [schedule-pool-1] INFO  c.x.e.t.EveryMinuteEventTask - [updateExamStatus,57] - 更新考试项目,考试状态的状态...结束
05:45:00.024 [schedule-pool-1] INFO  c.x.e.t.EveryMinuteEventTask - [updateExamStatus,33] - 更新考试项目,考试状态的状态...开始
05:45:00.056 [schedule-pool-1] INFO  c.x.e.t.EveryMinuteEventTask - [updateExamStatus,57] - 更新考试项目,考试状态的状态...结束
05:46:00.028 [schedule-pool-1] INFO  c.x.e.t.EveryMinuteEventTask - [updateExamStatus,33] - 更新考试项目,考试状态的状态...开始
05:46:00.074 [schedule-pool-1] INFO  c.x.e.t.EveryMinuteEventTask - [updateExamStatus,57] - 更新考试项目,考试状态的状态...结束
05:47:00.014 [schedule-pool-1] INFO  c.x.e.t.EveryMinuteEventTask - [updateExamStatus,33] - 更新考试项目,考试状态的状态...开始
05:47:00.061 [schedule-pool-1] INFO  c.x.e.t.EveryMinuteEventTask - [updateExamStatus,57] - 更新考试项目,考试状态的状态...结束
05:48:00.014 [schedule-pool-1] INFO  c.x.e.t.EveryMinuteEventTask - [updateExamStatus,33] - 更新考试项目,考试状态的状态...开始
05:48:00.060 [schedule-pool-1] INFO  c.x.e.t.EveryMinuteEventTask - [updateExamStatus,57] - 更新考试项目,考试状态的状态...结束
05:49:00.020 [schedule-pool-1] INFO  c.x.e.t.EveryMinuteEventTask - [updateExamStatus,33] - 更新考试项目,考试状态的状态...开始
05:49:00.051 [schedule-pool-1] INFO  c.x.e.t.EveryMinuteEventTask - [updateExamStatus,57] - 更新考试项目,考试状态的状态...结束
05:50:00.018 [schedule-pool-1] INFO  c.x.e.t.EveryMinuteEventTask - [updateExamStatus,33] - 更新考试项目,考试状态的状态...开始
05:50:00.049 [schedule-pool-1] INFO  c.x.e.t.EveryMinuteEventTask - [updateExamStatus,57] - 更新考试项目,考试状态的状态...结束
05:51:00.019 [schedule-pool-1] INFO  c.x.e.t.EveryMinuteEventTask - [updateExamStatus,33] - 更新考试项目,考试状态的状态...开始
05:51:00.066 [schedule-pool-1] INFO  c.x.e.t.EveryMinuteEventTask - [updateExamStatus,57] - 更新考试项目,考试状态的状态...结束
05:52:00.013 [schedule-pool-1] INFO  c.x.e.t.EveryMinuteEventTask - [updateExamStatus,33] - 更新考试项目,考试状态的状态...开始
05:52:00.060 [schedule-pool-1] INFO  c.x.e.t.EveryMinuteEventTask - [updateExamStatus,57] - 更新考试项目,考试状态的状态...结束
05:53:00.013 [schedule-pool-1] INFO  c.x.e.t.EveryMinuteEventTask - [updateExamStatus,33] - 更新考试项目,考试状态的状态...开始
05:53:00.044 [schedule-pool-1] INFO  c.x.e.t.EveryMinuteEventTask - [updateExamStatus,57] - 更新考试项目,考试状态的状态...结束
05:54:00.031 [schedule-pool-1] INFO  c.x.e.t.EveryMinuteEventTask - [updateExamStatus,33] - 更新考试项目,考试状态的状态...开始
05:54:00.078 [schedule-pool-1] INFO  c.x.e.t.EveryMinuteEventTask - [updateExamStatus,57] - 更新考试项目,考试状态的状态...结束
05:55:00.008 [schedule-pool-1] INFO  c.x.e.t.EveryMinuteEventTask - [updateExamStatus,33] - 更新考试项目,考试状态的状态...开始
05:55:00.056 [schedule-pool-1] INFO  c.x.e.t.EveryMinuteEventTask - [updateExamStatus,57] - 更新考试项目,考试状态的状态...结束
05:56:00.018 [schedule-pool-1] INFO  c.x.e.t.EveryMinuteEventTask - [updateExamStatus,33] - 更新考试项目,考试状态的状态...开始
05:56:00.065 [schedule-pool-1] INFO  c.x.e.t.EveryMinuteEventTask - [updateExamStatus,57] - 更新考试项目,考试状态的状态...结束
05:57:00.012 [schedule-pool-1] INFO  c.x.e.t.EveryMinuteEventTask - [updateExamStatus,33] - 更新考试项目,考试状态的状态...开始
05:57:00.060 [schedule-pool-1] INFO  c.x.e.t.EveryMinuteEventTask - [updateExamStatus,57] - 更新考试项目,考试状态的状态...结束
05:58:00.017 [schedule-pool-1] INFO  c.x.e.t.EveryMinuteEventTask - [updateExamStatus,33] - 更新考试项目,考试状态的状态...开始
05:58:00.065 [schedule-pool-1] INFO  c.x.e.t.EveryMinuteEventTask - [updateExamStatus,57] - 更新考试项目,考试状态的状态...结束
05:59:00.012 [schedule-pool-1] INFO  c.x.e.t.EveryMinuteEventTask - [updateExamStatus,33] - 更新考试项目,考试状态的状态...开始
05:59:00.044 [schedule-pool-1] INFO  c.x.e.t.EveryMinuteEventTask - [updateExamStatus,57] - 更新考试项目,考试状态的状态...结束
06:00:00.021 [schedule-pool-1] INFO  c.x.e.t.EveryMinuteEventTask - [updateExamStatus,33] - 更新考试项目,考试状态的状态...开始
06:00:00.070 [schedule-pool-1] INFO  c.x.e.t.EveryMinuteEventTask - [updateExamStatus,57] - 更新考试项目,考试状态的状态...结束
06:01:00.006 [schedule-pool-1] INFO  c.x.e.t.EveryMinuteEventTask - [updateExamStatus,33] - 更新考试项目,考试状态的状态...开始
06:01:00.052 [schedule-pool-1] INFO  c.x.e.t.EveryMinuteEventTask - [updateExamStatus,57] - 更新考试项目,考试状态的状态...结束
06:02:00.000 [schedule-pool-1] INFO  c.x.e.t.EveryMinuteEventTask - [updateExamStatus,33] - 更新考试项目,考试状态的状态...开始
06:02:00.046 [schedule-pool-1] INFO  c.x.e.t.EveryMinuteEventTask - [updateExamStatus,57] - 更新考试项目,考试状态的状态...结束
06:03:00.016 [schedule-pool-1] INFO  c.x.e.t.EveryMinuteEventTask - [updateExamStatus,33] - 更新考试项目,考试状态的状态...开始
06:03:00.047 [schedule-pool-1] INFO  c.x.e.t.EveryMinuteEventTask - [updateExamStatus,57] - 更新考试项目,考试状态的状态...结束
06:04:00.017 [schedule-pool-1] INFO  c.x.e.t.EveryMinuteEventTask - [updateExamStatus,33] - 更新考试项目,考试状态的状态...开始
06:04:00.064 [schedule-pool-1] INFO  c.x.e.t.EveryMinuteEventTask - [updateExamStatus,57] - 更新考试项目,考试状态的状态...结束
06:05:00.023 [schedule-pool-1] INFO  c.x.e.t.EveryMinuteEventTask - [updateExamStatus,33] - 更新考试项目,考试状态的状态...开始
06:05:00.054 [schedule-pool-1] INFO  c.x.e.t.EveryMinuteEventTask - [updateExamStatus,57] - 更新考试项目,考试状态的状态...结束
06:06:00.018 [schedule-pool-1] INFO  c.x.e.t.EveryMinuteEventTask - [updateExamStatus,33] - 更新考试项目,考试状态的状态...开始
06:06:00.049 [schedule-pool-1] INFO  c.x.e.t.EveryMinuteEventTask - [updateExamStatus,57] - 更新考试项目,考试状态的状态...结束
06:07:00.012 [schedule-pool-1] INFO  c.x.e.t.EveryMinuteEventTask - [updateExamStatus,33] - 更新考试项目,考试状态的状态...开始
06:07:00.075 [schedule-pool-1] INFO  c.x.e.t.EveryMinuteEventTask - [updateExamStatus,57] - 更新考试项目,考试状态的状态...结束
06:08:00.018 [schedule-pool-1] INFO  c.x.e.t.EveryMinuteEventTask - [updateExamStatus,33] - 更新考试项目,考试状态的状态...开始
06:08:00.065 [schedule-pool-1] INFO  c.x.e.t.EveryMinuteEventTask - [updateExamStatus,57] - 更新考试项目,考试状态的状态...结束
06:09:00.023 [schedule-pool-1] INFO  c.x.e.t.EveryMinuteEventTask - [updateExamStatus,33] - 更新考试项目,考试状态的状态...开始
06:09:00.070 [schedule-pool-1] INFO  c.x.e.t.EveryMinuteEventTask - [updateExamStatus,57] - 更新考试项目,考试状态的状态...结束
06:10:00.007 [schedule-pool-1] INFO  c.x.e.t.EveryMinuteEventTask - [updateExamStatus,33] - 更新考试项目,考试状态的状态...开始
06:10:00.054 [schedule-pool-1] INFO  c.x.e.t.EveryMinuteEventTask - [updateExamStatus,57] - 更新考试项目,考试状态的状态...结束
06:11:00.013 [schedule-pool-1] INFO  c.x.e.t.EveryMinuteEventTask - [updateExamStatus,33] - 更新考试项目,考试状态的状态...开始
06:11:00.060 [schedule-pool-1] INFO  c.x.e.t.EveryMinuteEventTask - [updateExamStatus,57] - 更新考试项目,考试状态的状态...结束
06:12:00.022 [schedule-pool-1] INFO  c.x.e.t.EveryMinuteEventTask - [updateExamStatus,33] - 更新考试项目,考试状态的状态...开始
06:12:00.069 [schedule-pool-1] INFO  c.x.e.t.EveryMinuteEventTask - [updateExamStatus,57] - 更新考试项目,考试状态的状态...结束
06:13:00.014 [schedule-pool-1] INFO  c.x.e.t.EveryMinuteEventTask - [updateExamStatus,33] - 更新考试项目,考试状态的状态...开始
06:13:00.061 [schedule-pool-1] INFO  c.x.e.t.EveryMinuteEventTask - [updateExamStatus,57] - 更新考试项目,考试状态的状态...结束
06:14:00.012 [schedule-pool-1] INFO  c.x.e.t.EveryMinuteEventTask - [updateExamStatus,33] - 更新考试项目,考试状态的状态...开始
06:14:00.059 [schedule-pool-1] INFO  c.x.e.t.EveryMinuteEventTask - [updateExamStatus,57] - 更新考试项目,考试状态的状态...结束
06:15:00.007 [schedule-pool-1] INFO  c.x.e.t.EveryMinuteEventTask - [updateExamStatus,33] - 更新考试项目,考试状态的状态...开始
06:15:00.054 [schedule-pool-1] INFO  c.x.e.t.EveryMinuteEventTask - [updateExamStatus,57] - 更新考试项目,考试状态的状态...结束
06:16:00.008 [schedule-pool-1] INFO  c.x.e.t.EveryMinuteEventTask - [updateExamStatus,33] - 更新考试项目,考试状态的状态...开始
06:16:00.055 [schedule-pool-1] INFO  c.x.e.t.EveryMinuteEventTask - [updateExamStatus,57] - 更新考试项目,考试状态的状态...结束
06:17:00.018 [schedule-pool-1] INFO  c.x.e.t.EveryMinuteEventTask - [updateExamStatus,33] - 更新考试项目,考试状态的状态...开始
06:17:00.049 [schedule-pool-1] INFO  c.x.e.t.EveryMinuteEventTask - [updateExamStatus,57] - 更新考试项目,考试状态的状态...结束
06:18:00.024 [schedule-pool-1] INFO  c.x.e.t.EveryMinuteEventTask - [updateExamStatus,33] - 更新考试项目,考试状态的状态...开始
06:18:00.071 [schedule-pool-1] INFO  c.x.e.t.EveryMinuteEventTask - [updateExamStatus,57] - 更新考试项目,考试状态的状态...结束
06:19:00.015 [schedule-pool-1] INFO  c.x.e.t.EveryMinuteEventTask - [updateExamStatus,33] - 更新考试项目,考试状态的状态...开始
06:19:00.062 [schedule-pool-1] INFO  c.x.e.t.EveryMinuteEventTask - [updateExamStatus,57] - 更新考试项目,考试状态的状态...结束
06:20:00.011 [schedule-pool-1] INFO  c.x.e.t.EveryMinuteEventTask - [updateExamStatus,33] - 更新考试项目,考试状态的状态...开始
06:20:00.042 [schedule-pool-1] INFO  c.x.e.t.EveryMinuteEventTask - [updateExamStatus,57] - 更新考试项目,考试状态的状态...结束
06:21:00.018 [schedule-pool-1] INFO  c.x.e.t.EveryMinuteEventTask - [updateExamStatus,33] - 更新考试项目,考试状态的状态...开始
06:21:00.049 [schedule-pool-1] INFO  c.x.e.t.EveryMinuteEventTask - [updateExamStatus,57] - 更新考试项目,考试状态的状态...结束
06:22:00.013 [schedule-pool-1] INFO  c.x.e.t.EveryMinuteEventTask - [updateExamStatus,33] - 更新考试项目,考试状态的状态...开始
06:22:00.060 [schedule-pool-1] INFO  c.x.e.t.EveryMinuteEventTask - [updateExamStatus,57] - 更新考试项目,考试状态的状态...结束
