08:55:39.879 [restartedMain] INFO  c.x.e.MyApplication - [logStarting,55] - Starting MyApplication using Java 18.0.2.1 on DESKTOP-TNHFM8P with PID 9676 (E:\test_project\annotation\target\classes started by 73922 in E:\test_project\annotation)
08:55:39.884 [restartedMain] INFO  c.x.e.MyApplication - [logStartupProfileInfo,638] - The following 1 profile is active: "dev"
08:55:39.930 [background-preinit] INFO  o.h.v.i.util.Version - [<clinit>,21] - HV000001: Hibernate Validator 6.2.5.Final
08:55:49.711 [restartedMain] INFO  o.d.c.GlobalSettings - [loadGlobalSettings,113] - Trying to find Dozer configuration file: dozer.properties
08:55:49.735 [restartedMain] INFO  o.d.DozerInitializer - [init,75] - Initializing Dozer. Version: 5.5.0, Thread Name: restartedMain
08:55:49.740 [restartedMain] INFO  o.d.j.JMXPlatformImpl - [register,66] - Dozer JMX MBean [org.dozer.jmx:type=DozerStatisticsController] auto registered with the Platform MBean Server
08:55:49.741 [restartedMain] INFO  o.d.j.JMXPlatformImpl - [register,66] - Dozer JMX MBean [org.dozer.jmx:type=DozerAdminController] auto registered with the Platform MBean Server
08:55:49.741 [restartedMain] INFO  o.d.DozerBeanMapper - [init,175] - Initializing a new instance of dozer bean mapper.
08:55:50.728 [restartedMain] INFO  io.undertow.servlet - [log,389] - Initializing Spring embedded WebApplicationContext
08:55:51.370 [restartedMain] INFO  c.x.e.c.u.i.IpRegionUtils - [init,29] - init ip region db path [E:\test_project\annotation\temp\ip2region.xdb]
08:55:51.578 [restartedMain] INFO  c.x.e.c.u.i.IpRegionUtils - [init,43] - bean [org.lionsoul.ip2region.xdb.Searcher@6c3117e5]
08:55:51.587 [restartedMain] INFO  o.d.DozerBeanMapper - [init,175] - Initializing a new instance of dozer bean mapper.
08:55:51.816 [restartedMain] INFO  c.a.d.s.b.a.DruidDataSourceAutoConfigure - [dataSource,55] - Init DruidDataSource
08:55:52.093 [restartedMain] INFO  c.a.d.p.DruidDataSource - [init,985] - {dataSource-1} inited
08:55:57.152 [restartedMain] INFO  io.undertow - [start,120] - starting server: Undertow - 2.2.28.Final
08:55:57.160 [restartedMain] INFO  org.xnio - [<clinit>,95] - XNIO version 3.8.7.Final
08:55:57.166 [restartedMain] INFO  org.xnio.nio - [<clinit>,58] - XNIO NIO Implementation Version 3.8.7.Final
08:55:57.188 [restartedMain] INFO  org.jboss.threads - [<clinit>,52] - JBoss Threads version 3.1.0.Final
08:55:57.265 [restartedMain] INFO  c.x.e.MyApplication - [logStarted,61] - Started MyApplication in 18.211 seconds (JVM running for 23.073)
08:56:00.007 [schedule-pool-1] INFO  c.x.e.t.EveryMinuteEventTask - [updateExamStatus,33] - 更新考试项目,考试状态的状态...开始
08:56:00.114 [schedule-pool-1] INFO  c.x.e.t.EveryMinuteEventTask - [updateExamStatus,57] - 更新考试项目,考试状态的状态...结束
08:56:31.629 [XNIO-1 task-2] INFO  io.undertow.servlet - [log,389] - Initializing Spring DispatcherServlet 'dispatcherServlet'
08:57:00.001 [schedule-pool-1] INFO  c.x.e.t.EveryMinuteEventTask - [updateExamStatus,33] - 更新考试项目,考试状态的状态...开始
08:57:00.049 [schedule-pool-1] INFO  c.x.e.t.EveryMinuteEventTask - [updateExamStatus,57] - 更新考试项目,考试状态的状态...结束
08:58:00.002 [schedule-pool-1] INFO  c.x.e.t.EveryMinuteEventTask - [updateExamStatus,33] - 更新考试项目,考试状态的状态...开始
08:58:00.049 [schedule-pool-1] INFO  c.x.e.t.EveryMinuteEventTask - [updateExamStatus,57] - 更新考试项目,考试状态的状态...结束
08:59:00.012 [schedule-pool-1] INFO  c.x.e.t.EveryMinuteEventTask - [updateExamStatus,33] - 更新考试项目,考试状态的状态...开始
08:59:00.049 [schedule-pool-1] INFO  c.x.e.t.EveryMinuteEventTask - [updateExamStatus,57] - 更新考试项目,考试状态的状态...结束
09:00:00.015 [schedule-pool-1] INFO  c.x.e.t.EveryMinuteEventTask - [updateExamStatus,33] - 更新考试项目,考试状态的状态...开始
09:00:00.046 [schedule-pool-1] INFO  c.x.e.t.EveryMinuteEventTask - [updateExamStatus,57] - 更新考试项目,考试状态的状态...结束
09:01:00.012 [schedule-pool-1] INFO  c.x.e.t.EveryMinuteEventTask - [updateExamStatus,33] - 更新考试项目,考试状态的状态...开始
09:01:00.057 [schedule-pool-1] INFO  c.x.e.t.EveryMinuteEventTask - [updateExamStatus,57] - 更新考试项目,考试状态的状态...结束
09:02:00.003 [schedule-pool-1] INFO  c.x.e.t.EveryMinuteEventTask - [updateExamStatus,33] - 更新考试项目,考试状态的状态...开始
09:02:00.050 [schedule-pool-1] INFO  c.x.e.t.EveryMinuteEventTask - [updateExamStatus,57] - 更新考试项目,考试状态的状态...结束
09:03:00.018 [schedule-pool-1] INFO  c.x.e.t.EveryMinuteEventTask - [updateExamStatus,33] - 更新考试项目,考试状态的状态...开始
09:03:00.050 [schedule-pool-1] INFO  c.x.e.t.EveryMinuteEventTask - [updateExamStatus,57] - 更新考试项目,考试状态的状态...结束
09:04:00.026 [schedule-pool-1] INFO  c.x.e.t.EveryMinuteEventTask - [updateExamStatus,33] - 更新考试项目,考试状态的状态...开始
09:04:00.057 [schedule-pool-1] INFO  c.x.e.t.EveryMinuteEventTask - [updateExamStatus,57] - 更新考试项目,考试状态的状态...结束
09:05:00.024 [schedule-pool-1] INFO  c.x.e.t.EveryMinuteEventTask - [updateExamStatus,33] - 更新考试项目,考试状态的状态...开始
09:05:00.082 [schedule-pool-1] INFO  c.x.e.t.EveryMinuteEventTask - [updateExamStatus,57] - 更新考试项目,考试状态的状态...结束
09:06:00.014 [schedule-pool-1] INFO  c.x.e.t.EveryMinuteEventTask - [updateExamStatus,33] - 更新考试项目,考试状态的状态...开始
09:06:00.055 [schedule-pool-1] INFO  c.x.e.t.EveryMinuteEventTask - [updateExamStatus,57] - 更新考试项目,考试状态的状态...结束
09:07:00.003 [schedule-pool-1] INFO  c.x.e.t.EveryMinuteEventTask - [updateExamStatus,33] - 更新考试项目,考试状态的状态...开始
09:07:00.045 [schedule-pool-1] INFO  c.x.e.t.EveryMinuteEventTask - [updateExamStatus,57] - 更新考试项目,考试状态的状态...结束
09:08:00.005 [schedule-pool-1] INFO  c.x.e.t.EveryMinuteEventTask - [updateExamStatus,33] - 更新考试项目,考试状态的状态...开始
09:08:00.037 [schedule-pool-1] INFO  c.x.e.t.EveryMinuteEventTask - [updateExamStatus,57] - 更新考试项目,考试状态的状态...结束
09:09:00.021 [schedule-pool-1] INFO  c.x.e.t.EveryMinuteEventTask - [updateExamStatus,33] - 更新考试项目,考试状态的状态...开始
09:09:00.053 [schedule-pool-1] INFO  c.x.e.t.EveryMinuteEventTask - [updateExamStatus,57] - 更新考试项目,考试状态的状态...结束
09:10:00.020 [schedule-pool-1] INFO  c.x.e.t.EveryMinuteEventTask - [updateExamStatus,33] - 更新考试项目,考试状态的状态...开始
09:10:00.065 [schedule-pool-1] INFO  c.x.e.t.EveryMinuteEventTask - [updateExamStatus,57] - 更新考试项目,考试状态的状态...结束
09:11:00.009 [schedule-pool-1] INFO  c.x.e.t.EveryMinuteEventTask - [updateExamStatus,33] - 更新考试项目,考试状态的状态...开始
09:11:00.053 [schedule-pool-1] INFO  c.x.e.t.EveryMinuteEventTask - [updateExamStatus,57] - 更新考试项目,考试状态的状态...结束
09:12:00.007 [schedule-pool-1] INFO  c.x.e.t.EveryMinuteEventTask - [updateExamStatus,33] - 更新考试项目,考试状态的状态...开始
09:12:00.047 [schedule-pool-1] INFO  c.x.e.t.EveryMinuteEventTask - [updateExamStatus,57] - 更新考试项目,考试状态的状态...结束
09:13:00.012 [schedule-pool-1] INFO  c.x.e.t.EveryMinuteEventTask - [updateExamStatus,33] - 更新考试项目,考试状态的状态...开始
09:13:00.056 [schedule-pool-1] INFO  c.x.e.t.EveryMinuteEventTask - [updateExamStatus,57] - 更新考试项目,考试状态的状态...结束
09:14:00.003 [schedule-pool-1] INFO  c.x.e.t.EveryMinuteEventTask - [updateExamStatus,33] - 更新考试项目,考试状态的状态...开始
09:14:00.042 [schedule-pool-1] INFO  c.x.e.t.EveryMinuteEventTask - [updateExamStatus,57] - 更新考试项目,考试状态的状态...结束
09:15:00.004 [schedule-pool-1] INFO  c.x.e.t.EveryMinuteEventTask - [updateExamStatus,33] - 更新考试项目,考试状态的状态...开始
09:15:00.050 [schedule-pool-1] INFO  c.x.e.t.EveryMinuteEventTask - [updateExamStatus,57] - 更新考试项目,考试状态的状态...结束
09:16:00.015 [schedule-pool-1] INFO  c.x.e.t.EveryMinuteEventTask - [updateExamStatus,33] - 更新考试项目,考试状态的状态...开始
09:16:00.052 [schedule-pool-1] INFO  c.x.e.t.EveryMinuteEventTask - [updateExamStatus,57] - 更新考试项目,考试状态的状态...结束
09:17:00.010 [schedule-pool-1] INFO  c.x.e.t.EveryMinuteEventTask - [updateExamStatus,33] - 更新考试项目,考试状态的状态...开始
09:17:00.042 [schedule-pool-1] INFO  c.x.e.t.EveryMinuteEventTask - [updateExamStatus,57] - 更新考试项目,考试状态的状态...结束
09:18:00.022 [schedule-pool-1] INFO  c.x.e.t.EveryMinuteEventTask - [updateExamStatus,33] - 更新考试项目,考试状态的状态...开始
09:18:00.054 [schedule-pool-1] INFO  c.x.e.t.EveryMinuteEventTask - [updateExamStatus,57] - 更新考试项目,考试状态的状态...结束
09:19:00.015 [schedule-pool-1] INFO  c.x.e.t.EveryMinuteEventTask - [updateExamStatus,33] - 更新考试项目,考试状态的状态...开始
09:19:00.046 [schedule-pool-1] INFO  c.x.e.t.EveryMinuteEventTask - [updateExamStatus,57] - 更新考试项目,考试状态的状态...结束
09:20:00.012 [schedule-pool-1] INFO  c.x.e.t.EveryMinuteEventTask - [updateExamStatus,33] - 更新考试项目,考试状态的状态...开始
09:20:00.044 [schedule-pool-1] INFO  c.x.e.t.EveryMinuteEventTask - [updateExamStatus,57] - 更新考试项目,考试状态的状态...结束
09:21:00.024 [schedule-pool-1] INFO  c.x.e.t.EveryMinuteEventTask - [updateExamStatus,33] - 更新考试项目,考试状态的状态...开始
09:21:00.057 [schedule-pool-1] INFO  c.x.e.t.EveryMinuteEventTask - [updateExamStatus,57] - 更新考试项目,考试状态的状态...结束
09:22:00.015 [schedule-pool-1] INFO  c.x.e.t.EveryMinuteEventTask - [updateExamStatus,33] - 更新考试项目,考试状态的状态...开始
09:22:00.055 [schedule-pool-1] INFO  c.x.e.t.EveryMinuteEventTask - [updateExamStatus,57] - 更新考试项目,考试状态的状态...结束
09:23:00.008 [schedule-pool-1] INFO  c.x.e.t.EveryMinuteEventTask - [updateExamStatus,33] - 更新考试项目,考试状态的状态...开始
09:23:00.050 [schedule-pool-1] INFO  c.x.e.t.EveryMinuteEventTask - [updateExamStatus,57] - 更新考试项目,考试状态的状态...结束
09:24:00.014 [schedule-pool-1] INFO  c.x.e.t.EveryMinuteEventTask - [updateExamStatus,33] - 更新考试项目,考试状态的状态...开始
09:24:00.069 [schedule-pool-1] INFO  c.x.e.t.EveryMinuteEventTask - [updateExamStatus,57] - 更新考试项目,考试状态的状态...结束
09:25:00.012 [schedule-pool-1] INFO  c.x.e.t.EveryMinuteEventTask - [updateExamStatus,33] - 更新考试项目,考试状态的状态...开始
09:25:00.051 [schedule-pool-1] INFO  c.x.e.t.EveryMinuteEventTask - [updateExamStatus,57] - 更新考试项目,考试状态的状态...结束
09:26:00.010 [schedule-pool-1] INFO  c.x.e.t.EveryMinuteEventTask - [updateExamStatus,33] - 更新考试项目,考试状态的状态...开始
09:26:00.054 [schedule-pool-1] INFO  c.x.e.t.EveryMinuteEventTask - [updateExamStatus,57] - 更新考试项目,考试状态的状态...结束
09:27:00.008 [schedule-pool-1] INFO  c.x.e.t.EveryMinuteEventTask - [updateExamStatus,33] - 更新考试项目,考试状态的状态...开始
09:27:00.046 [schedule-pool-1] INFO  c.x.e.t.EveryMinuteEventTask - [updateExamStatus,57] - 更新考试项目,考试状态的状态...结束
09:28:00.005 [schedule-pool-1] INFO  c.x.e.t.EveryMinuteEventTask - [updateExamStatus,33] - 更新考试项目,考试状态的状态...开始
09:28:00.041 [schedule-pool-1] INFO  c.x.e.t.EveryMinuteEventTask - [updateExamStatus,57] - 更新考试项目,考试状态的状态...结束
09:29:00.009 [schedule-pool-1] INFO  c.x.e.t.EveryMinuteEventTask - [updateExamStatus,33] - 更新考试项目,考试状态的状态...开始
09:29:00.053 [schedule-pool-1] INFO  c.x.e.t.EveryMinuteEventTask - [updateExamStatus,57] - 更新考试项目,考试状态的状态...结束
09:30:00.013 [schedule-pool-1] INFO  c.x.e.t.EveryMinuteEventTask - [updateExamStatus,33] - 更新考试项目,考试状态的状态...开始
09:30:00.044 [schedule-pool-1] INFO  c.x.e.t.EveryMinuteEventTask - [updateExamStatus,57] - 更新考试项目,考试状态的状态...结束
09:31:00.009 [schedule-pool-1] INFO  c.x.e.t.EveryMinuteEventTask - [updateExamStatus,33] - 更新考试项目,考试状态的状态...开始
09:31:00.196 [schedule-pool-1] INFO  c.x.e.t.EveryMinuteEventTask - [updateExamStatus,57] - 更新考试项目,考试状态的状态...结束
09:32:00.011 [schedule-pool-1] INFO  c.x.e.t.EveryMinuteEventTask - [updateExamStatus,33] - 更新考试项目,考试状态的状态...开始
09:32:00.043 [schedule-pool-1] INFO  c.x.e.t.EveryMinuteEventTask - [updateExamStatus,57] - 更新考试项目,考试状态的状态...结束
09:33:00.016 [schedule-pool-1] INFO  c.x.e.t.EveryMinuteEventTask - [updateExamStatus,33] - 更新考试项目,考试状态的状态...开始
09:33:00.053 [schedule-pool-1] INFO  c.x.e.t.EveryMinuteEventTask - [updateExamStatus,57] - 更新考试项目,考试状态的状态...结束
09:34:00.004 [schedule-pool-1] INFO  c.x.e.t.EveryMinuteEventTask - [updateExamStatus,33] - 更新考试项目,考试状态的状态...开始
09:34:00.035 [schedule-pool-1] INFO  c.x.e.t.EveryMinuteEventTask - [updateExamStatus,57] - 更新考试项目,考试状态的状态...结束
09:35:00.022 [schedule-pool-1] INFO  c.x.e.t.EveryMinuteEventTask - [updateExamStatus,33] - 更新考试项目,考试状态的状态...开始
09:35:00.053 [schedule-pool-1] INFO  c.x.e.t.EveryMinuteEventTask - [updateExamStatus,57] - 更新考试项目,考试状态的状态...结束
09:36:00.017 [schedule-pool-1] INFO  c.x.e.t.EveryMinuteEventTask - [updateExamStatus,33] - 更新考试项目,考试状态的状态...开始
09:36:00.049 [schedule-pool-1] INFO  c.x.e.t.EveryMinuteEventTask - [updateExamStatus,57] - 更新考试项目,考试状态的状态...结束
09:37:00.017 [schedule-pool-1] INFO  c.x.e.t.EveryMinuteEventTask - [updateExamStatus,33] - 更新考试项目,考试状态的状态...开始
09:37:00.049 [schedule-pool-1] INFO  c.x.e.t.EveryMinuteEventTask - [updateExamStatus,57] - 更新考试项目,考试状态的状态...结束
09:38:00.014 [schedule-pool-1] INFO  c.x.e.t.EveryMinuteEventTask - [updateExamStatus,33] - 更新考试项目,考试状态的状态...开始
09:38:00.045 [schedule-pool-1] INFO  c.x.e.t.EveryMinuteEventTask - [updateExamStatus,57] - 更新考试项目,考试状态的状态...结束
09:39:00.011 [schedule-pool-1] INFO  c.x.e.t.EveryMinuteEventTask - [updateExamStatus,33] - 更新考试项目,考试状态的状态...开始
09:39:00.043 [schedule-pool-1] INFO  c.x.e.t.EveryMinuteEventTask - [updateExamStatus,57] - 更新考试项目,考试状态的状态...结束
09:40:00.019 [schedule-pool-1] INFO  c.x.e.t.EveryMinuteEventTask - [updateExamStatus,33] - 更新考试项目,考试状态的状态...开始
09:40:00.066 [schedule-pool-1] INFO  c.x.e.t.EveryMinuteEventTask - [updateExamStatus,57] - 更新考试项目,考试状态的状态...结束
09:41:00.015 [schedule-pool-1] INFO  c.x.e.t.EveryMinuteEventTask - [updateExamStatus,33] - 更新考试项目,考试状态的状态...开始
09:41:00.062 [schedule-pool-1] INFO  c.x.e.t.EveryMinuteEventTask - [updateExamStatus,57] - 更新考试项目,考试状态的状态...结束
09:42:00.023 [schedule-pool-1] INFO  c.x.e.t.EveryMinuteEventTask - [updateExamStatus,33] - 更新考试项目,考试状态的状态...开始
09:42:00.054 [schedule-pool-1] INFO  c.x.e.t.EveryMinuteEventTask - [updateExamStatus,57] - 更新考试项目,考试状态的状态...结束
09:43:00.010 [schedule-pool-1] INFO  c.x.e.t.EveryMinuteEventTask - [updateExamStatus,33] - 更新考试项目,考试状态的状态...开始
09:43:00.041 [schedule-pool-1] INFO  c.x.e.t.EveryMinuteEventTask - [updateExamStatus,57] - 更新考试项目,考试状态的状态...结束
09:44:00.015 [schedule-pool-1] INFO  c.x.e.t.EveryMinuteEventTask - [updateExamStatus,33] - 更新考试项目,考试状态的状态...开始
09:44:00.047 [schedule-pool-1] INFO  c.x.e.t.EveryMinuteEventTask - [updateExamStatus,57] - 更新考试项目,考试状态的状态...结束
09:45:00.022 [schedule-pool-1] INFO  c.x.e.t.EveryMinuteEventTask - [updateExamStatus,33] - 更新考试项目,考试状态的状态...开始
09:45:00.054 [schedule-pool-1] INFO  c.x.e.t.EveryMinuteEventTask - [updateExamStatus,57] - 更新考试项目,考试状态的状态...结束
09:46:00.018 [schedule-pool-1] INFO  c.x.e.t.EveryMinuteEventTask - [updateExamStatus,33] - 更新考试项目,考试状态的状态...开始
09:46:00.050 [schedule-pool-1] INFO  c.x.e.t.EveryMinuteEventTask - [updateExamStatus,57] - 更新考试项目,考试状态的状态...结束
09:47:00.029 [schedule-pool-1] INFO  c.x.e.t.EveryMinuteEventTask - [updateExamStatus,33] - 更新考试项目,考试状态的状态...开始
09:47:00.060 [schedule-pool-1] INFO  c.x.e.t.EveryMinuteEventTask - [updateExamStatus,57] - 更新考试项目,考试状态的状态...结束
09:48:00.010 [schedule-pool-1] INFO  c.x.e.t.EveryMinuteEventTask - [updateExamStatus,33] - 更新考试项目,考试状态的状态...开始
09:48:00.057 [schedule-pool-1] INFO  c.x.e.t.EveryMinuteEventTask - [updateExamStatus,57] - 更新考试项目,考试状态的状态...结束
09:49:00.020 [schedule-pool-1] INFO  c.x.e.t.EveryMinuteEventTask - [updateExamStatus,33] - 更新考试项目,考试状态的状态...开始
09:49:00.051 [schedule-pool-1] INFO  c.x.e.t.EveryMinuteEventTask - [updateExamStatus,57] - 更新考试项目,考试状态的状态...结束
09:50:00.022 [schedule-pool-1] INFO  c.x.e.t.EveryMinuteEventTask - [updateExamStatus,33] - 更新考试项目,考试状态的状态...开始
09:50:00.069 [schedule-pool-1] INFO  c.x.e.t.EveryMinuteEventTask - [updateExamStatus,57] - 更新考试项目,考试状态的状态...结束
09:51:00.010 [schedule-pool-1] INFO  c.x.e.t.EveryMinuteEventTask - [updateExamStatus,33] - 更新考试项目,考试状态的状态...开始
09:51:00.042 [schedule-pool-1] INFO  c.x.e.t.EveryMinuteEventTask - [updateExamStatus,57] - 更新考试项目,考试状态的状态...结束
09:52:00.013 [schedule-pool-1] INFO  c.x.e.t.EveryMinuteEventTask - [updateExamStatus,33] - 更新考试项目,考试状态的状态...开始
09:52:00.060 [schedule-pool-1] INFO  c.x.e.t.EveryMinuteEventTask - [updateExamStatus,57] - 更新考试项目,考试状态的状态...结束
09:53:00.007 [schedule-pool-1] INFO  c.x.e.t.EveryMinuteEventTask - [updateExamStatus,33] - 更新考试项目,考试状态的状态...开始
09:53:00.039 [schedule-pool-1] INFO  c.x.e.t.EveryMinuteEventTask - [updateExamStatus,57] - 更新考试项目,考试状态的状态...结束
09:54:00.020 [schedule-pool-1] INFO  c.x.e.t.EveryMinuteEventTask - [updateExamStatus,33] - 更新考试项目,考试状态的状态...开始
09:54:00.052 [schedule-pool-1] INFO  c.x.e.t.EveryMinuteEventTask - [updateExamStatus,57] - 更新考试项目,考试状态的状态...结束
09:55:00.023 [schedule-pool-1] INFO  c.x.e.t.EveryMinuteEventTask - [updateExamStatus,33] - 更新考试项目,考试状态的状态...开始
09:55:00.071 [schedule-pool-1] INFO  c.x.e.t.EveryMinuteEventTask - [updateExamStatus,57] - 更新考试项目,考试状态的状态...结束
09:56:00.020 [schedule-pool-1] INFO  c.x.e.t.EveryMinuteEventTask - [updateExamStatus,33] - 更新考试项目,考试状态的状态...开始
09:56:00.053 [schedule-pool-1] INFO  c.x.e.t.EveryMinuteEventTask - [updateExamStatus,57] - 更新考试项目,考试状态的状态...结束
09:57:00.008 [schedule-pool-1] INFO  c.x.e.t.EveryMinuteEventTask - [updateExamStatus,33] - 更新考试项目,考试状态的状态...开始
09:57:00.055 [schedule-pool-1] INFO  c.x.e.t.EveryMinuteEventTask - [updateExamStatus,57] - 更新考试项目,考试状态的状态...结束
09:58:00.016 [schedule-pool-1] INFO  c.x.e.t.EveryMinuteEventTask - [updateExamStatus,33] - 更新考试项目,考试状态的状态...开始
09:58:00.048 [schedule-pool-1] INFO  c.x.e.t.EveryMinuteEventTask - [updateExamStatus,57] - 更新考试项目,考试状态的状态...结束
09:59:00.010 [schedule-pool-1] INFO  c.x.e.t.EveryMinuteEventTask - [updateExamStatus,33] - 更新考试项目,考试状态的状态...开始
09:59:00.041 [schedule-pool-1] INFO  c.x.e.t.EveryMinuteEventTask - [updateExamStatus,57] - 更新考试项目,考试状态的状态...结束
10:00:00.016 [schedule-pool-1] INFO  c.x.e.t.EveryMinuteEventTask - [updateExamStatus,33] - 更新考试项目,考试状态的状态...开始
10:00:00.048 [schedule-pool-1] INFO  c.x.e.t.EveryMinuteEventTask - [updateExamStatus,57] - 更新考试项目,考试状态的状态...结束
10:01:00.022 [schedule-pool-1] INFO  c.x.e.t.EveryMinuteEventTask - [updateExamStatus,33] - 更新考试项目,考试状态的状态...开始
10:01:00.054 [schedule-pool-1] INFO  c.x.e.t.EveryMinuteEventTask - [updateExamStatus,57] - 更新考试项目,考试状态的状态...结束
10:02:00.011 [schedule-pool-1] INFO  c.x.e.t.EveryMinuteEventTask - [updateExamStatus,33] - 更新考试项目,考试状态的状态...开始
10:02:00.042 [schedule-pool-1] INFO  c.x.e.t.EveryMinuteEventTask - [updateExamStatus,57] - 更新考试项目,考试状态的状态...结束
10:03:00.024 [schedule-pool-1] INFO  c.x.e.t.EveryMinuteEventTask - [updateExamStatus,33] - 更新考试项目,考试状态的状态...开始
10:03:00.056 [schedule-pool-1] INFO  c.x.e.t.EveryMinuteEventTask - [updateExamStatus,57] - 更新考试项目,考试状态的状态...结束
10:04:00.024 [schedule-pool-1] INFO  c.x.e.t.EveryMinuteEventTask - [updateExamStatus,33] - 更新考试项目,考试状态的状态...开始
10:04:00.056 [schedule-pool-1] INFO  c.x.e.t.EveryMinuteEventTask - [updateExamStatus,57] - 更新考试项目,考试状态的状态...结束
10:05:00.012 [schedule-pool-1] INFO  c.x.e.t.EveryMinuteEventTask - [updateExamStatus,33] - 更新考试项目,考试状态的状态...开始
10:05:00.054 [schedule-pool-1] INFO  c.x.e.t.EveryMinuteEventTask - [updateExamStatus,57] - 更新考试项目,考试状态的状态...结束
10:06:00.001 [schedule-pool-1] INFO  c.x.e.t.EveryMinuteEventTask - [updateExamStatus,33] - 更新考试项目,考试状态的状态...开始
10:06:00.080 [schedule-pool-1] INFO  c.x.e.t.EveryMinuteEventTask - [updateExamStatus,57] - 更新考试项目,考试状态的状态...结束
10:07:00.027 [schedule-pool-1] INFO  c.x.e.t.EveryMinuteEventTask - [updateExamStatus,33] - 更新考试项目,考试状态的状态...开始
10:07:00.064 [schedule-pool-1] INFO  c.x.e.t.EveryMinuteEventTask - [updateExamStatus,57] - 更新考试项目,考试状态的状态...结束
10:08:00.016 [schedule-pool-1] INFO  c.x.e.t.EveryMinuteEventTask - [updateExamStatus,33] - 更新考试项目,考试状态的状态...开始
10:08:00.060 [schedule-pool-1] INFO  c.x.e.t.EveryMinuteEventTask - [updateExamStatus,57] - 更新考试项目,考试状态的状态...结束
10:09:00.005 [schedule-pool-1] INFO  c.x.e.t.EveryMinuteEventTask - [updateExamStatus,33] - 更新考试项目,考试状态的状态...开始
10:09:00.047 [schedule-pool-1] INFO  c.x.e.t.EveryMinuteEventTask - [updateExamStatus,57] - 更新考试项目,考试状态的状态...结束
10:10:00.016 [schedule-pool-1] INFO  c.x.e.t.EveryMinuteEventTask - [updateExamStatus,33] - 更新考试项目,考试状态的状态...开始
10:10:00.050 [schedule-pool-1] INFO  c.x.e.t.EveryMinuteEventTask - [updateExamStatus,57] - 更新考试项目,考试状态的状态...结束
10:11:00.010 [schedule-pool-1] INFO  c.x.e.t.EveryMinuteEventTask - [updateExamStatus,33] - 更新考试项目,考试状态的状态...开始
10:11:00.050 [schedule-pool-1] INFO  c.x.e.t.EveryMinuteEventTask - [updateExamStatus,57] - 更新考试项目,考试状态的状态...结束
10:11:50.469 [SpringApplicationShutdownHook] INFO  io.undertow - [stop,259] - stopping server: Undertow - 2.2.28.Final
10:11:50.472 [SpringApplicationShutdownHook] INFO  io.undertow.servlet - [log,389] - Destroying Spring FrameworkServlet 'dispatcherServlet'
10:11:50.484 [SpringApplicationShutdownHook] INFO  c.a.d.p.DruidDataSource - [close,2105] - {dataSource-1} closing ...
10:11:50.487 [SpringApplicationShutdownHook] INFO  c.a.d.p.DruidDataSource - [close,2178] - {dataSource-1} closed
12:51:14.809 [restartedMain] INFO  c.x.e.MyApplication - [logStarting,55] - Starting MyApplication using Java 18.0.2.1 on DESKTOP-TNHFM8P with PID 5572 (E:\test_project\annotation\target\classes started by 73922 in E:\test_project\annotation)
12:51:14.815 [background-preinit] INFO  o.h.v.i.util.Version - [<clinit>,21] - HV000001: Hibernate Validator 6.2.5.Final
12:51:14.877 [restartedMain] INFO  c.x.e.MyApplication - [logStartupProfileInfo,638] - The following 1 profile is active: "dev"
12:51:39.977 [restartedMain] INFO  o.d.c.GlobalSettings - [loadGlobalSettings,113] - Trying to find Dozer configuration file: dozer.properties
12:51:40.013 [restartedMain] INFO  o.d.DozerInitializer - [init,75] - Initializing Dozer. Version: 5.5.0, Thread Name: restartedMain
12:51:40.019 [restartedMain] INFO  o.d.j.JMXPlatformImpl - [register,66] - Dozer JMX MBean [org.dozer.jmx:type=DozerStatisticsController] auto registered with the Platform MBean Server
12:51:40.020 [restartedMain] INFO  o.d.j.JMXPlatformImpl - [register,66] - Dozer JMX MBean [org.dozer.jmx:type=DozerAdminController] auto registered with the Platform MBean Server
12:51:40.021 [restartedMain] INFO  o.d.DozerBeanMapper - [init,175] - Initializing a new instance of dozer bean mapper.
12:51:44.001 [restartedMain] INFO  io.undertow.servlet - [log,389] - Initializing Spring embedded WebApplicationContext
12:51:46.820 [restartedMain] INFO  c.x.e.c.u.i.IpRegionUtils - [init,29] - init ip region db path [E:\test_project\annotation\temp\ip2region.xdb]
12:51:47.104 [restartedMain] INFO  c.x.e.c.u.i.IpRegionUtils - [init,43] - bean [org.lionsoul.ip2region.xdb.Searcher@18bb053d]
12:51:47.115 [restartedMain] INFO  o.d.DozerBeanMapper - [init,175] - Initializing a new instance of dozer bean mapper.
12:51:48.010 [restartedMain] INFO  c.a.d.s.b.a.DruidDataSourceAutoConfigure - [dataSource,55] - Init DruidDataSource
12:51:48.905 [restartedMain] INFO  c.a.d.p.DruidDataSource - [init,985] - {dataSource-1} inited
12:52:10.076 [restartedMain] INFO  io.undertow - [start,120] - starting server: Undertow - 2.2.28.Final
12:52:10.108 [restartedMain] INFO  org.xnio - [<clinit>,95] - XNIO version 3.8.7.Final
12:52:10.117 [restartedMain] INFO  org.xnio.nio - [<clinit>,58] - XNIO NIO Implementation Version 3.8.7.Final
12:52:10.158 [restartedMain] INFO  org.jboss.threads - [<clinit>,52] - JBoss Threads version 3.1.0.Final
12:52:10.409 [restartedMain] INFO  c.x.e.MyApplication - [logStarted,61] - Started MyApplication in 58.0 seconds (JVM running for 72.581)
12:52:12.395 [SpringApplicationShutdownHook] INFO  io.undertow - [stop,259] - stopping server: Undertow - 2.2.28.Final
12:52:12.443 [SpringApplicationShutdownHook] INFO  c.a.d.p.DruidDataSource - [close,2105] - {dataSource-1} closing ...
12:52:12.456 [SpringApplicationShutdownHook] INFO  c.a.d.p.DruidDataSource - [close,2178] - {dataSource-1} closed
12:52:17.664 [restartedMain] INFO  c.x.e.MyApplication - [logStarting,55] - Starting MyApplication using Java 18.0.2.1 on DESKTOP-TNHFM8P with PID 18956 (E:\test_project\annotation\target\classes started by 73922 in E:\test_project\annotation)
12:52:17.668 [restartedMain] INFO  c.x.e.MyApplication - [logStartupProfileInfo,638] - The following 1 profile is active: "dev"
12:52:17.676 [background-preinit] INFO  o.h.v.i.util.Version - [<clinit>,21] - HV000001: Hibernate Validator 6.2.5.Final
12:52:19.145 [restartedMain] INFO  o.d.c.GlobalSettings - [loadGlobalSettings,113] - Trying to find Dozer configuration file: dozer.properties
12:52:19.155 [restartedMain] INFO  o.d.DozerInitializer - [init,75] - Initializing Dozer. Version: 5.5.0, Thread Name: restartedMain
12:52:19.157 [restartedMain] INFO  o.d.j.JMXPlatformImpl - [register,66] - Dozer JMX MBean [org.dozer.jmx:type=DozerStatisticsController] auto registered with the Platform MBean Server
12:52:19.158 [restartedMain] INFO  o.d.j.JMXPlatformImpl - [register,66] - Dozer JMX MBean [org.dozer.jmx:type=DozerAdminController] auto registered with the Platform MBean Server
12:52:19.160 [restartedMain] INFO  o.d.DozerBeanMapper - [init,175] - Initializing a new instance of dozer bean mapper.
12:52:19.901 [restartedMain] INFO  io.undertow.servlet - [log,389] - Initializing Spring embedded WebApplicationContext
12:52:20.383 [restartedMain] INFO  c.x.e.c.u.i.IpRegionUtils - [init,29] - init ip region db path [E:\test_project\annotation\temp\ip2region.xdb]
12:52:20.419 [restartedMain] INFO  c.x.e.c.u.i.IpRegionUtils - [init,43] - bean [org.lionsoul.ip2region.xdb.Searcher@6ecf3375]
12:52:20.427 [restartedMain] INFO  o.d.DozerBeanMapper - [init,175] - Initializing a new instance of dozer bean mapper.
12:52:20.539 [restartedMain] INFO  c.a.d.s.b.a.DruidDataSourceAutoConfigure - [dataSource,55] - Init DruidDataSource
12:52:20.683 [restartedMain] INFO  c.a.d.p.DruidDataSource - [init,985] - {dataSource-1} inited
12:52:26.027 [restartedMain] INFO  io.undertow - [start,120] - starting server: Undertow - 2.2.28.Final
12:52:26.037 [restartedMain] INFO  org.xnio - [<clinit>,95] - XNIO version 3.8.7.Final
12:52:26.046 [restartedMain] INFO  org.xnio.nio - [<clinit>,58] - XNIO NIO Implementation Version 3.8.7.Final
12:52:26.082 [restartedMain] INFO  org.jboss.threads - [<clinit>,52] - JBoss Threads version 3.1.0.Final
12:52:26.160 [restartedMain] INFO  c.x.e.MyApplication - [logStarted,61] - Started MyApplication in 9.061 seconds (JVM running for 10.461)
12:53:00.014 [schedule-pool-1] INFO  c.x.e.t.EveryMinuteEventTask - [updateExamStatus,33] - 更新考试项目,考试状态的状态...开始
12:53:00.075 [schedule-pool-1] INFO  c.x.e.t.EveryMinuteEventTask - [updateExamStatus,57] - 更新考试项目,考试状态的状态...结束
12:54:00.003 [schedule-pool-1] INFO  c.x.e.t.EveryMinuteEventTask - [updateExamStatus,33] - 更新考试项目,考试状态的状态...开始
12:54:00.046 [schedule-pool-1] INFO  c.x.e.t.EveryMinuteEventTask - [updateExamStatus,57] - 更新考试项目,考试状态的状态...结束
12:54:06.008 [XNIO-1 task-1] INFO  io.undertow.servlet - [log,389] - Initializing Spring DispatcherServlet 'dispatcherServlet'
12:55:00.006 [schedule-pool-1] INFO  c.x.e.t.EveryMinuteEventTask - [updateExamStatus,33] - 更新考试项目,考试状态的状态...开始
12:55:00.048 [schedule-pool-1] INFO  c.x.e.t.EveryMinuteEventTask - [updateExamStatus,57] - 更新考试项目,考试状态的状态...结束
12:56:00.010 [schedule-pool-1] INFO  c.x.e.t.EveryMinuteEventTask - [updateExamStatus,33] - 更新考试项目,考试状态的状态...开始
12:56:00.054 [schedule-pool-1] INFO  c.x.e.t.EveryMinuteEventTask - [updateExamStatus,57] - 更新考试项目,考试状态的状态...结束
12:57:00.007 [schedule-pool-1] INFO  c.x.e.t.EveryMinuteEventTask - [updateExamStatus,33] - 更新考试项目,考试状态的状态...开始
12:57:00.051 [schedule-pool-1] INFO  c.x.e.t.EveryMinuteEventTask - [updateExamStatus,57] - 更新考试项目,考试状态的状态...结束
12:58:00.008 [schedule-pool-1] INFO  c.x.e.t.EveryMinuteEventTask - [updateExamStatus,33] - 更新考试项目,考试状态的状态...开始
12:58:00.050 [schedule-pool-1] INFO  c.x.e.t.EveryMinuteEventTask - [updateExamStatus,57] - 更新考试项目,考试状态的状态...结束
12:58:40.094 [SpringApplicationShutdownHook] INFO  io.undertow - [stop,259] - stopping server: Undertow - 2.2.28.Final
12:58:40.099 [SpringApplicationShutdownHook] INFO  io.undertow.servlet - [log,389] - Destroying Spring FrameworkServlet 'dispatcherServlet'
12:58:40.122 [SpringApplicationShutdownHook] INFO  c.a.d.p.DruidDataSource - [close,2105] - {dataSource-1} closing ...
12:58:40.133 [SpringApplicationShutdownHook] INFO  c.a.d.p.DruidDataSource - [close,2178] - {dataSource-1} closed
12:58:44.509 [restartedMain] INFO  c.x.e.MyApplication - [logStarting,55] - Starting MyApplication using Java 18.0.2.1 on DESKTOP-TNHFM8P with PID 7880 (E:\test_project\annotation\target\classes started by 73922 in E:\test_project\annotation)
12:58:44.513 [restartedMain] INFO  c.x.e.MyApplication - [logStartupProfileInfo,638] - The following 1 profile is active: "dev"
12:58:44.518 [background-preinit] INFO  o.h.v.i.util.Version - [<clinit>,21] - HV000001: Hibernate Validator 6.2.5.Final
12:58:45.906 [restartedMain] INFO  o.d.c.GlobalSettings - [loadGlobalSettings,113] - Trying to find Dozer configuration file: dozer.properties
12:58:45.916 [restartedMain] INFO  o.d.DozerInitializer - [init,75] - Initializing Dozer. Version: 5.5.0, Thread Name: restartedMain
12:58:45.918 [restartedMain] INFO  o.d.j.JMXPlatformImpl - [register,66] - Dozer JMX MBean [org.dozer.jmx:type=DozerStatisticsController] auto registered with the Platform MBean Server
12:58:45.919 [restartedMain] INFO  o.d.j.JMXPlatformImpl - [register,66] - Dozer JMX MBean [org.dozer.jmx:type=DozerAdminController] auto registered with the Platform MBean Server
12:58:45.920 [restartedMain] INFO  o.d.DozerBeanMapper - [init,175] - Initializing a new instance of dozer bean mapper.
12:58:46.844 [restartedMain] INFO  io.undertow.servlet - [log,389] - Initializing Spring embedded WebApplicationContext
12:58:47.309 [restartedMain] INFO  c.x.e.c.u.i.IpRegionUtils - [init,29] - init ip region db path [E:\test_project\annotation\temp\ip2region.xdb]
12:58:47.347 [restartedMain] INFO  c.x.e.c.u.i.IpRegionUtils - [init,43] - bean [org.lionsoul.ip2region.xdb.Searcher@730d9d09]
12:58:47.356 [restartedMain] INFO  o.d.DozerBeanMapper - [init,175] - Initializing a new instance of dozer bean mapper.
12:58:47.500 [restartedMain] INFO  c.a.d.s.b.a.DruidDataSourceAutoConfigure - [dataSource,55] - Init DruidDataSource
12:58:47.625 [restartedMain] INFO  c.a.d.p.DruidDataSource - [init,985] - {dataSource-1} inited
12:58:53.161 [restartedMain] INFO  io.undertow - [start,120] - starting server: Undertow - 2.2.28.Final
12:58:53.168 [restartedMain] INFO  org.xnio - [<clinit>,95] - XNIO version 3.8.7.Final
12:58:53.175 [restartedMain] INFO  org.xnio.nio - [<clinit>,58] - XNIO NIO Implementation Version 3.8.7.Final
12:58:53.196 [restartedMain] INFO  org.jboss.threads - [<clinit>,52] - JBoss Threads version 3.1.0.Final
12:58:53.257 [restartedMain] INFO  c.x.e.MyApplication - [logStarted,61] - Started MyApplication in 9.294 seconds (JVM running for 10.549)
12:58:53.308 [XNIO-1 task-1] INFO  io.undertow.servlet - [log,389] - Initializing Spring DispatcherServlet 'dispatcherServlet'
12:59:00.006 [schedule-pool-1] INFO  c.x.e.t.EveryMinuteEventTask - [updateExamStatus,33] - 更新考试项目,考试状态的状态...开始
12:59:00.067 [schedule-pool-1] INFO  c.x.e.t.EveryMinuteEventTask - [updateExamStatus,57] - 更新考试项目,考试状态的状态...结束
12:59:17.488 [SpringApplicationShutdownHook] INFO  io.undertow - [stop,259] - stopping server: Undertow - 2.2.28.Final
12:59:17.492 [SpringApplicationShutdownHook] INFO  io.undertow.servlet - [log,389] - Destroying Spring FrameworkServlet 'dispatcherServlet'
12:59:17.501 [SpringApplicationShutdownHook] INFO  c.a.d.p.DruidDataSource - [close,2105] - {dataSource-1} closing ...
12:59:17.509 [SpringApplicationShutdownHook] INFO  c.a.d.p.DruidDataSource - [close,2178] - {dataSource-1} closed
