16:12:36.709 [restartedMain] INFO  c.x.e.MyApplication - [logStarting,55] - Starting MyApplication using Java 18.0.2.1 on DESKTOP-TNHFM8P with PID 168 (E:\test_project\annotation\target\classes started by 73922 in E:\test_project\annotation)
16:12:36.716 [restartedMain] INFO  c.x.e.MyApplication - [logStartupProfileInfo,638] - The following 1 profile is active: "dev"
16:12:36.766 [background-preinit] INFO  o.h.v.i.util.Version - [<clinit>,21] - HV000001: Hibernate Validator 6.2.5.Final
16:12:39.142 [restartedMain] INFO  o.d.c.GlobalSettings - [loadGlobalSettings,113] - Trying to find Dozer configuration file: dozer.properties
16:12:39.169 [restartedMain] INFO  o.d.DozerInitializer - [init,75] - Initializing Dozer. Version: 5.5.0, Thread Name: restartedMain
16:12:39.171 [restartedMain] INFO  o.d.j.JMXPlatformImpl - [register,66] - Dozer JMX MBean [org.dozer.jmx:type=DozerStatisticsController] auto registered with the Platform MBean Server
16:12:39.171 [restartedMain] INFO  o.d.j.JMXPlatformImpl - [register,66] - Dozer JMX MBean [org.dozer.jmx:type=DozerAdminController] auto registered with the Platform MBean Server
16:12:39.172 [restartedMain] INFO  o.d.DozerBeanMapper - [init,175] - Initializing a new instance of dozer bean mapper.
16:12:40.407 [restartedMain] INFO  io.undertow.servlet - [log,389] - Initializing Spring embedded WebApplicationContext
16:12:41.241 [restartedMain] INFO  c.x.e.c.u.i.IpRegionUtils - [init,29] - init ip region db path [E:\test_project\annotation\temp\ip2region.xdb]
16:12:41.369 [restartedMain] INFO  c.x.e.c.u.i.IpRegionUtils - [init,43] - bean [org.lionsoul.ip2region.xdb.Searcher@4b27f94d]
16:12:41.376 [restartedMain] INFO  o.d.DozerBeanMapper - [init,175] - Initializing a new instance of dozer bean mapper.
16:12:41.553 [restartedMain] INFO  c.a.d.s.b.a.DruidDataSourceAutoConfigure - [dataSource,55] - Init DruidDataSource
16:12:41.712 [restartedMain] INFO  c.a.d.p.DruidDataSource - [init,985] - {dataSource-1} inited
16:12:46.981 [restartedMain] INFO  io.undertow - [start,120] - starting server: Undertow - 2.2.28.Final
16:12:46.993 [restartedMain] INFO  org.xnio - [<clinit>,95] - XNIO version 3.8.7.Final
16:12:47.000 [restartedMain] INFO  org.xnio.nio - [<clinit>,58] - XNIO NIO Implementation Version 3.8.7.Final
16:12:47.031 [restartedMain] INFO  org.jboss.threads - [<clinit>,52] - JBoss Threads version 3.1.0.Final
16:12:47.099 [restartedMain] INFO  c.x.e.MyApplication - [logStarted,61] - Started MyApplication in 11.218 seconds (JVM running for 12.716)
16:13:00.015 [schedule-pool-1] INFO  c.x.e.t.EveryMinuteEventTask - [updateExamStatus,33] - 更新考试项目,考试状态的状态...开始
16:13:00.050 [schedule-pool-1] INFO  c.x.e.t.EveryMinuteEventTask - [updateExamStatus,57] - 更新考试项目,考试状态的状态...结束
16:14:00.004 [schedule-pool-1] INFO  c.x.e.t.EveryMinuteEventTask - [updateExamStatus,33] - 更新考试项目,考试状态的状态...开始
16:14:00.014 [schedule-pool-1] INFO  c.x.e.t.EveryMinuteEventTask - [updateExamStatus,57] - 更新考试项目,考试状态的状态...结束
16:15:00.015 [schedule-pool-1] INFO  c.x.e.t.EveryMinuteEventTask - [updateExamStatus,33] - 更新考试项目,考试状态的状态...开始
16:15:00.030 [schedule-pool-1] INFO  c.x.e.t.EveryMinuteEventTask - [updateExamStatus,57] - 更新考试项目,考试状态的状态...结束
16:16:00.015 [schedule-pool-1] INFO  c.x.e.t.EveryMinuteEventTask - [updateExamStatus,33] - 更新考试项目,考试状态的状态...开始
16:16:00.026 [schedule-pool-1] INFO  c.x.e.t.EveryMinuteEventTask - [updateExamStatus,57] - 更新考试项目,考试状态的状态...结束
16:17:00.007 [schedule-pool-1] INFO  c.x.e.t.EveryMinuteEventTask - [updateExamStatus,33] - 更新考试项目,考试状态的状态...开始
16:17:00.017 [schedule-pool-1] INFO  c.x.e.t.EveryMinuteEventTask - [updateExamStatus,57] - 更新考试项目,考试状态的状态...结束
16:18:00.011 [schedule-pool-1] INFO  c.x.e.t.EveryMinuteEventTask - [updateExamStatus,33] - 更新考试项目,考试状态的状态...开始
16:18:00.021 [schedule-pool-1] INFO  c.x.e.t.EveryMinuteEventTask - [updateExamStatus,57] - 更新考试项目,考试状态的状态...结束
16:18:54.667 [SpringApplicationShutdownHook] INFO  io.undertow - [stop,259] - stopping server: Undertow - 2.2.28.Final
16:18:54.682 [SpringApplicationShutdownHook] INFO  c.a.d.p.DruidDataSource - [close,2105] - {dataSource-1} closing ...
16:18:54.692 [SpringApplicationShutdownHook] INFO  c.a.d.p.DruidDataSource - [close,2178] - {dataSource-1} closed
16:18:58.803 [restartedMain] INFO  c.x.e.MyApplication - [logStarting,55] - Starting MyApplication using Java 18.0.2.1 on DESKTOP-TNHFM8P with PID 13120 (E:\test_project\annotation\target\classes started by 73922 in E:\test_project\annotation)
16:18:58.813 [restartedMain] INFO  c.x.e.MyApplication - [logStartupProfileInfo,638] - The following 1 profile is active: "dev"
16:18:58.819 [background-preinit] INFO  o.h.v.i.util.Version - [<clinit>,21] - HV000001: Hibernate Validator 6.2.5.Final
16:19:00.440 [restartedMain] INFO  o.d.c.GlobalSettings - [loadGlobalSettings,113] - Trying to find Dozer configuration file: dozer.properties
16:19:00.451 [restartedMain] INFO  o.d.DozerInitializer - [init,75] - Initializing Dozer. Version: 5.5.0, Thread Name: restartedMain
16:19:00.453 [restartedMain] INFO  o.d.j.JMXPlatformImpl - [register,66] - Dozer JMX MBean [org.dozer.jmx:type=DozerStatisticsController] auto registered with the Platform MBean Server
16:19:00.453 [restartedMain] INFO  o.d.j.JMXPlatformImpl - [register,66] - Dozer JMX MBean [org.dozer.jmx:type=DozerAdminController] auto registered with the Platform MBean Server
16:19:00.454 [restartedMain] INFO  o.d.DozerBeanMapper - [init,175] - Initializing a new instance of dozer bean mapper.
16:19:01.303 [restartedMain] INFO  io.undertow.servlet - [log,389] - Initializing Spring embedded WebApplicationContext
16:19:01.712 [restartedMain] INFO  c.x.e.c.u.i.IpRegionUtils - [init,29] - init ip region db path [E:\test_project\annotation\temp\ip2region.xdb]
16:19:01.745 [restartedMain] INFO  c.x.e.c.u.i.IpRegionUtils - [init,43] - bean [org.lionsoul.ip2region.xdb.Searcher@3e342bfa]
16:19:01.752 [restartedMain] INFO  o.d.DozerBeanMapper - [init,175] - Initializing a new instance of dozer bean mapper.
16:19:01.883 [restartedMain] INFO  c.a.d.s.b.a.DruidDataSourceAutoConfigure - [dataSource,55] - Init DruidDataSource
16:19:02.018 [restartedMain] INFO  c.a.d.p.DruidDataSource - [init,985] - {dataSource-1} inited
16:19:06.600 [restartedMain] INFO  io.undertow - [start,120] - starting server: Undertow - 2.2.28.Final
16:19:06.607 [restartedMain] INFO  org.xnio - [<clinit>,95] - XNIO version 3.8.7.Final
16:19:06.613 [restartedMain] INFO  org.xnio.nio - [<clinit>,58] - XNIO NIO Implementation Version 3.8.7.Final
16:19:06.634 [restartedMain] INFO  org.jboss.threads - [<clinit>,52] - JBoss Threads version 3.1.0.Final
16:19:06.681 [restartedMain] INFO  c.x.e.MyApplication - [logStarted,61] - Started MyApplication in 8.456 seconds (JVM running for 9.495)
16:20:00.012 [schedule-pool-1] INFO  c.x.e.t.EveryMinuteEventTask - [updateExamStatus,33] - 更新考试项目,考试状态的状态...开始
16:20:00.043 [schedule-pool-1] INFO  c.x.e.t.EveryMinuteEventTask - [updateExamStatus,57] - 更新考试项目,考试状态的状态...结束
16:21:00.010 [schedule-pool-1] INFO  c.x.e.t.EveryMinuteEventTask - [updateExamStatus,33] - 更新考试项目,考试状态的状态...开始
16:21:00.027 [schedule-pool-1] INFO  c.x.e.t.EveryMinuteEventTask - [updateExamStatus,57] - 更新考试项目,考试状态的状态...结束
16:22:00.006 [schedule-pool-1] INFO  c.x.e.t.EveryMinuteEventTask - [updateExamStatus,33] - 更新考试项目,考试状态的状态...开始
16:22:00.030 [schedule-pool-1] INFO  c.x.e.t.EveryMinuteEventTask - [updateExamStatus,57] - 更新考试项目,考试状态的状态...结束
16:23:00.007 [schedule-pool-1] INFO  c.x.e.t.EveryMinuteEventTask - [updateExamStatus,33] - 更新考试项目,考试状态的状态...开始
16:23:00.081 [schedule-pool-1] INFO  c.x.e.t.EveryMinuteEventTask - [updateExamStatus,57] - 更新考试项目,考试状态的状态...结束
16:24:00.001 [schedule-pool-1] INFO  c.x.e.t.EveryMinuteEventTask - [updateExamStatus,33] - 更新考试项目,考试状态的状态...开始
16:24:00.013 [schedule-pool-1] INFO  c.x.e.t.EveryMinuteEventTask - [updateExamStatus,57] - 更新考试项目,考试状态的状态...结束
16:25:00.001 [schedule-pool-1] INFO  c.x.e.t.EveryMinuteEventTask - [updateExamStatus,33] - 更新考试项目,考试状态的状态...开始
16:25:00.019 [schedule-pool-1] INFO  c.x.e.t.EveryMinuteEventTask - [updateExamStatus,57] - 更新考试项目,考试状态的状态...结束
16:26:00.001 [schedule-pool-1] INFO  c.x.e.t.EveryMinuteEventTask - [updateExamStatus,33] - 更新考试项目,考试状态的状态...开始
16:26:00.017 [schedule-pool-1] INFO  c.x.e.t.EveryMinuteEventTask - [updateExamStatus,57] - 更新考试项目,考试状态的状态...结束
16:27:00.003 [schedule-pool-1] INFO  c.x.e.t.EveryMinuteEventTask - [updateExamStatus,33] - 更新考试项目,考试状态的状态...开始
16:27:00.017 [schedule-pool-1] INFO  c.x.e.t.EveryMinuteEventTask - [updateExamStatus,57] - 更新考试项目,考试状态的状态...结束
16:28:00.000 [schedule-pool-1] INFO  c.x.e.t.EveryMinuteEventTask - [updateExamStatus,33] - 更新考试项目,考试状态的状态...开始
16:28:00.011 [schedule-pool-1] INFO  c.x.e.t.EveryMinuteEventTask - [updateExamStatus,57] - 更新考试项目,考试状态的状态...结束
16:29:00.002 [schedule-pool-1] INFO  c.x.e.t.EveryMinuteEventTask - [updateExamStatus,33] - 更新考试项目,考试状态的状态...开始
16:29:00.011 [schedule-pool-1] INFO  c.x.e.t.EveryMinuteEventTask - [updateExamStatus,57] - 更新考试项目,考试状态的状态...结束
16:30:00.001 [schedule-pool-1] INFO  c.x.e.t.EveryMinuteEventTask - [updateExamStatus,33] - 更新考试项目,考试状态的状态...开始
16:30:00.012 [schedule-pool-1] INFO  c.x.e.t.EveryMinuteEventTask - [updateExamStatus,57] - 更新考试项目,考试状态的状态...结束
16:31:00.004 [schedule-pool-1] INFO  c.x.e.t.EveryMinuteEventTask - [updateExamStatus,33] - 更新考试项目,考试状态的状态...开始
16:31:00.019 [schedule-pool-1] INFO  c.x.e.t.EveryMinuteEventTask - [updateExamStatus,57] - 更新考试项目,考试状态的状态...结束
16:32:00.001 [schedule-pool-1] INFO  c.x.e.t.EveryMinuteEventTask - [updateExamStatus,33] - 更新考试项目,考试状态的状态...开始
16:32:00.016 [schedule-pool-1] INFO  c.x.e.t.EveryMinuteEventTask - [updateExamStatus,57] - 更新考试项目,考试状态的状态...结束
16:33:00.001 [schedule-pool-1] INFO  c.x.e.t.EveryMinuteEventTask - [updateExamStatus,33] - 更新考试项目,考试状态的状态...开始
16:33:00.011 [schedule-pool-1] INFO  c.x.e.t.EveryMinuteEventTask - [updateExamStatus,57] - 更新考试项目,考试状态的状态...结束
16:34:00.001 [schedule-pool-1] INFO  c.x.e.t.EveryMinuteEventTask - [updateExamStatus,33] - 更新考试项目,考试状态的状态...开始
16:34:00.019 [schedule-pool-1] INFO  c.x.e.t.EveryMinuteEventTask - [updateExamStatus,57] - 更新考试项目,考试状态的状态...结束
16:35:00.001 [schedule-pool-1] INFO  c.x.e.t.EveryMinuteEventTask - [updateExamStatus,33] - 更新考试项目,考试状态的状态...开始
16:35:00.014 [schedule-pool-1] INFO  c.x.e.t.EveryMinuteEventTask - [updateExamStatus,57] - 更新考试项目,考试状态的状态...结束
16:36:00.001 [schedule-pool-1] INFO  c.x.e.t.EveryMinuteEventTask - [updateExamStatus,33] - 更新考试项目,考试状态的状态...开始
16:36:00.015 [schedule-pool-1] INFO  c.x.e.t.EveryMinuteEventTask - [updateExamStatus,57] - 更新考试项目,考试状态的状态...结束
16:37:00.000 [schedule-pool-1] INFO  c.x.e.t.EveryMinuteEventTask - [updateExamStatus,33] - 更新考试项目,考试状态的状态...开始
16:37:00.011 [schedule-pool-1] INFO  c.x.e.t.EveryMinuteEventTask - [updateExamStatus,57] - 更新考试项目,考试状态的状态...结束
16:38:00.002 [schedule-pool-1] INFO  c.x.e.t.EveryMinuteEventTask - [updateExamStatus,33] - 更新考试项目,考试状态的状态...开始
16:38:00.018 [schedule-pool-1] INFO  c.x.e.t.EveryMinuteEventTask - [updateExamStatus,57] - 更新考试项目,考试状态的状态...结束
16:39:00.001 [schedule-pool-1] INFO  c.x.e.t.EveryMinuteEventTask - [updateExamStatus,33] - 更新考试项目,考试状态的状态...开始
16:39:00.013 [schedule-pool-1] INFO  c.x.e.t.EveryMinuteEventTask - [updateExamStatus,57] - 更新考试项目,考试状态的状态...结束
16:40:00.001 [schedule-pool-1] INFO  c.x.e.t.EveryMinuteEventTask - [updateExamStatus,33] - 更新考试项目,考试状态的状态...开始
16:40:00.011 [schedule-pool-1] INFO  c.x.e.t.EveryMinuteEventTask - [updateExamStatus,57] - 更新考试项目,考试状态的状态...结束
16:41:00.002 [schedule-pool-1] INFO  c.x.e.t.EveryMinuteEventTask - [updateExamStatus,33] - 更新考试项目,考试状态的状态...开始
16:41:00.015 [schedule-pool-1] INFO  c.x.e.t.EveryMinuteEventTask - [updateExamStatus,57] - 更新考试项目,考试状态的状态...结束
16:42:00.002 [schedule-pool-1] INFO  c.x.e.t.EveryMinuteEventTask - [updateExamStatus,33] - 更新考试项目,考试状态的状态...开始
16:42:00.015 [schedule-pool-1] INFO  c.x.e.t.EveryMinuteEventTask - [updateExamStatus,57] - 更新考试项目,考试状态的状态...结束
16:42:45.177 [SpringApplicationShutdownHook] INFO  io.undertow - [stop,259] - stopping server: Undertow - 2.2.28.Final
16:42:45.212 [SpringApplicationShutdownHook] INFO  c.a.d.p.DruidDataSource - [close,2105] - {dataSource-1} closing ...
16:42:45.246 [SpringApplicationShutdownHook] INFO  c.a.d.p.DruidDataSource - [close,2178] - {dataSource-1} closed
16:42:54.679 [restartedMain] INFO  c.x.e.MyApplication - [logStarting,55] - Starting MyApplication using Java 18.0.2.1 on DESKTOP-TNHFM8P with PID 19260 (E:\test_project\annotation\target\classes started by 73922 in E:\test_project\annotation)
16:42:54.685 [restartedMain] INFO  c.x.e.MyApplication - [logStartupProfileInfo,638] - The following 1 profile is active: "dev"
16:42:54.693 [background-preinit] INFO  o.h.v.i.util.Version - [<clinit>,21] - HV000001: Hibernate Validator 6.2.5.Final
16:43:02.939 [restartedMain] INFO  o.d.c.GlobalSettings - [loadGlobalSettings,113] - Trying to find Dozer configuration file: dozer.properties
16:43:02.957 [restartedMain] INFO  o.d.DozerInitializer - [init,75] - Initializing Dozer. Version: 5.5.0, Thread Name: restartedMain
16:43:02.962 [restartedMain] INFO  o.d.j.JMXPlatformImpl - [register,66] - Dozer JMX MBean [org.dozer.jmx:type=DozerStatisticsController] auto registered with the Platform MBean Server
16:43:02.963 [restartedMain] INFO  o.d.j.JMXPlatformImpl - [register,66] - Dozer JMX MBean [org.dozer.jmx:type=DozerAdminController] auto registered with the Platform MBean Server
16:43:02.964 [restartedMain] INFO  o.d.DozerBeanMapper - [init,175] - Initializing a new instance of dozer bean mapper.
16:43:04.271 [restartedMain] INFO  io.undertow.servlet - [log,389] - Initializing Spring embedded WebApplicationContext
16:43:04.878 [restartedMain] INFO  c.x.e.c.u.i.IpRegionUtils - [init,29] - init ip region db path [E:\test_project\annotation\temp\ip2region.xdb]
16:43:05.276 [restartedMain] INFO  c.x.e.c.u.i.IpRegionUtils - [init,43] - bean [org.lionsoul.ip2region.xdb.Searcher@18ec4cf8]
16:43:05.286 [restartedMain] INFO  o.d.DozerBeanMapper - [init,175] - Initializing a new instance of dozer bean mapper.
16:43:05.481 [restartedMain] INFO  c.a.d.s.b.a.DruidDataSourceAutoConfigure - [dataSource,55] - Init DruidDataSource
16:43:05.779 [restartedMain] INFO  c.a.d.p.DruidDataSource - [init,985] - {dataSource-1} inited
16:43:13.966 [restartedMain] INFO  io.undertow - [start,120] - starting server: Undertow - 2.2.28.Final
16:43:13.978 [restartedMain] INFO  org.xnio - [<clinit>,95] - XNIO version 3.8.7.Final
16:43:13.991 [restartedMain] INFO  org.xnio.nio - [<clinit>,58] - XNIO NIO Implementation Version 3.8.7.Final
16:43:14.025 [restartedMain] INFO  org.jboss.threads - [<clinit>,52] - JBoss Threads version 3.1.0.Final
16:43:14.104 [restartedMain] INFO  c.x.e.MyApplication - [logStarted,61] - Started MyApplication in 20.41 seconds (JVM running for 23.287)
16:44:00.009 [schedule-pool-1] INFO  c.x.e.t.EveryMinuteEventTask - [updateExamStatus,33] - 更新考试项目,考试状态的状态...开始
16:44:00.098 [schedule-pool-1] INFO  c.x.e.t.EveryMinuteEventTask - [updateExamStatus,57] - 更新考试项目,考试状态的状态...结束
16:45:00.002 [schedule-pool-1] INFO  c.x.e.t.EveryMinuteEventTask - [updateExamStatus,33] - 更新考试项目,考试状态的状态...开始
16:45:00.025 [schedule-pool-1] INFO  c.x.e.t.EveryMinuteEventTask - [updateExamStatus,57] - 更新考试项目,考试状态的状态...结束
16:46:00.002 [schedule-pool-1] INFO  c.x.e.t.EveryMinuteEventTask - [updateExamStatus,33] - 更新考试项目,考试状态的状态...开始
16:46:00.030 [schedule-pool-1] INFO  c.x.e.t.EveryMinuteEventTask - [updateExamStatus,57] - 更新考试项目,考试状态的状态...结束
16:47:00.002 [schedule-pool-1] INFO  c.x.e.t.EveryMinuteEventTask - [updateExamStatus,33] - 更新考试项目,考试状态的状态...开始
16:47:00.022 [schedule-pool-1] INFO  c.x.e.t.EveryMinuteEventTask - [updateExamStatus,57] - 更新考试项目,考试状态的状态...结束
16:48:00.000 [schedule-pool-1] INFO  c.x.e.t.EveryMinuteEventTask - [updateExamStatus,33] - 更新考试项目,考试状态的状态...开始
16:48:00.015 [schedule-pool-1] INFO  c.x.e.t.EveryMinuteEventTask - [updateExamStatus,57] - 更新考试项目,考试状态的状态...结束
16:49:00.002 [schedule-pool-1] INFO  c.x.e.t.EveryMinuteEventTask - [updateExamStatus,33] - 更新考试项目,考试状态的状态...开始
16:49:00.021 [schedule-pool-1] INFO  c.x.e.t.EveryMinuteEventTask - [updateExamStatus,57] - 更新考试项目,考试状态的状态...结束
16:50:00.007 [schedule-pool-1] INFO  c.x.e.t.EveryMinuteEventTask - [updateExamStatus,33] - 更新考试项目,考试状态的状态...开始
16:50:00.020 [schedule-pool-1] INFO  c.x.e.t.EveryMinuteEventTask - [updateExamStatus,57] - 更新考试项目,考试状态的状态...结束
16:51:00.001 [schedule-pool-1] INFO  c.x.e.t.EveryMinuteEventTask - [updateExamStatus,33] - 更新考试项目,考试状态的状态...开始
16:51:00.014 [schedule-pool-1] INFO  c.x.e.t.EveryMinuteEventTask - [updateExamStatus,57] - 更新考试项目,考试状态的状态...结束
16:51:25.216 [XNIO-1 task-1] INFO  io.undertow.servlet - [log,389] - Initializing Spring DispatcherServlet 'dispatcherServlet'
16:52:00.001 [schedule-pool-1] INFO  c.x.e.t.EveryMinuteEventTask - [updateExamStatus,33] - 更新考试项目,考试状态的状态...开始
16:52:00.015 [schedule-pool-1] INFO  c.x.e.t.EveryMinuteEventTask - [updateExamStatus,57] - 更新考试项目,考试状态的状态...结束
16:53:00.002 [schedule-pool-1] INFO  c.x.e.t.EveryMinuteEventTask - [updateExamStatus,33] - 更新考试项目,考试状态的状态...开始
16:53:00.031 [schedule-pool-1] INFO  c.x.e.t.EveryMinuteEventTask - [updateExamStatus,57] - 更新考试项目,考试状态的状态...结束
16:53:38.642 [SpringApplicationShutdownHook] INFO  io.undertow - [stop,259] - stopping server: Undertow - 2.2.28.Final
16:53:38.648 [SpringApplicationShutdownHook] INFO  io.undertow.servlet - [log,389] - Destroying Spring FrameworkServlet 'dispatcherServlet'
16:53:38.686 [SpringApplicationShutdownHook] INFO  c.a.d.p.DruidDataSource - [close,2105] - {dataSource-1} closing ...
16:53:38.714 [SpringApplicationShutdownHook] INFO  c.a.d.p.DruidDataSource - [close,2178] - {dataSource-1} closed
16:54:13.244 [restartedMain] INFO  c.x.e.MyApplication - [logStarting,55] - Starting MyApplication using Java 18.0.2.1 on DESKTOP-TNHFM8P with PID 21232 (E:\test_project\annotation\target\classes started by 73922 in E:\test_project\annotation)
16:54:13.251 [restartedMain] INFO  c.x.e.MyApplication - [logStartupProfileInfo,638] - The following 1 profile is active: "dev"
16:54:13.401 [background-preinit] INFO  o.h.v.i.util.Version - [<clinit>,21] - HV000001: Hibernate Validator 6.2.5.Final
16:54:27.208 [restartedMain] INFO  o.d.c.GlobalSettings - [loadGlobalSettings,113] - Trying to find Dozer configuration file: dozer.properties
16:54:27.223 [restartedMain] INFO  o.d.DozerInitializer - [init,75] - Initializing Dozer. Version: 5.5.0, Thread Name: restartedMain
16:54:27.229 [restartedMain] INFO  o.d.j.JMXPlatformImpl - [register,66] - Dozer JMX MBean [org.dozer.jmx:type=DozerStatisticsController] auto registered with the Platform MBean Server
16:54:27.230 [restartedMain] INFO  o.d.j.JMXPlatformImpl - [register,66] - Dozer JMX MBean [org.dozer.jmx:type=DozerAdminController] auto registered with the Platform MBean Server
16:54:27.232 [restartedMain] INFO  o.d.DozerBeanMapper - [init,175] - Initializing a new instance of dozer bean mapper.
16:54:28.642 [restartedMain] INFO  io.undertow.servlet - [log,389] - Initializing Spring embedded WebApplicationContext
16:54:29.384 [restartedMain] INFO  c.x.e.c.u.i.IpRegionUtils - [init,29] - init ip region db path [E:\test_project\annotation\temp\ip2region.xdb]
16:54:29.581 [restartedMain] INFO  c.x.e.c.u.i.IpRegionUtils - [init,43] - bean [org.lionsoul.ip2region.xdb.Searcher@18ec4cf8]
16:54:29.595 [restartedMain] INFO  o.d.DozerBeanMapper - [init,175] - Initializing a new instance of dozer bean mapper.
16:54:29.818 [restartedMain] INFO  c.a.d.s.b.a.DruidDataSourceAutoConfigure - [dataSource,55] - Init DruidDataSource
16:54:30.013 [restartedMain] INFO  c.a.d.p.DruidDataSource - [init,985] - {dataSource-1} inited
16:54:39.684 [restartedMain] INFO  io.undertow - [start,120] - starting server: Undertow - 2.2.28.Final
16:54:39.699 [restartedMain] INFO  org.xnio - [<clinit>,95] - XNIO version 3.8.7.Final
16:54:39.710 [restartedMain] INFO  org.xnio.nio - [<clinit>,58] - XNIO NIO Implementation Version 3.8.7.Final
16:54:39.745 [restartedMain] INFO  org.jboss.threads - [<clinit>,52] - JBoss Threads version 3.1.0.Final
16:54:39.863 [restartedMain] INFO  c.x.e.MyApplication - [logStarted,61] - Started MyApplication in 27.732 seconds (JVM running for 30.667)
16:55:00.003 [schedule-pool-1] INFO  c.x.e.t.EveryMinuteEventTask - [updateExamStatus,33] - 更新考试项目,考试状态的状态...开始
16:55:00.053 [schedule-pool-1] INFO  c.x.e.t.EveryMinuteEventTask - [updateExamStatus,57] - 更新考试项目,考试状态的状态...结束
16:56:00.001 [schedule-pool-1] INFO  c.x.e.t.EveryMinuteEventTask - [updateExamStatus,33] - 更新考试项目,考试状态的状态...开始
16:56:00.013 [schedule-pool-1] INFO  c.x.e.t.EveryMinuteEventTask - [updateExamStatus,57] - 更新考试项目,考试状态的状态...结束
16:57:00.000 [schedule-pool-1] INFO  c.x.e.t.EveryMinuteEventTask - [updateExamStatus,33] - 更新考试项目,考试状态的状态...开始
16:57:00.011 [schedule-pool-1] INFO  c.x.e.t.EveryMinuteEventTask - [updateExamStatus,57] - 更新考试项目,考试状态的状态...结束
16:58:00.000 [schedule-pool-1] INFO  c.x.e.t.EveryMinuteEventTask - [updateExamStatus,33] - 更新考试项目,考试状态的状态...开始
16:58:00.014 [schedule-pool-1] INFO  c.x.e.t.EveryMinuteEventTask - [updateExamStatus,57] - 更新考试项目,考试状态的状态...结束
16:59:00.003 [schedule-pool-1] INFO  c.x.e.t.EveryMinuteEventTask - [updateExamStatus,33] - 更新考试项目,考试状态的状态...开始
16:59:00.013 [schedule-pool-1] INFO  c.x.e.t.EveryMinuteEventTask - [updateExamStatus,57] - 更新考试项目,考试状态的状态...结束
16:59:41.317 [XNIO-1 task-1] INFO  io.undertow.servlet - [log,389] - Initializing Spring DispatcherServlet 'dispatcherServlet'
17:00:00.002 [schedule-pool-1] INFO  c.x.e.t.EveryMinuteEventTask - [updateExamStatus,33] - 更新考试项目,考试状态的状态...开始
17:00:00.029 [schedule-pool-1] INFO  c.x.e.t.EveryMinuteEventTask - [updateExamStatus,57] - 更新考试项目,考试状态的状态...结束
17:01:00.002 [schedule-pool-1] INFO  c.x.e.t.EveryMinuteEventTask - [updateExamStatus,33] - 更新考试项目,考试状态的状态...开始
17:01:00.012 [schedule-pool-1] INFO  c.x.e.t.EveryMinuteEventTask - [updateExamStatus,57] - 更新考试项目,考试状态的状态...结束
17:02:00.002 [schedule-pool-1] INFO  c.x.e.t.EveryMinuteEventTask - [updateExamStatus,33] - 更新考试项目,考试状态的状态...开始
17:02:00.018 [schedule-pool-1] INFO  c.x.e.t.EveryMinuteEventTask - [updateExamStatus,57] - 更新考试项目,考试状态的状态...结束
17:03:00.017 [schedule-pool-1] INFO  c.x.e.t.EveryMinuteEventTask - [updateExamStatus,33] - 更新考试项目,考试状态的状态...开始
17:03:00.045 [schedule-pool-1] INFO  c.x.e.t.EveryMinuteEventTask - [updateExamStatus,57] - 更新考试项目,考试状态的状态...结束
17:03:12.067 [SpringApplicationShutdownHook] INFO  io.undertow - [stop,259] - stopping server: Undertow - 2.2.28.Final
17:03:12.072 [SpringApplicationShutdownHook] INFO  io.undertow.servlet - [log,389] - Destroying Spring FrameworkServlet 'dispatcherServlet'
17:03:12.084 [SpringApplicationShutdownHook] INFO  c.a.d.p.DruidDataSource - [close,2105] - {dataSource-1} closing ...
17:03:12.108 [SpringApplicationShutdownHook] INFO  c.a.d.p.DruidDataSource - [close,2178] - {dataSource-1} closed
17:03:24.315 [restartedMain] INFO  c.x.e.MyApplication - [logStarting,55] - Starting MyApplication using Java 18.0.2.1 on DESKTOP-TNHFM8P with PID 22008 (E:\test_project\annotation\target\classes started by 73922 in E:\test_project\annotation)
17:03:24.322 [restartedMain] INFO  c.x.e.MyApplication - [logStartupProfileInfo,638] - The following 1 profile is active: "dev"
17:03:24.333 [background-preinit] INFO  o.h.v.i.util.Version - [<clinit>,21] - HV000001: Hibernate Validator 6.2.5.Final
17:03:33.449 [restartedMain] INFO  o.d.c.GlobalSettings - [loadGlobalSettings,113] - Trying to find Dozer configuration file: dozer.properties
17:03:33.465 [restartedMain] INFO  o.d.DozerInitializer - [init,75] - Initializing Dozer. Version: 5.5.0, Thread Name: restartedMain
17:03:33.469 [restartedMain] INFO  o.d.j.JMXPlatformImpl - [register,66] - Dozer JMX MBean [org.dozer.jmx:type=DozerStatisticsController] auto registered with the Platform MBean Server
17:03:33.470 [restartedMain] INFO  o.d.j.JMXPlatformImpl - [register,66] - Dozer JMX MBean [org.dozer.jmx:type=DozerAdminController] auto registered with the Platform MBean Server
17:03:33.471 [restartedMain] INFO  o.d.DozerBeanMapper - [init,175] - Initializing a new instance of dozer bean mapper.
17:03:34.998 [restartedMain] INFO  io.undertow.servlet - [log,389] - Initializing Spring embedded WebApplicationContext
17:03:35.891 [restartedMain] INFO  c.x.e.c.u.i.IpRegionUtils - [init,29] - init ip region db path [E:\test_project\annotation\temp\ip2region.xdb]
17:03:36.107 [restartedMain] INFO  c.x.e.c.u.i.IpRegionUtils - [init,43] - bean [org.lionsoul.ip2region.xdb.Searcher@2baf7cbe]
17:03:36.116 [restartedMain] INFO  o.d.DozerBeanMapper - [init,175] - Initializing a new instance of dozer bean mapper.
17:03:36.370 [restartedMain] INFO  c.a.d.s.b.a.DruidDataSourceAutoConfigure - [dataSource,55] - Init DruidDataSource
17:03:36.584 [restartedMain] INFO  c.a.d.p.DruidDataSource - [init,985] - {dataSource-1} inited
17:03:46.191 [restartedMain] INFO  io.undertow - [start,120] - starting server: Undertow - 2.2.28.Final
17:03:46.206 [restartedMain] INFO  org.xnio - [<clinit>,95] - XNIO version 3.8.7.Final
17:03:46.218 [restartedMain] INFO  org.xnio.nio - [<clinit>,58] - XNIO NIO Implementation Version 3.8.7.Final
17:03:46.255 [restartedMain] INFO  org.jboss.threads - [<clinit>,52] - JBoss Threads version 3.1.0.Final
17:03:46.340 [restartedMain] INFO  c.x.e.MyApplication - [logStarted,61] - Started MyApplication in 23.167 seconds (JVM running for 28.13)
17:04:00.000 [schedule-pool-1] INFO  c.x.e.t.EveryMinuteEventTask - [updateExamStatus,33] - 更新考试项目,考试状态的状态...开始
17:04:00.042 [schedule-pool-1] INFO  c.x.e.t.EveryMinuteEventTask - [updateExamStatus,57] - 更新考试项目,考试状态的状态...结束
17:04:34.385 [XNIO-1 task-1] INFO  io.undertow.servlet - [log,389] - Initializing Spring DispatcherServlet 'dispatcherServlet'
17:05:02.630 [schedule-pool-1] INFO  c.x.e.t.EveryMinuteEventTask - [updateExamStatus,33] - 更新考试项目,考试状态的状态...开始
17:06:14.535 [schedule-pool-1] INFO  c.x.e.t.EveryMinuteEventTask - [updateExamStatus,57] - 更新考试项目,考试状态的状态...结束
17:06:15.222 [SpringApplicationShutdownHook] INFO  io.undertow - [stop,259] - stopping server: Undertow - 2.2.28.Final
17:06:15.231 [SpringApplicationShutdownHook] INFO  io.undertow.servlet - [log,389] - Destroying Spring FrameworkServlet 'dispatcherServlet'
17:06:15.248 [SpringApplicationShutdownHook] INFO  c.a.d.p.DruidDataSource - [close,2105] - {dataSource-1} closing ...
17:06:15.260 [SpringApplicationShutdownHook] INFO  c.a.d.p.DruidDataSource - [close,2178] - {dataSource-1} closed
17:06:31.278 [background-preinit] INFO  o.h.v.i.util.Version - [<clinit>,21] - HV000001: Hibernate Validator 6.2.5.Final
17:06:31.281 [restartedMain] INFO  c.x.e.MyApplication - [logStarting,55] - Starting MyApplication using Java 18.0.2.1 on DESKTOP-TNHFM8P with PID 24800 (E:\test_project\annotation\target\classes started by 73922 in E:\test_project\annotation)
17:06:31.284 [restartedMain] INFO  c.x.e.MyApplication - [logStartupProfileInfo,638] - The following 1 profile is active: "dev"
17:06:34.416 [restartedMain] INFO  o.d.c.GlobalSettings - [loadGlobalSettings,113] - Trying to find Dozer configuration file: dozer.properties
17:06:34.439 [restartedMain] INFO  o.d.DozerInitializer - [init,75] - Initializing Dozer. Version: 5.5.0, Thread Name: restartedMain
17:06:34.442 [restartedMain] INFO  o.d.j.JMXPlatformImpl - [register,66] - Dozer JMX MBean [org.dozer.jmx:type=DozerStatisticsController] auto registered with the Platform MBean Server
17:06:34.443 [restartedMain] INFO  o.d.j.JMXPlatformImpl - [register,66] - Dozer JMX MBean [org.dozer.jmx:type=DozerAdminController] auto registered with the Platform MBean Server
17:06:34.444 [restartedMain] INFO  o.d.DozerBeanMapper - [init,175] - Initializing a new instance of dozer bean mapper.
17:06:35.553 [restartedMain] INFO  io.undertow.servlet - [log,389] - Initializing Spring embedded WebApplicationContext
17:06:36.254 [restartedMain] INFO  c.x.e.c.u.i.IpRegionUtils - [init,29] - init ip region db path [E:\test_project\annotation\temp\ip2region.xdb]
17:06:36.303 [restartedMain] INFO  c.x.e.c.u.i.IpRegionUtils - [init,43] - bean [org.lionsoul.ip2region.xdb.Searcher@2eece629]
17:06:36.312 [restartedMain] INFO  o.d.DozerBeanMapper - [init,175] - Initializing a new instance of dozer bean mapper.
17:06:36.495 [restartedMain] INFO  c.a.d.s.b.a.DruidDataSourceAutoConfigure - [dataSource,55] - Init DruidDataSource
17:06:36.642 [restartedMain] INFO  c.a.d.p.DruidDataSource - [init,985] - {dataSource-1} inited
17:06:45.108 [restartedMain] INFO  io.undertow - [start,120] - starting server: Undertow - 2.2.28.Final
17:06:45.124 [restartedMain] INFO  org.xnio - [<clinit>,95] - XNIO version 3.8.7.Final
17:06:45.137 [restartedMain] INFO  org.xnio.nio - [<clinit>,58] - XNIO NIO Implementation Version 3.8.7.Final
17:06:45.172 [restartedMain] INFO  org.jboss.threads - [<clinit>,52] - JBoss Threads version 3.1.0.Final
17:06:45.245 [restartedMain] INFO  c.x.e.MyApplication - [logStarted,61] - Started MyApplication in 14.961 seconds (JVM running for 17.314)
17:07:00.001 [schedule-pool-1] INFO  c.x.e.t.EveryMinuteEventTask - [updateExamStatus,33] - 更新考试项目,考试状态的状态...开始
17:07:00.039 [schedule-pool-1] INFO  c.x.e.t.EveryMinuteEventTask - [updateExamStatus,57] - 更新考试项目,考试状态的状态...结束
17:08:00.002 [schedule-pool-1] INFO  c.x.e.t.EveryMinuteEventTask - [updateExamStatus,33] - 更新考试项目,考试状态的状态...开始
17:08:00.015 [schedule-pool-1] INFO  c.x.e.t.EveryMinuteEventTask - [updateExamStatus,57] - 更新考试项目,考试状态的状态...结束
17:09:00.002 [schedule-pool-1] INFO  c.x.e.t.EveryMinuteEventTask - [updateExamStatus,33] - 更新考试项目,考试状态的状态...开始
17:09:00.010 [schedule-pool-1] INFO  c.x.e.t.EveryMinuteEventTask - [updateExamStatus,57] - 更新考试项目,考试状态的状态...结束
17:10:00.002 [schedule-pool-1] INFO  c.x.e.t.EveryMinuteEventTask - [updateExamStatus,33] - 更新考试项目,考试状态的状态...开始
17:10:00.012 [schedule-pool-1] INFO  c.x.e.t.EveryMinuteEventTask - [updateExamStatus,57] - 更新考试项目,考试状态的状态...结束
17:11:00.002 [schedule-pool-1] INFO  c.x.e.t.EveryMinuteEventTask - [updateExamStatus,33] - 更新考试项目,考试状态的状态...开始
17:11:00.024 [schedule-pool-1] INFO  c.x.e.t.EveryMinuteEventTask - [updateExamStatus,57] - 更新考试项目,考试状态的状态...结束
17:11:05.806 [XNIO-1 task-1] INFO  io.undertow.servlet - [log,389] - Initializing Spring DispatcherServlet 'dispatcherServlet'
17:12:00.001 [schedule-pool-1] INFO  c.x.e.t.EveryMinuteEventTask - [updateExamStatus,33] - 更新考试项目,考试状态的状态...开始
17:12:00.013 [schedule-pool-1] INFO  c.x.e.t.EveryMinuteEventTask - [updateExamStatus,57] - 更新考试项目,考试状态的状态...结束
17:13:00.002 [schedule-pool-1] INFO  c.x.e.t.EveryMinuteEventTask - [updateExamStatus,33] - 更新考试项目,考试状态的状态...开始
17:13:00.013 [schedule-pool-1] INFO  c.x.e.t.EveryMinuteEventTask - [updateExamStatus,57] - 更新考试项目,考试状态的状态...结束
17:14:00.001 [schedule-pool-1] INFO  c.x.e.t.EveryMinuteEventTask - [updateExamStatus,33] - 更新考试项目,考试状态的状态...开始
17:14:00.013 [schedule-pool-1] INFO  c.x.e.t.EveryMinuteEventTask - [updateExamStatus,57] - 更新考试项目,考试状态的状态...结束
17:15:00.002 [schedule-pool-1] INFO  c.x.e.t.EveryMinuteEventTask - [updateExamStatus,33] - 更新考试项目,考试状态的状态...开始
17:15:00.010 [schedule-pool-1] INFO  c.x.e.t.EveryMinuteEventTask - [updateExamStatus,57] - 更新考试项目,考试状态的状态...结束
17:16:00.002 [schedule-pool-1] INFO  c.x.e.t.EveryMinuteEventTask - [updateExamStatus,33] - 更新考试项目,考试状态的状态...开始
17:16:00.023 [schedule-pool-1] INFO  c.x.e.t.EveryMinuteEventTask - [updateExamStatus,57] - 更新考试项目,考试状态的状态...结束
17:17:00.001 [schedule-pool-1] INFO  c.x.e.t.EveryMinuteEventTask - [updateExamStatus,33] - 更新考试项目,考试状态的状态...开始
17:17:00.013 [schedule-pool-1] INFO  c.x.e.t.EveryMinuteEventTask - [updateExamStatus,57] - 更新考试项目,考试状态的状态...结束
17:17:09.128 [Thread-5] INFO  io.undertow - [stop,259] - stopping server: Undertow - 2.2.28.Final
17:17:09.137 [Thread-5] INFO  io.undertow.servlet - [log,389] - Destroying Spring FrameworkServlet 'dispatcherServlet'
17:17:09.165 [Thread-5] INFO  c.a.d.p.DruidDataSource - [close,2105] - {dataSource-1} closing ...
17:17:09.177 [Thread-5] INFO  c.a.d.p.DruidDataSource - [close,2178] - {dataSource-1} closed
17:17:09.965 [restartedMain] INFO  c.x.e.MyApplication - [logStarting,55] - Starting MyApplication using Java 18.0.2.1 on DESKTOP-TNHFM8P with PID 24800 (E:\test_project\annotation\target\classes started by 73922 in E:\test_project\annotation)
17:17:09.966 [restartedMain] INFO  c.x.e.MyApplication - [logStartupProfileInfo,638] - The following 1 profile is active: "dev"
17:17:11.708 [restartedMain] INFO  o.d.DozerBeanMapper - [init,175] - Initializing a new instance of dozer bean mapper.
17:17:12.236 [restartedMain] INFO  io.undertow.servlet - [log,389] - Initializing Spring embedded WebApplicationContext
17:17:12.638 [restartedMain] INFO  c.x.e.c.u.i.IpRegionUtils - [init,29] - init ip region db path [E:\test_project\annotation\temp\ip2region.xdb]
17:17:12.739 [restartedMain] INFO  c.x.e.c.u.i.IpRegionUtils - [init,43] - bean [org.lionsoul.ip2region.xdb.Searcher@660ac6b9]
17:17:12.750 [restartedMain] INFO  o.d.DozerBeanMapper - [init,175] - Initializing a new instance of dozer bean mapper.
17:17:12.979 [restartedMain] INFO  c.a.d.s.b.a.DruidDataSourceAutoConfigure - [dataSource,55] - Init DruidDataSource
17:17:13.116 [restartedMain] INFO  c.a.d.p.DruidDataSource - [init,985] - {dataSource-2} inited
17:17:19.429 [restartedMain] INFO  io.undertow - [start,120] - starting server: Undertow - 2.2.28.Final
17:17:19.467 [restartedMain] INFO  c.x.e.MyApplication - [logStarted,61] - Started MyApplication in 9.781 seconds (JVM running for 651.535)
17:17:19.469 [SpringApplicationShutdownHook] INFO  io.undertow - [stop,259] - stopping server: Undertow - 2.2.28.Final
17:17:19.480 [SpringApplicationShutdownHook] INFO  c.a.d.p.DruidDataSource - [close,2105] - {dataSource-2} closing ...
17:17:19.482 [SpringApplicationShutdownHook] INFO  c.a.d.p.DruidDataSource - [close,2178] - {dataSource-2} closed
17:17:33.610 [background-preinit] INFO  o.h.v.i.util.Version - [<clinit>,21] - HV000001: Hibernate Validator 6.2.5.Final
17:17:33.623 [restartedMain] INFO  c.x.e.MyApplication - [logStarting,55] - Starting MyApplication using Java 18.0.2.1 on DESKTOP-TNHFM8P with PID 7936 (E:\test_project\annotation\target\classes started by 73922 in E:\test_project\annotation)
17:17:33.627 [restartedMain] INFO  c.x.e.MyApplication - [logStartupProfileInfo,638] - The following 1 profile is active: "dev"
17:17:36.639 [restartedMain] INFO  o.d.c.GlobalSettings - [loadGlobalSettings,113] - Trying to find Dozer configuration file: dozer.properties
17:17:36.653 [restartedMain] INFO  o.d.DozerInitializer - [init,75] - Initializing Dozer. Version: 5.5.0, Thread Name: restartedMain
17:17:36.657 [restartedMain] INFO  o.d.j.JMXPlatformImpl - [register,66] - Dozer JMX MBean [org.dozer.jmx:type=DozerStatisticsController] auto registered with the Platform MBean Server
17:17:36.658 [restartedMain] INFO  o.d.j.JMXPlatformImpl - [register,66] - Dozer JMX MBean [org.dozer.jmx:type=DozerAdminController] auto registered with the Platform MBean Server
17:17:36.660 [restartedMain] INFO  o.d.DozerBeanMapper - [init,175] - Initializing a new instance of dozer bean mapper.
17:17:37.736 [restartedMain] INFO  io.undertow.servlet - [log,389] - Initializing Spring embedded WebApplicationContext
17:17:38.460 [restartedMain] INFO  c.x.e.c.u.i.IpRegionUtils - [init,29] - init ip region db path [E:\test_project\annotation\temp\ip2region.xdb]
17:17:38.536 [restartedMain] INFO  c.x.e.c.u.i.IpRegionUtils - [init,43] - bean [org.lionsoul.ip2region.xdb.Searcher@1e759c91]
17:17:38.550 [restartedMain] INFO  o.d.DozerBeanMapper - [init,175] - Initializing a new instance of dozer bean mapper.
17:17:38.854 [restartedMain] INFO  c.a.d.s.b.a.DruidDataSourceAutoConfigure - [dataSource,55] - Init DruidDataSource
17:17:39.095 [restartedMain] INFO  c.a.d.p.DruidDataSource - [init,985] - {dataSource-1} inited
17:17:47.184 [restartedMain] INFO  io.undertow - [start,120] - starting server: Undertow - 2.2.28.Final
17:17:47.202 [restartedMain] INFO  org.xnio - [<clinit>,95] - XNIO version 3.8.7.Final
17:17:47.214 [restartedMain] INFO  org.xnio.nio - [<clinit>,58] - XNIO NIO Implementation Version 3.8.7.Final
17:17:47.251 [restartedMain] INFO  org.jboss.threads - [<clinit>,52] - JBoss Threads version 3.1.0.Final
17:17:47.342 [restartedMain] INFO  c.x.e.MyApplication - [logStarted,61] - Started MyApplication in 14.782 seconds (JVM running for 16.565)
17:18:00.001 [schedule-pool-1] INFO  c.x.e.t.EveryMinuteEventTask - [updateExamStatus,33] - 更新考试项目,考试状态的状态...开始
17:18:00.040 [schedule-pool-1] INFO  c.x.e.t.EveryMinuteEventTask - [updateExamStatus,57] - 更新考试项目,考试状态的状态...结束
17:18:37.992 [XNIO-1 task-1] INFO  io.undertow.servlet - [log,389] - Initializing Spring DispatcherServlet 'dispatcherServlet'
17:19:00.002 [schedule-pool-1] INFO  c.x.e.t.EveryMinuteEventTask - [updateExamStatus,33] - 更新考试项目,考试状态的状态...开始
17:19:00.020 [schedule-pool-1] INFO  c.x.e.t.EveryMinuteEventTask - [updateExamStatus,57] - 更新考试项目,考试状态的状态...结束
17:20:00.002 [schedule-pool-1] INFO  c.x.e.t.EveryMinuteEventTask - [updateExamStatus,33] - 更新考试项目,考试状态的状态...开始
17:20:00.011 [schedule-pool-1] INFO  c.x.e.t.EveryMinuteEventTask - [updateExamStatus,57] - 更新考试项目,考试状态的状态...结束
17:21:00.002 [schedule-pool-1] INFO  c.x.e.t.EveryMinuteEventTask - [updateExamStatus,33] - 更新考试项目,考试状态的状态...开始
17:21:00.016 [schedule-pool-1] INFO  c.x.e.t.EveryMinuteEventTask - [updateExamStatus,57] - 更新考试项目,考试状态的状态...结束
17:21:23.549 [Thread-5] INFO  io.undertow - [stop,259] - stopping server: Undertow - 2.2.28.Final
17:21:23.565 [Thread-5] INFO  io.undertow.servlet - [log,389] - Destroying Spring FrameworkServlet 'dispatcherServlet'
17:21:23.601 [Thread-5] INFO  c.a.d.p.DruidDataSource - [close,2105] - {dataSource-1} closing ...
17:21:23.618 [Thread-5] INFO  c.a.d.p.DruidDataSource - [close,2178] - {dataSource-1} closed
17:21:24.242 [restartedMain] INFO  c.x.e.MyApplication - [logStarting,55] - Starting MyApplication using Java 18.0.2.1 on DESKTOP-TNHFM8P with PID 7936 (E:\test_project\annotation\target\classes started by 73922 in E:\test_project\annotation)
17:21:24.243 [restartedMain] INFO  c.x.e.MyApplication - [logStartupProfileInfo,638] - The following 1 profile is active: "dev"
17:21:26.112 [restartedMain] INFO  o.d.DozerBeanMapper - [init,175] - Initializing a new instance of dozer bean mapper.
17:21:26.578 [restartedMain] INFO  io.undertow.servlet - [log,389] - Initializing Spring embedded WebApplicationContext
17:21:26.828 [restartedMain] INFO  c.x.e.c.u.i.IpRegionUtils - [init,29] - init ip region db path [E:\test_project\annotation\temp\ip2region.xdb]
17:21:26.908 [restartedMain] INFO  c.x.e.c.u.i.IpRegionUtils - [init,43] - bean [org.lionsoul.ip2region.xdb.Searcher@6777cfc2]
17:21:26.914 [restartedMain] INFO  o.d.DozerBeanMapper - [init,175] - Initializing a new instance of dozer bean mapper.
17:21:27.048 [restartedMain] INFO  c.a.d.s.b.a.DruidDataSourceAutoConfigure - [dataSource,55] - Init DruidDataSource
17:21:27.132 [restartedMain] INFO  c.a.d.p.DruidDataSource - [init,985] - {dataSource-2} inited
17:21:34.716 [restartedMain] INFO  io.undertow - [start,120] - starting server: Undertow - 2.2.28.Final
17:21:34.750 [restartedMain] INFO  c.x.e.MyApplication - [logStarted,61] - Started MyApplication in 10.667 seconds (JVM running for 243.973)
17:22:00.002 [schedule-pool-1] INFO  c.x.e.t.EveryMinuteEventTask - [updateExamStatus,33] - 更新考试项目,考试状态的状态...开始
17:22:00.021 [schedule-pool-1] INFO  c.x.e.t.EveryMinuteEventTask - [updateExamStatus,57] - 更新考试项目,考试状态的状态...结束
17:22:36.154 [Thread-7] INFO  io.undertow - [stop,259] - stopping server: Undertow - 2.2.28.Final
17:22:36.178 [Thread-7] INFO  c.a.d.p.DruidDataSource - [close,2105] - {dataSource-2} closing ...
17:22:36.180 [Thread-7] INFO  c.a.d.p.DruidDataSource - [close,2178] - {dataSource-2} closed
17:22:36.918 [restartedMain] INFO  c.x.e.MyApplication - [logStarting,55] - Starting MyApplication using Java 18.0.2.1 on DESKTOP-TNHFM8P with PID 7936 (E:\test_project\annotation\target\classes started by 73922 in E:\test_project\annotation)
17:22:36.919 [restartedMain] INFO  c.x.e.MyApplication - [logStartupProfileInfo,638] - The following 1 profile is active: "dev"
17:22:38.418 [restartedMain] INFO  o.d.DozerBeanMapper - [init,175] - Initializing a new instance of dozer bean mapper.
17:22:39.043 [restartedMain] INFO  io.undertow.servlet - [log,389] - Initializing Spring embedded WebApplicationContext
17:22:39.444 [restartedMain] INFO  c.x.e.c.u.i.IpRegionUtils - [init,29] - init ip region db path [E:\test_project\annotation\temp\ip2region.xdb]
17:22:39.508 [restartedMain] INFO  c.x.e.c.u.i.IpRegionUtils - [init,43] - bean [org.lionsoul.ip2region.xdb.Searcher@172a591b]
17:22:39.515 [restartedMain] INFO  o.d.DozerBeanMapper - [init,175] - Initializing a new instance of dozer bean mapper.
17:22:39.660 [restartedMain] INFO  c.a.d.s.b.a.DruidDataSourceAutoConfigure - [dataSource,55] - Init DruidDataSource
17:22:39.798 [restartedMain] INFO  c.a.d.p.DruidDataSource - [init,985] - {dataSource-3} inited
17:22:44.379 [restartedMain] INFO  io.undertow - [start,120] - starting server: Undertow - 2.2.28.Final
17:22:44.397 [restartedMain] INFO  c.x.e.MyApplication - [logStarted,61] - Started MyApplication in 7.617 seconds (JVM running for 313.621)
17:23:00.002 [schedule-pool-1] INFO  c.x.e.t.EveryMinuteEventTask - [updateExamStatus,33] - 更新考试项目,考试状态的状态...开始
17:23:00.021 [schedule-pool-1] INFO  c.x.e.t.EveryMinuteEventTask - [updateExamStatus,57] - 更新考试项目,考试状态的状态...结束
17:24:00.008 [schedule-pool-1] INFO  c.x.e.t.EveryMinuteEventTask - [updateExamStatus,33] - 更新考试项目,考试状态的状态...开始
17:24:00.033 [schedule-pool-1] INFO  c.x.e.t.EveryMinuteEventTask - [updateExamStatus,57] - 更新考试项目,考试状态的状态...结束
17:25:00.002 [schedule-pool-1] INFO  c.x.e.t.EveryMinuteEventTask - [updateExamStatus,33] - 更新考试项目,考试状态的状态...开始
17:25:00.012 [schedule-pool-1] INFO  c.x.e.t.EveryMinuteEventTask - [updateExamStatus,57] - 更新考试项目,考试状态的状态...结束
17:26:00.000 [schedule-pool-1] INFO  c.x.e.t.EveryMinuteEventTask - [updateExamStatus,33] - 更新考试项目,考试状态的状态...开始
17:26:00.014 [schedule-pool-1] INFO  c.x.e.t.EveryMinuteEventTask - [updateExamStatus,57] - 更新考试项目,考试状态的状态...结束
17:27:00.000 [schedule-pool-1] INFO  c.x.e.t.EveryMinuteEventTask - [updateExamStatus,33] - 更新考试项目,考试状态的状态...开始
17:27:00.015 [schedule-pool-1] INFO  c.x.e.t.EveryMinuteEventTask - [updateExamStatus,57] - 更新考试项目,考试状态的状态...结束
17:28:00.001 [schedule-pool-1] INFO  c.x.e.t.EveryMinuteEventTask - [updateExamStatus,33] - 更新考试项目,考试状态的状态...开始
17:28:00.010 [schedule-pool-1] INFO  c.x.e.t.EveryMinuteEventTask - [updateExamStatus,57] - 更新考试项目,考试状态的状态...结束
17:29:00.002 [schedule-pool-1] INFO  c.x.e.t.EveryMinuteEventTask - [updateExamStatus,33] - 更新考试项目,考试状态的状态...开始
17:29:00.010 [schedule-pool-1] INFO  c.x.e.t.EveryMinuteEventTask - [updateExamStatus,57] - 更新考试项目,考试状态的状态...结束
17:30:00.004 [schedule-pool-1] INFO  c.x.e.t.EveryMinuteEventTask - [updateExamStatus,33] - 更新考试项目,考试状态的状态...开始
17:30:00.017 [schedule-pool-1] INFO  c.x.e.t.EveryMinuteEventTask - [updateExamStatus,57] - 更新考试项目,考试状态的状态...结束
17:31:00.007 [schedule-pool-1] INFO  c.x.e.t.EveryMinuteEventTask - [updateExamStatus,33] - 更新考试项目,考试状态的状态...开始
17:31:00.017 [schedule-pool-1] INFO  c.x.e.t.EveryMinuteEventTask - [updateExamStatus,57] - 更新考试项目,考试状态的状态...结束
17:32:00.005 [schedule-pool-1] INFO  c.x.e.t.EveryMinuteEventTask - [updateExamStatus,33] - 更新考试项目,考试状态的状态...开始
17:32:00.014 [schedule-pool-1] INFO  c.x.e.t.EveryMinuteEventTask - [updateExamStatus,57] - 更新考试项目,考试状态的状态...结束
17:33:00.006 [schedule-pool-1] INFO  c.x.e.t.EveryMinuteEventTask - [updateExamStatus,33] - 更新考试项目,考试状态的状态...开始
17:33:00.019 [schedule-pool-1] INFO  c.x.e.t.EveryMinuteEventTask - [updateExamStatus,57] - 更新考试项目,考试状态的状态...结束
17:34:00.008 [schedule-pool-1] INFO  c.x.e.t.EveryMinuteEventTask - [updateExamStatus,33] - 更新考试项目,考试状态的状态...开始
17:34:00.021 [schedule-pool-1] INFO  c.x.e.t.EveryMinuteEventTask - [updateExamStatus,57] - 更新考试项目,考试状态的状态...结束
17:35:00.005 [schedule-pool-1] INFO  c.x.e.t.EveryMinuteEventTask - [updateExamStatus,33] - 更新考试项目,考试状态的状态...开始
17:35:00.015 [schedule-pool-1] INFO  c.x.e.t.EveryMinuteEventTask - [updateExamStatus,57] - 更新考试项目,考试状态的状态...结束
17:36:00.001 [schedule-pool-1] INFO  c.x.e.t.EveryMinuteEventTask - [updateExamStatus,33] - 更新考试项目,考试状态的状态...开始
17:36:00.008 [schedule-pool-1] INFO  c.x.e.t.EveryMinuteEventTask - [updateExamStatus,57] - 更新考试项目,考试状态的状态...结束
17:36:32.754 [SpringApplicationShutdownHook] INFO  io.undertow - [stop,259] - stopping server: Undertow - 2.2.28.Final
17:36:32.761 [SpringApplicationShutdownHook] INFO  c.a.d.p.DruidDataSource - [close,2105] - {dataSource-3} closing ...
17:36:32.762 [SpringApplicationShutdownHook] INFO  c.a.d.p.DruidDataSource - [close,2178] - {dataSource-3} closed
