00:08:17.351 [SpringApplicationShutdownHook] INFO  io.undertow - [stop,259] - stopping server: Undertow - 2.2.28.Final
00:08:17.443 [SpringApplicationShutdownHook] INFO  io.undertow.servlet - [log,389] - Destroying Spring FrameworkServlet 'dispatcherServlet'
00:08:17.548 [SpringApplicationShutdownHook] INFO  c.a.d.p.DruidDataSource - [close,2105] - {dataSource-1} closing ...
00:08:17.578 [SpringApplicationShutdownHook] INFO  c.a.d.p.DruidDataSource - [close,2178] - {dataSource-1} closed
00:08:49.098 [restartedMain] INFO  c.x.e.MyApplication - [logStarting,55] - Starting MyApplication using Java 18.0.2.1 on DESKTOP-TNHFM8P with PID 14172 (E:\test_project\annotation\target\classes started by 73922 in E:\test_project\annotation)
00:08:49.101 [restartedMain] INFO  c.x.e.MyApplication - [logStartupProfileInfo,638] - The following 1 profile is active: "dev"
00:08:49.110 [background-preinit] INFO  o.h.v.i.util.Version - [<clinit>,21] - HV000001: Hibernate Validator 6.2.5.Final
00:08:53.027 [restartedMain] INFO  o.d.c.GlobalSettings - [loadGlobalSettings,113] - Trying to find Dozer configuration file: dozer.properties
00:08:53.062 [restartedMain] INFO  o.d.DozerInitializer - [init,75] - Initializing Dozer. Version: 5.5.0, Thread Name: restartedMain
00:08:53.065 [restartedMain] INFO  o.d.j.JMXPlatformImpl - [register,66] - Dozer JMX MBean [org.dozer.jmx:type=DozerStatisticsController] auto registered with the Platform MBean Server
00:08:53.065 [restartedMain] INFO  o.d.j.JMXPlatformImpl - [register,66] - Dozer JMX MBean [org.dozer.jmx:type=DozerAdminController] auto registered with the Platform MBean Server
00:08:53.066 [restartedMain] INFO  o.d.DozerBeanMapper - [init,175] - Initializing a new instance of dozer bean mapper.
00:08:54.117 [restartedMain] INFO  io.undertow.servlet - [log,389] - Initializing Spring embedded WebApplicationContext
00:08:54.917 [restartedMain] INFO  c.x.e.c.u.i.IpRegionUtils - [init,29] - init ip region db path [E:\test_project\annotation\temp\ip2region.xdb]
00:08:55.295 [restartedMain] INFO  c.x.e.c.u.i.IpRegionUtils - [init,43] - bean [org.lionsoul.ip2region.xdb.Searcher@7b72cb5]
00:08:55.301 [restartedMain] INFO  o.d.DozerBeanMapper - [init,175] - Initializing a new instance of dozer bean mapper.
00:08:55.533 [restartedMain] INFO  c.a.d.s.b.a.DruidDataSourceAutoConfigure - [dataSource,55] - Init DruidDataSource
00:08:55.724 [restartedMain] INFO  c.a.d.p.DruidDataSource - [init,985] - {dataSource-1} inited
00:09:01.360 [restartedMain] INFO  io.undertow - [start,120] - starting server: Undertow - 2.2.28.Final
00:09:01.368 [restartedMain] INFO  org.xnio - [<clinit>,95] - XNIO version 3.8.7.Final
00:09:01.375 [restartedMain] INFO  org.xnio.nio - [<clinit>,58] - XNIO NIO Implementation Version 3.8.7.Final
00:09:01.397 [restartedMain] INFO  org.jboss.threads - [<clinit>,52] - JBoss Threads version 3.1.0.Final
00:09:01.442 [restartedMain] INFO  c.x.e.MyApplication - [logStarted,61] - Started MyApplication in 12.96 seconds (JVM running for 17.617)
00:10:07.911 [XNIO-1 task-1] INFO  io.undertow.servlet - [log,389] - Initializing Spring DispatcherServlet 'dispatcherServlet'
00:17:22.808 [Thread-5] INFO  io.undertow - [stop,259] - stopping server: Undertow - 2.2.28.Final
00:17:22.888 [Thread-5] INFO  io.undertow.servlet - [log,389] - Destroying Spring FrameworkServlet 'dispatcherServlet'
00:17:22.938 [Thread-5] INFO  c.a.d.p.DruidDataSource - [close,2105] - {dataSource-1} closing ...
00:17:23.076 [Thread-5] INFO  c.a.d.p.DruidDataSource - [close,2178] - {dataSource-1} closed
00:17:23.706 [restartedMain] INFO  c.x.e.MyApplication - [logStarting,55] - Starting MyApplication using Java 18.0.2.1 on DESKTOP-TNHFM8P with PID 14172 (E:\test_project\annotation\target\classes started by 73922 in E:\test_project\annotation)
00:17:23.706 [restartedMain] INFO  c.x.e.MyApplication - [logStartupProfileInfo,638] - The following 1 profile is active: "dev"
00:17:25.385 [restartedMain] INFO  io.undertow.servlet - [log,389] - Initializing Spring embedded WebApplicationContext
00:17:25.516 [restartedMain] INFO  c.a.d.s.b.a.DruidDataSourceAutoConfigure - [dataSource,55] - Init DruidDataSource
00:17:25.547 [restartedMain] INFO  c.a.d.p.DruidDataSource - [init,985] - {dataSource-2} inited
00:17:25.645 [restartedMain] INFO  c.a.d.p.DruidDataSource - [close,2105] - {dataSource-2} closing ...
00:17:25.645 [restartedMain] INFO  c.a.d.p.DruidDataSource - [close,2178] - {dataSource-2} closed
00:17:37.751 [restartedMain] INFO  c.x.e.MyApplication - [logStarting,55] - Starting MyApplication using Java 18.0.2.1 on DESKTOP-TNHFM8P with PID 14172 (E:\test_project\annotation\target\classes started by 73922 in E:\test_project\annotation)
00:17:37.752 [restartedMain] INFO  c.x.e.MyApplication - [logStartupProfileInfo,638] - The following 1 profile is active: "dev"
00:17:38.210 [restartedMain] INFO  o.d.DozerBeanMapper - [init,175] - Initializing a new instance of dozer bean mapper.
00:17:38.384 [restartedMain] INFO  io.undertow.servlet - [log,389] - Initializing Spring embedded WebApplicationContext
00:17:38.516 [restartedMain] INFO  c.x.e.c.u.i.IpRegionUtils - [init,29] - init ip region db path [E:\test_project\annotation\temp\ip2region.xdb]
00:17:40.010 [restartedMain] INFO  c.x.e.c.u.i.IpRegionUtils - [init,43] - bean [org.lionsoul.ip2region.xdb.Searcher@7ef37ecd]
00:17:40.017 [restartedMain] INFO  o.d.DozerBeanMapper - [init,175] - Initializing a new instance of dozer bean mapper.
00:17:40.064 [restartedMain] INFO  c.a.d.s.b.a.DruidDataSourceAutoConfigure - [dataSource,55] - Init DruidDataSource
00:17:40.072 [restartedMain] INFO  c.a.d.p.DruidDataSource - [init,985] - {dataSource-3} inited
00:17:43.078 [restartedMain] INFO  io.undertow - [start,120] - starting server: Undertow - 2.2.28.Final
00:17:43.089 [restartedMain] INFO  c.x.e.MyApplication - [logStarted,61] - Started MyApplication in 5.375 seconds (JVM running for 539.265)
15:14:09.439 [SpringApplicationShutdownHook] INFO  io.undertow - [stop,259] - stopping server: Undertow - 2.2.28.Final
15:14:09.567 [SpringApplicationShutdownHook] INFO  c.a.d.p.DruidDataSource - [close,2105] - {dataSource-3} closing ...
15:14:09.574 [SpringApplicationShutdownHook] INFO  c.a.d.p.DruidDataSource - [close,2178] - {dataSource-3} closed
